==53549== Callgrind, a call-graph generating cache profiler
==53549== Copyright (C) 2002-2017, and GNU GPL'd, by Josef Weidendorfer et al.
==53549== Using Valgrind-3.22.0 and LibVEX; rerun with -h for copyright info
==53549== Command: /tmp/benchuj3n5lo1/target/release/deps/dfs_iai-6ca19a207c52434a --iai-run solve_sudoku_group 0 0 dfs_iai::solve_sudoku_group::solve_sudoku
==53549== Parent PID: 53546
==53549== 
--53549-- warning: L3 cache found, using its data for the LL simulation.
==53549== For interactive control, run 'callgrind_control -h'.
==53549== 
==53549== Events    : Ir Dr Dw I1mr D1mr D1mw ILmr DLmr DLmw
==53549== Collected : 2116919003 228706942 119111850 140 2 50 140 0 44
==53549== 
==53549== I   refs:      2,116,919,003
==53549== I1  misses:              140
==53549== LLi misses:              140
==53549== I1  miss rate:          0.00%
==53549== LLi miss rate:          0.00%
==53549== 
==53549== D   refs:        347,818,792  (228,706,942 rd + 119,111,850 wr)
==53549== D1  misses:               52  (          2 rd +          50 wr)
==53549== LLd misses:               44  (          0 rd +          44 wr)
==53549== D1  miss rate:           0.0% (        0.0%   +         0.0%  )
==53549== LLd miss rate:           0.0% (        0.0%   +         0.0%  )
==53549== 
==53549== LL refs:                 192  (        142 rd +          50 wr)
==53549== LL misses:               184  (        140 rd +          44 wr)
==53549== LL miss rate:            0.0% (        0.0%   +         0.0%  )
