# callgrind format
version: 1
creator: callgrind-3.22.0
pid: 53549
cmd:  /tmp/benchuj3n5lo1/target/release/deps/dfs_iai-6ca19a207c52434a --iai-run solve_sudoku_group 0 0 dfs_iai::solve_sudoku_group::solve_sudoku
part: 1


desc: I1 cache: 32768 B, 64 B, 8-way associative
desc: D1 cache: 32768 B, 64 B, 8-way associative
desc: LL cache: 8388608 B, 64 B, 16-way associative

desc: Timerange: Basic block 0 - 176166920
desc: Trigger: Program termination

positions: line
events: Ir Dr Dw I1mr D1mr D1mw ILmr DLmr DLmw
summary: 2116919003 228706942 119111850 140 2 50 140 0 44


ob=/nix/store/ddwyrxif62r8n6xclvskjyy6szdhvj60-glibc-2.39-5/lib/libc.so.6
fl=???
fn=__libc_start_main@@GLIBC_2.34
cfn=(below main)
calls=1 0 
0 2116919003 228706942 119111850 140 2 50 140 0 44

fn=alloc_perturb
0 12 6

fn=_int_free
0 35969883 10947353 3909770 1 0 0 1
cfn=_int_free_merge_chunk
calls=1 0 
0 83 21 16 7 0 0 7
0 7037577 781953 3127812

fn=getrandom
0 8 2 0 1 0 0 1

fn=(below main)
cob=/tmp/benchuj3n5lo1/target/release/deps/dfs_iai-6ca19a207c52434a
cfi=???
cfn=main
calls=1 0 
0 2116919003 228706942 119111850 140 2 50 140 0 44

fn=_int_free_create_chunk
0 36 8 10 3 0 0 3

fn=_int_malloc
0 359 60 27 0 0 1
cfn=alloc_perturb
calls=20 0 
0 12 6
0 54 3 9 0 0 3 0 0 3

fn=free
0 15639060 3909765 2345859
cfn=_int_free
calls=781969 0 
0 43007488 11729312 7037589 8 0 0 8
0 3909765 2345859 781953

fn=malloc
0 32841932 8601480 4691714
cfn=_int_malloc
calls=15 0 
0 280 46 24 0 0 2 0 0 2
0 14 2

fn=_int_realloc
0 181 45 25 0 0 1
cfn=_int_malloc
calls=2 0 
0 145 23 12 0 0 2 0 0 1
0 17 2 1
cob=???
cfi=???
cfn=0x000000000488a6f0
calls=2 0 
0 24 7 4 0 0 1 0 0 1
0 4 0 1
cfn=_int_free
calls=2 0 
0 55 15 9
0 61 0 9 2 0 3 2 0 3

fn=realloc
0 1375 322 194 0 0 2
cfn=_int_realloc
calls=5 0 
0 487 92 61 2 0 7 2 0 5
0 48 8

fn=__memcpy_avx_unaligned_erms
0 22 6 4 0 0 1 0 0 1

fn=_int_free_merge_chunk
0 34 6 6 3 0 0 3
cfn=_int_free_create_chunk
calls=1 0 
0 36 8 10 3 0 0 3
0 13 7 0 1 0 0 1

ob=/tmp/benchuj3n5lo1/target/release/deps/dfs_iai-6ca19a207c52434a
fl=/tmp/benchuj3n5lo1/benches/dfs-iai.rs
fn=dfs_iai::solve_sudoku::first
cfn=iai_callgrind::bench::solve_sudoku
calls=1 9 
7 2116919003 228706942 119111850 140 2 50 140 0 44

fn=iai_callgrind::bench::solve_sudoku
9 2 0 0 1 0 0 1
fi=/tmp/benchuj3n5lo1/src/solver.rs
20 3 1 1
cfn=<libsolver::solver::IterativeDFS as libsolver::solver::Solver>::try_solve
calls=1 41 
20 2116918981 228706933 119111843 137 2 50 137 0 44
fi=/rustc/7cf61ebde7b22796c69757901dd346d0fe70bd97/library/core/src/result.rs
1028 2 1 0 1 0 0 1
1029 13 6 6 1 0 0 1
fe=/tmp/benchuj3n5lo1/benches/dfs-iai.rs
11 2 1

fl=/rustc/7cf61ebde7b22796c69757901dd346d0fe70bd97/library/alloc/src/vec/spec_from_iter.rs
fn=<alloc::vec::Vec<T> as alloc::vec::spec_from_iter::SpecFromIter<T,I>>::from_iter
32 99 27 54 1 0 0 1
fi=/rustc/7cf61ebde7b22796c69757901dd346d0fe70bd97/library/core/src/iter/traits/iterator.rs
2461 72 0 0 1 0 0 1
fi=/tmp/benchuj3n5lo1/src/solver.rs
309 18
fi=/rustc/7cf61ebde7b22796c69757901dd346d0fe70bd97/library/core/src/iter/traits/iterator.rs
2461 27
fi=/tmp/benchuj3n5lo1/src/solver.rs
314 9
fi=/rustc/7cf61ebde7b22796c69757901dd346d0fe70bd97/library/core/src/mem/manually_drop.rs
71 9
fi=/tmp/benchuj3n5lo1/src/solver.rs
315 18 0 9
425 18
fi=/rustc/7cf61ebde7b22796c69757901dd346d0fe70bd97/library/core/src/iter/traits/iterator.rs
2461 27 0 0 1 0 0 1
fi=/rustc/7cf61ebde7b22796c69757901dd346d0fe70bd97/library/core/src/convert/num.rs
53 9
fi=/tmp/benchuj3n5lo1/src/solver.rs
425 18
fi=/rustc/7cf61ebde7b22796c69757901dd346d0fe70bd97/library/core/src/iter/traits/iterator.rs
2462 36 9
0 9 0 9
fi=/rustc/7cf61ebde7b22796c69757901dd346d0fe70bd97/library/core/src/ptr/mod.rs
1583 27 9
fi=/rustc/7cf61ebde7b22796c69757901dd346d0fe70bd97/library/alloc/src/alloc.rs
98 27 9 9
cfi=???
cfn=__rust_alloc
calls=9 0 
98 423 108 54
fi=/rustc/7cf61ebde7b22796c69757901dd346d0fe70bd97/library/alloc/src/raw_vec.rs
202 18 0 0 1 0 0 1
fi=/rustc/7cf61ebde7b22796c69757901dd346d0fe70bd97/library/core/src/ptr/mod.rs
1415 9 0 9
fi=/rustc/7cf61ebde7b22796c69757901dd346d0fe70bd97/library/alloc/src/vec/spec_from_iter_nested.rs
38 18 0 18
fi=/rustc/7cf61ebde7b22796c69757901dd346d0fe70bd97/library/alloc/src/vec/mod.rs
2930 45
fi=/rustc/7cf61ebde7b22796c69757901dd346d0fe70bd97/library/core/src/iter/traits/iterator.rs
2461 27 0 9
fi=/rustc/7cf61ebde7b22796c69757901dd346d0fe70bd97/library/alloc/src/vec/spec_from_iter_nested.rs
0 9 0 9
fi=/rustc/7cf61ebde7b22796c69757901dd346d0fe70bd97/library/core/src/iter/traits/iterator.rs
2461 18
fi=/tmp/benchuj3n5lo1/src/solver.rs
309 18 0 0 1 0 0 1
fi=/rustc/7cf61ebde7b22796c69757901dd346d0fe70bd97/library/alloc/src/vec/spec_from_iter_nested.rs
0 72 0 72
fi=/rustc/7cf61ebde7b22796c69757901dd346d0fe70bd97/library/core/src/iter/traits/iterator.rs
2461 144
fi=/tmp/benchuj3n5lo1/src/solver.rs
309 144
0 216
314 72
fi=/rustc/7cf61ebde7b22796c69757901dd346d0fe70bd97/library/core/src/mem/manually_drop.rs
71 72
fi=/tmp/benchuj3n5lo1/src/solver.rs
425 144
0 216
315 72
fi=/rustc/7cf61ebde7b22796c69757901dd346d0fe70bd97/library/core/src/convert/num.rs
53 72
fi=/tmp/benchuj3n5lo1/src/solver.rs
425 144
fi=/rustc/7cf61ebde7b22796c69757901dd346d0fe70bd97/library/core/src/iter/traits/iterator.rs
2462 288 72 0 1 0 0 1
fi=/rustc/7cf61ebde7b22796c69757901dd346d0fe70bd97/library/alloc/src/vec/mod.rs
2932 144 72
fi=/rustc/7cf61ebde7b22796c69757901dd346d0fe70bd97/library/alloc/src/raw_vec.rs
309 45 0 9
cfn=alloc::raw_vec::RawVec<T,A>::reserve::do_reserve_and_handle
calls=9 300 
309 1134 270 234
239 18 9
fi=/rustc/7cf61ebde7b22796c69757901dd346d0fe70bd97/library/core/src/ptr/mod.rs
1415 9 0 9
fi=/rustc/7cf61ebde7b22796c69757901dd346d0fe70bd97/library/alloc/src/vec/mod.rs
2941 27 9
fi=/rustc/7cf61ebde7b22796c69757901dd346d0fe70bd97/library/core/src/ptr/mod.rs
1415 63 0 63
fi=/rustc/7cf61ebde7b22796c69757901dd346d0fe70bd97/library/alloc/src/vec/mod.rs
2941 189 63
fi=/rustc/7cf61ebde7b22796c69757901dd346d0fe70bd97/library/alloc/src/vec/spec_from_iter_nested.rs
44 45 27 18 1 0 0 1
fe=/rustc/7cf61ebde7b22796c69757901dd346d0fe70bd97/library/alloc/src/vec/spec_from_iter.rs
34 81 63
32 9 0 6 1 0 0 1
fi=/rustc/7cf61ebde7b22796c69757901dd346d0fe70bd97/library/core/src/iter/adapters/filter_map.rs
63 2
fi=/rustc/7cf61ebde7b22796c69757901dd346d0fe70bd97/library/core/src/iter/traits/iterator.rs
2964 1 0 1 1 0 1 1 0 1
cfi=/rustc/7cf61ebde7b22796c69757901dd346d0fe70bd97/library/core/src/iter/adapters/flatten.rs
cfn=<core::iter::adapters::map::Map<I,F> as core::iter::traits::iterator::Iterator>::try_fold
calls=1 510 
2964 42 6 6 6 0 0 6
fi=/rustc/7cf61ebde7b22796c69757901dd346d0fe70bd97/library/core/src/ops/control_flow.rs
181 2 1
0 1 0 1
183 2 1 1
fi=/rustc/7cf61ebde7b22796c69757901dd346d0fe70bd97/library/core/src/ptr/mod.rs
1583 2 1
fi=/rustc/7cf61ebde7b22796c69757901dd346d0fe70bd97/library/alloc/src/alloc.rs
98 3 1 1
cfi=???
cfn=__rust_alloc
calls=1 0 
98 50 12 6
fi=/rustc/7cf61ebde7b22796c69757901dd346d0fe70bd97/library/alloc/src/raw_vec.rs
202 2 0 0 1 0 0 1
0 2 1
fi=/rustc/7cf61ebde7b22796c69757901dd346d0fe70bd97/library/core/src/ptr/mod.rs
1415 1 0 1
fi=/rustc/7cf61ebde7b22796c69757901dd346d0fe70bd97/library/alloc/src/vec/spec_from_iter_nested.rs
38 3 0 3
43 14 4 4 1 0 0 1
0 63 63
fi=/rustc/7cf61ebde7b22796c69757901dd346d0fe70bd97/library/core/src/ptr/mod.rs
1415 63 0 63 0 0 11 0 0 11
fi=/rustc/7cf61ebde7b22796c69757901dd346d0fe70bd97/library/alloc/src/vec/mod.rs
2941 63
1424 63 0 63
2930 63
fi=/rustc/7cf61ebde7b22796c69757901dd346d0fe70bd97/library/core/src/iter/traits/iterator.rs
2964 252 0 63
cfi=/rustc/7cf61ebde7b22796c69757901dd346d0fe70bd97/library/core/src/iter/adapters/flatten.rs
cfn=<core::iter::adapters::map::Map<I,F> as core::iter::traits::iterator::Iterator>::try_fold
calls=63 510 
2964 2603 350 268 3 0 0 3
2964 4 0 1 1 0 0 1
cfi=/rustc/7cf61ebde7b22796c69757901dd346d0fe70bd97/library/core/src/iter/adapters/flatten.rs
cfn=<core::iter::adapters::map::Map<I,F> as core::iter::traits::iterator::Iterator>::try_fold
calls=1 510 
2964 39 5 4 1 0 0 1
fi=/rustc/7cf61ebde7b22796c69757901dd346d0fe70bd97/library/core/src/ops/control_flow.rs
181 128 64
183 126 63 63
fi=/rustc/7cf61ebde7b22796c69757901dd346d0fe70bd97/library/alloc/src/vec/mod.rs
2932 126 63
fi=/rustc/7cf61ebde7b22796c69757901dd346d0fe70bd97/library/alloc/src/raw_vec.rs
309 16 0 4 1 0 0 1
cfn=alloc::raw_vec::RawVec<T,A>::reserve::do_reserve_and_handle
calls=4 300 
309 1159 232 173 9 1 11 9 0 6
239 8 4
fi=/rustc/7cf61ebde7b22796c69757901dd346d0fe70bd97/library/alloc/src/vec/spec_from_iter_nested.rs
44 6 3 2
fe=/rustc/7cf61ebde7b22796c69757901dd346d0fe70bd97/library/alloc/src/vec/spec_from_iter.rs
34 9 7 0 1 0 0 1
32 108 18 54 1 0 0 1
fi=/tmp/benchuj3n5lo1/src/solver.rs
425 9
290 45 9 0 1 0 0 1
294 18 0 9
fi=/rustc/7cf61ebde7b22796c69757901dd346d0fe70bd97/library/core/src/iter/traits/iterator.rs
2462 36 9
fi=/rustc/7cf61ebde7b22796c69757901dd346d0fe70bd97/library/core/src/ptr/mod.rs
1583 27 9
fi=/rustc/7cf61ebde7b22796c69757901dd346d0fe70bd97/library/alloc/src/alloc.rs
98 27 9 9
cfi=???
cfn=__rust_alloc
calls=9 0 
98 423 108 54
fi=/rustc/7cf61ebde7b22796c69757901dd346d0fe70bd97/library/alloc/src/raw_vec.rs
202 18 0 0 1 0 0 1
fi=/rustc/7cf61ebde7b22796c69757901dd346d0fe70bd97/library/core/src/ptr/mod.rs
1415 9 0 9
fi=/rustc/7cf61ebde7b22796c69757901dd346d0fe70bd97/library/alloc/src/vec/spec_from_iter_nested.rs
38 27 0 18
0 9 0 9
fi=/tmp/benchuj3n5lo1/src/solver.rs
290 18
fi=/rustc/7cf61ebde7b22796c69757901dd346d0fe70bd97/library/alloc/src/vec/spec_from_iter_nested.rs
0 72 0 72
fi=/tmp/benchuj3n5lo1/src/solver.rs
290 144
fi=/rustc/7cf61ebde7b22796c69757901dd346d0fe70bd97/library/core/src/iter/traits/iterator.rs
2462 72 72
fi=/tmp/benchuj3n5lo1/src/solver.rs
294 72
fi=/rustc/7cf61ebde7b22796c69757901dd346d0fe70bd97/library/core/src/iter/traits/iterator.rs
2462 144
fi=/rustc/7cf61ebde7b22796c69757901dd346d0fe70bd97/library/alloc/src/vec/mod.rs
2932 144 72
fi=/rustc/7cf61ebde7b22796c69757901dd346d0fe70bd97/library/alloc/src/raw_vec.rs
309 36 0 9
cfn=alloc::raw_vec::RawVec<T,A>::reserve::do_reserve_and_handle
calls=9 300 
309 1134 270 234 3 0 0 3
239 9 9
fi=/rustc/7cf61ebde7b22796c69757901dd346d0fe70bd97/library/core/src/ptr/mod.rs
1415 9 0 9
fi=/rustc/7cf61ebde7b22796c69757901dd346d0fe70bd97/library/alloc/src/vec/mod.rs
2941 18
fi=/rustc/7cf61ebde7b22796c69757901dd346d0fe70bd97/library/core/src/ptr/mod.rs
1415 63 0 63 1 0 0 1
fi=/rustc/7cf61ebde7b22796c69757901dd346d0fe70bd97/library/alloc/src/vec/mod.rs
2941 126
fi=/rustc/7cf61ebde7b22796c69757901dd346d0fe70bd97/library/alloc/src/vec/spec_from_iter_nested.rs
44 45 18 18
fe=/rustc/7cf61ebde7b22796c69757901dd346d0fe70bd97/library/alloc/src/vec/spec_from_iter.rs
34 81 63 0 1 0 0 1
32 108 18 54 2 0 0 2
fi=/tmp/benchuj3n5lo1/src/solver.rs
425 9
0 9 9
266 54
270 18 0 9 1 0 0 1
fi=/rustc/7cf61ebde7b22796c69757901dd346d0fe70bd97/library/core/src/iter/traits/iterator.rs
2462 36 9
fi=/rustc/7cf61ebde7b22796c69757901dd346d0fe70bd97/library/core/src/ptr/mod.rs
1583 27 9
fi=/rustc/7cf61ebde7b22796c69757901dd346d0fe70bd97/library/alloc/src/alloc.rs
98 27 9 9
cfi=???
cfn=__rust_alloc
calls=9 0 
98 423 108 54
fi=/rustc/7cf61ebde7b22796c69757901dd346d0fe70bd97/library/alloc/src/raw_vec.rs
202 18
fi=/rustc/7cf61ebde7b22796c69757901dd346d0fe70bd97/library/core/src/ptr/mod.rs
1415 9 0 9
fi=/rustc/7cf61ebde7b22796c69757901dd346d0fe70bd97/library/alloc/src/vec/spec_from_iter_nested.rs
38 18 0 18 1 0 0 1
fi=/tmp/benchuj3n5lo1/src/solver.rs
266 18
fi=/rustc/7cf61ebde7b22796c69757901dd346d0fe70bd97/library/alloc/src/vec/spec_from_iter_nested.rs
0 9 0 9
fi=/tmp/benchuj3n5lo1/src/solver.rs
266 45
fi=/rustc/7cf61ebde7b22796c69757901dd346d0fe70bd97/library/alloc/src/vec/spec_from_iter_nested.rs
0 72 0 72
fi=/tmp/benchuj3n5lo1/src/solver.rs
266 360
fi=/rustc/7cf61ebde7b22796c69757901dd346d0fe70bd97/library/core/src/iter/traits/iterator.rs
0 72
2462 72 72
0 72
2462 144
fi=/rustc/7cf61ebde7b22796c69757901dd346d0fe70bd97/library/alloc/src/vec/mod.rs
2932 144 72
fi=/rustc/7cf61ebde7b22796c69757901dd346d0fe70bd97/library/alloc/src/raw_vec.rs
309 36 0 9
cfn=alloc::raw_vec::RawVec<T,A>::reserve::do_reserve_and_handle
calls=9 300 
309 1134 270 234
239 9 9
fi=/rustc/7cf61ebde7b22796c69757901dd346d0fe70bd97/library/core/src/ptr/mod.rs
1415 9 0 9
fi=/rustc/7cf61ebde7b22796c69757901dd346d0fe70bd97/library/alloc/src/vec/mod.rs
2941 18
fi=/rustc/7cf61ebde7b22796c69757901dd346d0fe70bd97/library/core/src/ptr/mod.rs
1415 63 0 63 1 0 0 1
fi=/rustc/7cf61ebde7b22796c69757901dd346d0fe70bd97/library/alloc/src/vec/mod.rs
2941 126
fi=/rustc/7cf61ebde7b22796c69757901dd346d0fe70bd97/library/alloc/src/vec/spec_from_iter_nested.rs
44 45 18 18
fe=/rustc/7cf61ebde7b22796c69757901dd346d0fe70bd97/library/alloc/src/vec/spec_from_iter.rs
34 81 63 0 1 0 0 1

fl=/rustc/7cf61ebde7b22796c69757901dd346d0fe70bd97/library/alloc/src/raw_vec.rs
fn=alloc::raw_vec::RawVec<T,A>::reserve::do_reserve_and_handle
300 81 0 54 1 0 0 1
fi=/rustc/7cf61ebde7b22796c69757901dd346d0fe70bd97/library/core/src/num/mod.rs
1281 27
fe=/rustc/7cf61ebde7b22796c69757901dd346d0fe70bd97/library/alloc/src/raw_vec.rs
423 27
0 27
427 54 27
fi=/rustc/7cf61ebde7b22796c69757901dd346d0fe70bd97/library/core/src/cmp.rs
0 135 0 0 1 0 0 1
fi=/rustc/7cf61ebde7b22796c69757901dd346d0fe70bd97/library/core/src/alloc/layout.rs
449 81
fe=/rustc/7cf61ebde7b22796c69757901dd346d0fe70bd97/library/alloc/src/raw_vec.rs
256 54
433 27 27
268 108 0 81
0 54 0 0 1 0 0 1
433 54 0 27
cfn=alloc::raw_vec::finish_grow
calls=27 500 
433 2430 621 486
fi=/rustc/7cf61ebde7b22796c69757901dd346d0fe70bd97/library/core/src/result.rs
1946 54 54
fe=/rustc/7cf61ebde7b22796c69757901dd346d0fe70bd97/library/alloc/src/raw_vec.rs
433 27
401 27 0 27
402 27 0 27
306 108 81
300 12 0 8 1 0 0 1
fi=/rustc/7cf61ebde7b22796c69757901dd346d0fe70bd97/library/core/src/num/mod.rs
1281 4
fe=/rustc/7cf61ebde7b22796c69757901dd346d0fe70bd97/library/alloc/src/raw_vec.rs
423 4
0 4
427 8 4
fi=/rustc/7cf61ebde7b22796c69757901dd346d0fe70bd97/library/core/src/cmp.rs
0 36 0 0 1 0 0 1
fi=/rustc/7cf61ebde7b22796c69757901dd346d0fe70bd97/library/core/src/alloc/layout.rs
449 12
fe=/rustc/7cf61ebde7b22796c69757901dd346d0fe70bd97/library/alloc/src/raw_vec.rs
256 8
433 4 4
fi=/rustc/7cf61ebde7b22796c69757901dd346d0fe70bd97/library/core/src/num/mod.rs
1281 4
fe=/rustc/7cf61ebde7b22796c69757901dd346d0fe70bd97/library/alloc/src/raw_vec.rs
268 16 0 12 1 0 1 1 0 1
0 8
433 4 0 4
cfn=alloc::raw_vec::finish_grow
calls=4 500 
433 999 204 141 5 1 10 5 0 5
fi=/rustc/7cf61ebde7b22796c69757901dd346d0fe70bd97/library/core/src/result.rs
1946 8 8
fe=/rustc/7cf61ebde7b22796c69757901dd346d0fe70bd97/library/alloc/src/raw_vec.rs
433 4
401 4 0 4 1 0 0 1
402 4 0 4
306 16 12

fn=alloc::raw_vec::finish_grow
500 155 0 93 1 0 1 1
fi=/rustc/7cf61ebde7b22796c69757901dd346d0fe70bd97/library/core/src/result.rs
827 62
0 31
fe=/rustc/7cf61ebde7b22796c69757901dd346d0fe70bd97/library/alloc/src/raw_vec.rs
513 93 62
fi=/rustc/7cf61ebde7b22796c69757901dd346d0fe70bd97/library/alloc/src/alloc.rs
202 62
fe=/rustc/7cf61ebde7b22796c69757901dd346d0fe70bd97/library/alloc/src/raw_vec.rs
0 31 31
fi=/rustc/7cf61ebde7b22796c69757901dd346d0fe70bd97/library/alloc/src/alloc.rs
136 93 31 31
cfi=???
cfn=__rust_realloc
calls=31 0 
136 2561 577 410 3 1 9 3 0 5
fi=/rustc/7cf61ebde7b22796c69757901dd346d0fe70bd97/library/core/src/result.rs
827 62
828 93 0 31 1 0 0 1
0 62 0 62
fe=/rustc/7cf61ebde7b22796c69757901dd346d0fe70bd97/library/alloc/src/raw_vec.rs
525 124 124

fl=???
fn=__rust_alloc
0 781953
cfi=/rustc/7cf61ebde7b22796c69757901dd346d0fe70bd97/library/std/src/alloc.rs
cfn=__rdl_alloc
calls=781962 389 
0 38315897 9383481 4691738 0 0 2 0 0 2

fn=main
cfi=/rustc/7cf61ebde7b22796c69757901dd346d0fe70bd97/library/std/src/rt.rs
cfn=std::rt::lang_start_internal
calls=1 125 
0 2116919003 228706942 119111850 140 2 50 140 0 44

fn=(below main)
cob=/nix/store/ddwyrxif62r8n6xclvskjyy6szdhvj60-glibc-2.39-5/lib/libc.so.6
cfi=???
cfn=__libc_start_main@@GLIBC_2.34
calls=1 0 
0 2116919003 228706942 119111850 140 2 50 140 0 44

fn=__rust_dealloc
0 781953
cfi=/rustc/7cf61ebde7b22796c69757901dd346d0fe70bd97/library/std/src/sys/pal/unix/alloc.rs
cfn=__rdl_dealloc
calls=781962 42 
0 63338266 18766889 10165401 8 0 0 8

fn=__rust_realloc
0 31
cfi=/rustc/7cf61ebde7b22796c69757901dd346d0fe70bd97/library/std/src/alloc.rs
cfn=__rdl_realloc
calls=31 406 
0 2530 577 410 3 1 9 3 0 5

fl=/rustc/7cf61ebde7b22796c69757901dd346d0fe70bd97/library/core/src/ops/function.rs
fn=libsolver::solver::Sudoku::filled
294 8 6 0 2 0 0 2
fi=/rustc/7cf61ebde7b22796c69757901dd346d0fe70bd97/library/core/src/iter/traits/iterator.rs
2462 13 0 0 1 0 0 1
fi=/tmp/benchuj3n5lo1/src/solver.rs
355 1 1
fe=/rustc/7cf61ebde7b22796c69757901dd346d0fe70bd97/library/core/src/ops/function.rs

fl=/rustc/7cf61ebde7b22796c69757901dd346d0fe70bd97/library/std/src/sys/pal/unix/alloc.rs
fn=__rdl_dealloc
42 781953 781953
cob=/nix/store/ddwyrxif62r8n6xclvskjyy6szdhvj60-glibc-2.39-5/lib/libc.so.6
cfi=???
cfn=free
calls=781962 0 
42 62556313 17984936 10165401 8 0 0 8

fl=/tmp/benchuj3n5lo1/src/solver.rs
fn=libsolver::solver::Sudoku::valid
357 11 0 5
fi=/rustc/7cf61ebde7b22796c69757901dd346d0fe70bd97/library/core/src/iter/traits/collect.rs
279 3 0 3 1 0 0 1
fi=/rustc/7cf61ebde7b22796c69757901dd346d0fe70bd97/library/alloc/src/vec/mod.rs
2836 3 0 1
cfi=/rustc/7cf61ebde7b22796c69757901dd346d0fe70bd97/library/alloc/src/vec/spec_from_iter.rs
cfn=<alloc::vec::Vec<T> as alloc::vec::spec_from_iter::SpecFromIter<T,I>>::from_iter
calls=1 32 
2836 327 74 63 8 0 0 8
fi=/rustc/7cf61ebde7b22796c69757901dd346d0fe70bd97/library/core/src/iter/traits/collect.rs
279 24 0 24
fi=/rustc/7cf61ebde7b22796c69757901dd346d0fe70bd97/library/alloc/src/vec/mod.rs
2836 24 0 8
cfi=/rustc/7cf61ebde7b22796c69757901dd346d0fe70bd97/library/alloc/src/vec/spec_from_iter.rs
cfn=<alloc::vec::Vec<T> as alloc::vec::spec_from_iter::SpecFromIter<T,I>>::from_iter
calls=8 32 
2836 2616 592 504
fi=/rustc/7cf61ebde7b22796c69757901dd346d0fe70bd97/library/alloc/src/raw_vec.rs
239 9 9
fi=/rustc/7cf61ebde7b22796c69757901dd346d0fe70bd97/library/alloc/src/vec/mod.rs
2706 9 9
fi=/rustc/7cf61ebde7b22796c69757901dd346d0fe70bd97/library/core/src/ptr/non_null.rs
1796 9
fi=/rustc/7cf61ebde7b22796c69757901dd346d0fe70bd97/library/core/src/slice/iter/macros.rs
162 9
0 18
fi=/rustc/7cf61ebde7b22796c69757901dd346d0fe70bd97/library/core/src/ptr/non_null.rs
623 9
fi=/rustc/7cf61ebde7b22796c69757901dd346d0fe70bd97/library/core/src/iter/traits/iterator.rs
2462 18 9
fi=/rustc/7cf61ebde7b22796c69757901dd346d0fe70bd97/library/core/src/ptr/non_null.rs
1796 9
fi=/rustc/7cf61ebde7b22796c69757901dd346d0fe70bd97/library/core/src/slice/iter/macros.rs
162 9
fi=/rustc/7cf61ebde7b22796c69757901dd346d0fe70bd97/library/core/src/ptr/non_null.rs
623 72
fi=/rustc/7cf61ebde7b22796c69757901dd346d0fe70bd97/library/core/src/iter/traits/iterator.rs
2462 144 72
fi=/rustc/7cf61ebde7b22796c69757901dd346d0fe70bd97/library/core/src/ptr/non_null.rs
1796 72
fi=/rustc/7cf61ebde7b22796c69757901dd346d0fe70bd97/library/core/src/slice/iter/macros.rs
162 72
fi=/rustc/7cf61ebde7b22796c69757901dd346d0fe70bd97/library/core/src/ptr/non_null.rs
1796 324
fi=/rustc/7cf61ebde7b22796c69757901dd346d0fe70bd97/library/core/src/slice/iter/macros.rs
162 324
285 324
fi=/rustc/7cf61ebde7b22796c69757901dd346d0fe70bd97/library/core/src/num/nonzero.rs
1519 648 324
fi=/rustc/7cf61ebde7b22796c69757901dd346d0fe70bd97/library/core/src/slice/iter/macros.rs
285 324 0 0 1 0 0 1
162 162
fi=/rustc/7cf61ebde7b22796c69757901dd346d0fe70bd97/library/core/src/ptr/non_null.rs
1796 81
fi=/rustc/7cf61ebde7b22796c69757901dd346d0fe70bd97/library/core/src/slice/iter/macros.rs
162 90
fi=/rustc/7cf61ebde7b22796c69757901dd346d0fe70bd97/library/alloc/src/raw_vec.rs
530 9 9
256 18
fi=/rustc/7cf61ebde7b22796c69757901dd346d0fe70bd97/library/alloc/src/alloc.rs
117 18 0 9
cfi=???
cfn=__rust_dealloc
calls=9 0 
117 738 216 117
fi=/rustc/7cf61ebde7b22796c69757901dd346d0fe70bd97/library/core/src/iter/traits/collect.rs
279 27 0 27 1 0 0 1
fi=/rustc/7cf61ebde7b22796c69757901dd346d0fe70bd97/library/alloc/src/vec/mod.rs
2836 27 0 9
cfi=/rustc/7cf61ebde7b22796c69757901dd346d0fe70bd97/library/alloc/src/vec/spec_from_iter.rs
cfn=<alloc::vec::Vec<T> as alloc::vec::spec_from_iter::SpecFromIter<T,I>>::from_iter
calls=9 32 
2836 3285 666 567 6 0 0 6
fi=/rustc/7cf61ebde7b22796c69757901dd346d0fe70bd97/library/alloc/src/raw_vec.rs
239 9 9
fi=/rustc/7cf61ebde7b22796c69757901dd346d0fe70bd97/library/alloc/src/vec/mod.rs
2706 9 9
fi=/rustc/7cf61ebde7b22796c69757901dd346d0fe70bd97/library/core/src/ptr/non_null.rs
1796 9
fi=/rustc/7cf61ebde7b22796c69757901dd346d0fe70bd97/library/core/src/slice/iter/macros.rs
162 9
0 18
fi=/rustc/7cf61ebde7b22796c69757901dd346d0fe70bd97/library/core/src/ptr/non_null.rs
623 9
fi=/rustc/7cf61ebde7b22796c69757901dd346d0fe70bd97/library/core/src/iter/traits/iterator.rs
2462 18 9
fi=/rustc/7cf61ebde7b22796c69757901dd346d0fe70bd97/library/core/src/ptr/non_null.rs
1796 9
fi=/rustc/7cf61ebde7b22796c69757901dd346d0fe70bd97/library/core/src/slice/iter/macros.rs
162 9
fi=/rustc/7cf61ebde7b22796c69757901dd346d0fe70bd97/library/core/src/ptr/non_null.rs
623 72
fi=/rustc/7cf61ebde7b22796c69757901dd346d0fe70bd97/library/core/src/iter/traits/iterator.rs
2462 144 72
fi=/rustc/7cf61ebde7b22796c69757901dd346d0fe70bd97/library/core/src/ptr/non_null.rs
1796 72
fi=/rustc/7cf61ebde7b22796c69757901dd346d0fe70bd97/library/core/src/slice/iter/macros.rs
162 72
fi=/rustc/7cf61ebde7b22796c69757901dd346d0fe70bd97/library/core/src/ptr/non_null.rs
1796 324
fi=/rustc/7cf61ebde7b22796c69757901dd346d0fe70bd97/library/core/src/slice/iter/macros.rs
162 324
285 324
fi=/rustc/7cf61ebde7b22796c69757901dd346d0fe70bd97/library/core/src/num/nonzero.rs
1519 648 324
fi=/rustc/7cf61ebde7b22796c69757901dd346d0fe70bd97/library/core/src/slice/iter/macros.rs
285 324 0 0 1 0 0 1
162 162
fi=/rustc/7cf61ebde7b22796c69757901dd346d0fe70bd97/library/core/src/ptr/non_null.rs
1796 81
fi=/rustc/7cf61ebde7b22796c69757901dd346d0fe70bd97/library/core/src/slice/iter/macros.rs
162 81
fi=/rustc/7cf61ebde7b22796c69757901dd346d0fe70bd97/library/alloc/src/raw_vec.rs
530 9 9
256 18
fi=/rustc/7cf61ebde7b22796c69757901dd346d0fe70bd97/library/alloc/src/alloc.rs
117 18 0 9
cfi=???
cfn=__rust_dealloc
calls=9 0 
117 738 216 117
fi=/rustc/7cf61ebde7b22796c69757901dd346d0fe70bd97/library/core/src/iter/traits/collect.rs
279 27 0 27
fi=/rustc/7cf61ebde7b22796c69757901dd346d0fe70bd97/library/alloc/src/vec/mod.rs
2836 27 0 9 1 0 0 1
cfi=/rustc/7cf61ebde7b22796c69757901dd346d0fe70bd97/library/alloc/src/vec/spec_from_iter.rs
cfn=<alloc::vec::Vec<T> as alloc::vec::spec_from_iter::SpecFromIter<T,I>>::from_iter
calls=9 32 
2836 4419 747 585 7 0 0 7
fi=/rustc/7cf61ebde7b22796c69757901dd346d0fe70bd97/library/alloc/src/raw_vec.rs
239 9 9
fi=/rustc/7cf61ebde7b22796c69757901dd346d0fe70bd97/library/alloc/src/vec/mod.rs
2706 9 9
fi=/rustc/7cf61ebde7b22796c69757901dd346d0fe70bd97/library/core/src/ptr/non_null.rs
1796 9
fi=/rustc/7cf61ebde7b22796c69757901dd346d0fe70bd97/library/core/src/slice/iter/macros.rs
162 9
0 18
fi=/rustc/7cf61ebde7b22796c69757901dd346d0fe70bd97/library/core/src/ptr/non_null.rs
623 9
fi=/rustc/7cf61ebde7b22796c69757901dd346d0fe70bd97/library/core/src/iter/traits/iterator.rs
2462 27 9
fi=/rustc/7cf61ebde7b22796c69757901dd346d0fe70bd97/library/core/src/ptr/non_null.rs
1796 9
fi=/rustc/7cf61ebde7b22796c69757901dd346d0fe70bd97/library/core/src/slice/iter/macros.rs
162 9
fi=/rustc/7cf61ebde7b22796c69757901dd346d0fe70bd97/library/core/src/ptr/non_null.rs
623 72
fi=/rustc/7cf61ebde7b22796c69757901dd346d0fe70bd97/library/core/src/iter/traits/iterator.rs
2462 216 72
fi=/rustc/7cf61ebde7b22796c69757901dd346d0fe70bd97/library/core/src/ptr/non_null.rs
1796 72
fi=/rustc/7cf61ebde7b22796c69757901dd346d0fe70bd97/library/core/src/slice/iter/macros.rs
162 72
fi=/rustc/7cf61ebde7b22796c69757901dd346d0fe70bd97/library/core/src/ptr/non_null.rs
1796 324
fi=/rustc/7cf61ebde7b22796c69757901dd346d0fe70bd97/library/core/src/slice/iter/macros.rs
162 324
285 324
fi=/rustc/7cf61ebde7b22796c69757901dd346d0fe70bd97/library/core/src/num/nonzero.rs
1519 648 324
fi=/rustc/7cf61ebde7b22796c69757901dd346d0fe70bd97/library/core/src/slice/iter/macros.rs
285 324 0 0 1 0 0 1
162 162
fi=/rustc/7cf61ebde7b22796c69757901dd346d0fe70bd97/library/core/src/ptr/non_null.rs
1796 81
fi=/rustc/7cf61ebde7b22796c69757901dd346d0fe70bd97/library/core/src/slice/iter/macros.rs
162 81
fi=/rustc/7cf61ebde7b22796c69757901dd346d0fe70bd97/library/alloc/src/raw_vec.rs
530 9 9
256 18
fi=/rustc/7cf61ebde7b22796c69757901dd346d0fe70bd97/library/alloc/src/alloc.rs
117 18 0 9
cfi=???
cfn=__rust_dealloc
calls=9 0 
117 738 216 117
0 9
fi=/rustc/7cf61ebde7b22796c69757901dd346d0fe70bd97/library/core/src/cmp.rs
1509 9
fi=/rustc/7cf61ebde7b22796c69757901dd346d0fe70bd97/library/core/src/iter/range.rs
729 9
0 2
fi=/rustc/7cf61ebde7b22796c69757901dd346d0fe70bd97/library/core/src/cmp.rs
1509 2 0 0 1 0 0 1
fe=/tmp/benchuj3n5lo1/src/solver.rs
359 7 6

fn=<libsolver::solver::IterativeDFS as libsolver::solver::Solver>::try_solve::all_affecting
50 7037316 0 5473468 1 0 0 1
387 1563848
0 781924
396 1563848
0 781924 0 0 1 0 0 1
416 7819240
378 1563848
0 781924
fi=/rustc/7cf61ebde7b22796c69757901dd346d0fe70bd97/library/core/src/option.rs
681 2345772 1563848 0 1 0 0 1
fi=/rustc/7cf61ebde7b22796c69757901dd346d0fe70bd97/library/std/src/sys/pal/common/thread_local/fast_local.rs
173 781924
0 1563846
175 5 1 1
cfn=std::sys::pal::common::thread_local::fast_local::Key<T>::try_initialize
calls=1 188 
175 67 19 13 9 1 0 9
fi=/rustc/7cf61ebde7b22796c69757901dd346d0fe70bd97/library/core/src/cell.rs
512 1563848 781924 781924
fi=/rustc/7cf61ebde7b22796c69757901dd346d0fe70bd97/library/core/src/ptr/mod.rs
1415 781924 0 781924
1583 1563848 781924
fi=/rustc/7cf61ebde7b22796c69757901dd346d0fe70bd97/library/alloc/src/alloc.rs
98 2345772 781924 781924 1 0 0 1
cfi=???
cfn=__rust_alloc
calls=781924 0 
98 39096350 9383112 4691554 0 0 1 0 0 1
fi=/rust/deps/hashbrown-0.14.3/src/raw/mod.rs
1752 1563848
fi=/rustc/7cf61ebde7b22796c69757901dd346d0fe70bd97/library/core/src/ptr/mut_ptr.rs
1045 1563848
fi=/rustc/7cf61ebde7b22796c69757901dd346d0fe70bd97/library/core/src/intrinsics.rs
2939 4691544 0 1563848
fi=/rust/deps/hashbrown-0.14.3/src/raw/mod.rs
0 781924 781924 0 1 0 0 1
fi=/rust/deps/hashbrown-0.14.3/src/map.rs
503 4691544 0 3909620
fe=/tmp/benchuj3n5lo1/src/solver.rs
425 781924
fi=/rustc/7cf61ebde7b22796c69757901dd346d0fe70bd97/library/core/src/iter/traits/iterator.rs
2640 781924 781924
fi=/rustc/7cf61ebde7b22796c69757901dd346d0fe70bd97/library/core/src/iter/adapters/filter_map.rs
38 1563848
fi=/rust/deps/hashbrown-0.14.3/src/map.rs
6512 100278 0 33426
cfn=hashbrown::map::HashMap<K,V,S,A>::insert
calls=33426 1751 
6512 4412232 367686 267408
fi=/rustc/7cf61ebde7b22796c69757901dd346d0fe70bd97/library/core/src/iter/traits/iterator.rs
2640 781924 781924 0 1 0 0 1
fi=/rustc/7cf61ebde7b22796c69757901dd346d0fe70bd97/library/core/src/iter/adapters/filter_map.rs
38 1563848
fi=/rust/deps/hashbrown-0.14.3/src/map.rs
6512 460428 0 153476
cfn=hashbrown::map::HashMap<K,V,S,A>::insert
calls=153476 1751 
6512 20258832 1688236 1227808
fi=/rustc/7cf61ebde7b22796c69757901dd346d0fe70bd97/library/core/src/iter/traits/iterator.rs
2640 781924 781924
fi=/rustc/7cf61ebde7b22796c69757901dd346d0fe70bd97/library/core/src/iter/adapters/filter_map.rs
38 1563848
fi=/rust/deps/hashbrown-0.14.3/src/map.rs
6512 2053545 0 684515
cfn=hashbrown::map::HashMap<K,V,S,A>::insert
calls=684515 1751 
6512 90366232 7530597 5476120
fi=/rustc/7cf61ebde7b22796c69757901dd346d0fe70bd97/library/core/src/iter/traits/iterator.rs
2640 781924 781924
fi=/rustc/7cf61ebde7b22796c69757901dd346d0fe70bd97/library/core/src/iter/adapters/filter_map.rs
38 1563848 0 0 1 0 0 1
fi=/rust/deps/hashbrown-0.14.3/src/map.rs
6512 1018107 0 339369
cfn=hashbrown::map::HashMap<K,V,S,A>::insert
calls=339369 1751 
6512 44834702 3736513 2714952 10 0 0 10
fi=/rustc/7cf61ebde7b22796c69757901dd346d0fe70bd97/library/core/src/iter/traits/iterator.rs
2640 781924 781924
fi=/rustc/7cf61ebde7b22796c69757901dd346d0fe70bd97/library/core/src/iter/adapters/filter_map.rs
38 1563848
fi=/rust/deps/hashbrown-0.14.3/src/map.rs
6512 1488084 0 496028
cfn=hashbrown::map::HashMap<K,V,S,A>::insert
calls=496028 1751 
6512 65550672 5463124 3968224
fi=/rustc/7cf61ebde7b22796c69757901dd346d0fe70bd97/library/core/src/iter/traits/iterator.rs
2640 781924 781924
fi=/rustc/7cf61ebde7b22796c69757901dd346d0fe70bd97/library/core/src/iter/adapters/filter_map.rs
38 1563848
fi=/rust/deps/hashbrown-0.14.3/src/map.rs
6512 1645815 0 548605
cfn=hashbrown::map::HashMap<K,V,S,A>::insert
calls=548605 1751 
6512 72537190 6045685 4388840
fi=/rustc/7cf61ebde7b22796c69757901dd346d0fe70bd97/library/core/src/iter/traits/iterator.rs
2640 781924 781924 0 1 0 0 1
fi=/rustc/7cf61ebde7b22796c69757901dd346d0fe70bd97/library/core/src/iter/adapters/filter_map.rs
38 1563848
fi=/rust/deps/hashbrown-0.14.3/src/map.rs
6512 2270007 0 756669
cfn=hashbrown::map::HashMap<K,V,S,A>::insert
calls=756669 1751 
6512 100068881 8340502 6053352
fi=/rustc/7cf61ebde7b22796c69757901dd346d0fe70bd97/library/core/src/iter/traits/iterator.rs
2640 781924 781924
fi=/rustc/7cf61ebde7b22796c69757901dd346d0fe70bd97/library/core/src/iter/adapters/filter_map.rs
38 1563848
fi=/rust/deps/hashbrown-0.14.3/src/map.rs
6512 1978260 0 659420
cfn=hashbrown::map::HashMap<K,V,S,A>::insert
calls=659420 1751 
6512 87280248 7275148 5275360
fi=/rustc/7cf61ebde7b22796c69757901dd346d0fe70bd97/library/core/src/iter/traits/iterator.rs
2640 781924 781924
fi=/rustc/7cf61ebde7b22796c69757901dd346d0fe70bd97/library/core/src/iter/adapters/filter_map.rs
38 1563848
fi=/rust/deps/hashbrown-0.14.3/src/map.rs
6512 2201412 0 733804
cfn=hashbrown::map::HashMap<K,V,S,A>::insert
calls=733804 1751 
6512 97168225 8099671 5870432
0 781924 0 0 1 0 0 1
fi=/rustc/7cf61ebde7b22796c69757901dd346d0fe70bd97/library/core/src/iter/traits/iterator.rs
2640 781924 781924
fi=/rustc/7cf61ebde7b22796c69757901dd346d0fe70bd97/library/core/src/iter/adapters/filter_map.rs
38 1563848
fi=/rust/deps/hashbrown-0.14.3/src/map.rs
6512 223155 0 74385
cfn=hashbrown::map::HashMap<K,V,S,A>::insert
calls=74385 1751 
6512 9519287 819592 507730
fi=/rustc/7cf61ebde7b22796c69757901dd346d0fe70bd97/library/core/src/iter/traits/iterator.rs
2640 781924 781924
fi=/rustc/7cf61ebde7b22796c69757901dd346d0fe70bd97/library/core/src/iter/adapters/filter_map.rs
38 1563848
fi=/rust/deps/hashbrown-0.14.3/src/map.rs
6512 334782 0 111594
cfn=hashbrown::map::HashMap<K,V,S,A>::insert
calls=111594 1751 
6512 13044628 1228754 420752
fi=/rustc/7cf61ebde7b22796c69757901dd346d0fe70bd97/library/core/src/iter/traits/iterator.rs
2640 781924 781924
fi=/rustc/7cf61ebde7b22796c69757901dd346d0fe70bd97/library/core/src/iter/adapters/filter_map.rs
38 1563848
fi=/rust/deps/hashbrown-0.14.3/src/map.rs
6512 462378 0 154126
cfn=hashbrown::map::HashMap<K,V,S,A>::insert
calls=154126 1751 
6512 17911586 1696680 553208
fi=/rustc/7cf61ebde7b22796c69757901dd346d0fe70bd97/library/core/src/iter/traits/iterator.rs
2640 781924 781924 0 1 0 0 1
fi=/rustc/7cf61ebde7b22796c69757901dd346d0fe70bd97/library/core/src/iter/adapters/filter_map.rs
38 1563848
fi=/rust/deps/hashbrown-0.14.3/src/map.rs
6512 526791 0 175597
cfn=hashbrown::map::HashMap<K,V,S,A>::insert
calls=175597 1751 
6512 22351123 1935466 1162951
fi=/rustc/7cf61ebde7b22796c69757901dd346d0fe70bd97/library/core/src/iter/traits/iterator.rs
2640 781924 781924
fi=/rustc/7cf61ebde7b22796c69757901dd346d0fe70bd97/library/core/src/iter/adapters/filter_map.rs
38 1563848
fi=/rust/deps/hashbrown-0.14.3/src/map.rs
6512 154200 0 51400
cfn=hashbrown::map::HashMap<K,V,S,A>::insert
calls=51400 1751 
6512 6431241 566555 309460
fi=/rustc/7cf61ebde7b22796c69757901dd346d0fe70bd97/library/core/src/iter/traits/iterator.rs
2640 781924 781924
fi=/rustc/7cf61ebde7b22796c69757901dd346d0fe70bd97/library/core/src/iter/adapters/filter_map.rs
38 1563848 0 0 1 0 0 1
fi=/rust/deps/hashbrown-0.14.3/src/map.rs
6512 1558596 0 519532
cfn=hashbrown::map::HashMap<K,V,S,A>::insert
calls=519532 1751 
6512 62344254 5721668 2403771
fi=/rustc/7cf61ebde7b22796c69757901dd346d0fe70bd97/library/core/src/iter/traits/iterator.rs
2640 781924 781924
fi=/rustc/7cf61ebde7b22796c69757901dd346d0fe70bd97/library/core/src/iter/adapters/filter_map.rs
38 1563848
fi=/rust/deps/hashbrown-0.14.3/src/map.rs
6512 2132676 0 710892
cfn=hashbrown::map::HashMap<K,V,S,A>::insert
calls=710892 1751 
6512 86442033 7832949 3592631
fi=/rustc/7cf61ebde7b22796c69757901dd346d0fe70bd97/library/core/src/iter/traits/iterator.rs
2640 781924 781924
fi=/rustc/7cf61ebde7b22796c69757901dd346d0fe70bd97/library/core/src/iter/adapters/filter_map.rs
38 1563848
fi=/rust/deps/hashbrown-0.14.3/src/map.rs
6512 2191428 0 730476
cfn=hashbrown::map::HashMap<K,V,S,A>::insert
calls=730476 1751 
6512 86717399 8044765 3118738
fi=/rustc/7cf61ebde7b22796c69757901dd346d0fe70bd97/library/core/src/iter/traits/iterator.rs
2640 781924 781924 0 1 0 0 1
fi=/rustc/7cf61ebde7b22796c69757901dd346d0fe70bd97/library/core/src/iter/adapters/filter_map.rs
38 1563848
fi=/rust/deps/hashbrown-0.14.3/src/map.rs
6512 2341707 0 780569
cfn=hashbrown::map::HashMap<K,V,S,A>::insert
calls=780569 1751 
6512 92801387 8596622 3370187
0 3127696
fi=/rustc/7cf61ebde7b22796c69757901dd346d0fe70bd97/library/core/src/mem/manually_drop.rs
71 781924
fe=/tmp/benchuj3n5lo1/src/solver.rs
425 1563848
0 2345772
fi=/rustc/7cf61ebde7b22796c69757901dd346d0fe70bd97/library/core/src/convert/num.rs
53 1563848
fe=/tmp/benchuj3n5lo1/src/solver.rs
425 1563848 0 0 1 0 0 1
fi=/rustc/7cf61ebde7b22796c69757901dd346d0fe70bd97/library/core/src/iter/traits/iterator.rs
2640 781924 781924
fi=/rustc/7cf61ebde7b22796c69757901dd346d0fe70bd97/library/core/src/iter/adapters/filter_map.rs
38 1563848
fi=/rust/deps/hashbrown-0.14.3/src/map.rs
6512 599463 0 199821
cfn=hashbrown::map::HashMap<K,V,S,A>::insert
calls=199821 1751 
6512 23925425 2201134 908268
fi=/rustc/7cf61ebde7b22796c69757901dd346d0fe70bd97/library/core/src/iter/traits/iterator.rs
2640 781924 781924
fi=/rustc/7cf61ebde7b22796c69757901dd346d0fe70bd97/library/core/src/iter/adapters/filter_map.rs
38 1563848
fi=/rust/deps/hashbrown-0.14.3/src/map.rs
6512 981681 0 327227
cfn=hashbrown::map::HashMap<K,V,S,A>::insert
calls=327227 1751 
6512 38667049 3604116 1346226
fi=/rustc/7cf61ebde7b22796c69757901dd346d0fe70bd97/library/core/src/iter/traits/iterator.rs
2640 781924 781924
fi=/rustc/7cf61ebde7b22796c69757901dd346d0fe70bd97/library/core/src/iter/adapters/filter_map.rs
38 1563848
fi=/rust/deps/hashbrown-0.14.3/src/map.rs
6512 396153 0 132051
cfn=hashbrown::map::HashMap<K,V,S,A>::insert
calls=132051 1751 
6512 15649574 1454395 556038
fe=/tmp/benchuj3n5lo1/src/solver.rs
314 781924 0 0 1 0 0 1
fi=/rustc/7cf61ebde7b22796c69757901dd346d0fe70bd97/library/core/src/mem/manually_drop.rs
71 781924
fe=/tmp/benchuj3n5lo1/src/solver.rs
425 3127696
fi=/rustc/7cf61ebde7b22796c69757901dd346d0fe70bd97/library/core/src/iter/traits/iterator.rs
2640 781924 781924
fi=/rustc/7cf61ebde7b22796c69757901dd346d0fe70bd97/library/core/src/iter/adapters/filter_map.rs
38 1563848
fi=/rust/deps/hashbrown-0.14.3/src/map.rs
6512 523575 0 174525
cfn=hashbrown::map::HashMap<K,V,S,A>::insert
calls=174525 1751 
6512 20576185 1921736 706565
0 781924
fi=/rustc/7cf61ebde7b22796c69757901dd346d0fe70bd97/library/core/src/iter/traits/iterator.rs
2640 781924 781924 0 1 0 0 1
fi=/rustc/7cf61ebde7b22796c69757901dd346d0fe70bd97/library/core/src/iter/adapters/filter_map.rs
38 1563848
fi=/rust/deps/hashbrown-0.14.3/src/map.rs
6512 712668 0 237556
cfn=hashbrown::map::HashMap<K,V,S,A>::insert
calls=237556 1751 
6512 27162554 2613462 734158
0 781924
fi=/rustc/7cf61ebde7b22796c69757901dd346d0fe70bd97/library/core/src/iter/traits/iterator.rs
2640 781924 781924
fi=/rustc/7cf61ebde7b22796c69757901dd346d0fe70bd97/library/core/src/iter/adapters/filter_map.rs
38 1563848
fi=/rust/deps/hashbrown-0.14.3/src/map.rs
6512 1732689 0 577563
cfn=hashbrown::map::HashMap<K,V,S,A>::insert
calls=577563 1751 
6512 66142418 6354847 1811034
0 781924
fe=/tmp/benchuj3n5lo1/src/solver.rs
314 781924
fi=/rustc/7cf61ebde7b22796c69757901dd346d0fe70bd97/library/core/src/mem/manually_drop.rs
71 781924
fe=/tmp/benchuj3n5lo1/src/solver.rs
425 3127696 0 0 1 0 0 1
fi=/rustc/7cf61ebde7b22796c69757901dd346d0fe70bd97/library/core/src/iter/traits/iterator.rs
2640 781924 781924
fi=/rustc/7cf61ebde7b22796c69757901dd346d0fe70bd97/library/core/src/iter/adapters/filter_map.rs
38 1563848
fi=/rust/deps/hashbrown-0.14.3/src/map.rs
6512 1706541 0 568847
cfn=hashbrown::map::HashMap<K,V,S,A>::insert
calls=568847 1751 
6512 66246309 6262360 2079396
fi=/rustc/7cf61ebde7b22796c69757901dd346d0fe70bd97/library/core/src/iter/traits/iterator.rs
2640 781924 781924
fi=/rustc/7cf61ebde7b22796c69757901dd346d0fe70bd97/library/core/src/iter/adapters/filter_map.rs
38 1563848
fi=/rust/deps/hashbrown-0.14.3/src/map.rs
6512 2104395 0 701465
cfn=hashbrown::map::HashMap<K,V,S,A>::insert
calls=701465 1751 
6512 80737625 7719494 2308130
fi=/rustc/7cf61ebde7b22796c69757901dd346d0fe70bd97/library/core/src/iter/traits/iterator.rs
2640 781924 781924
fi=/rustc/7cf61ebde7b22796c69757901dd346d0fe70bd97/library/core/src/iter/adapters/filter_map.rs
38 1563848
fi=/rust/deps/hashbrown-0.14.3/src/map.rs
6512 2271270 0 757090
cfn=hashbrown::map::HashMap<K,V,S,A>::insert
calls=757090 1751 
6512 88287520 8335180 2799095
fe=/tmp/benchuj3n5lo1/src/solver.rs
64 5473468 3127696 2345772 1 0 0 1
65 6255392 5473468

fn=<libsolver::solver::IterativeDFS as libsolver::solver::Solver>::try_solve
41 9 0 7 1 0 0 1
fi=/rustc/7cf61ebde7b22796c69757901dd346d0fe70bd97/library/core/src/ptr/const_ptr.rs
944 1
fi=/rustc/7cf61ebde7b22796c69757901dd346d0fe70bd97/library/core/src/iter/adapters/filter_map.rs
23 7 0 5 1 0 0 1
fi=/rustc/7cf61ebde7b22796c69757901dd346d0fe70bd97/library/alloc/src/vec/mod.rs
2836 1 0 1
cfi=/rustc/7cf61ebde7b22796c69757901dd346d0fe70bd97/library/alloc/src/vec/spec_from_iter.rs
cfn=<alloc::vec::Vec<T> as alloc::vec::spec_from_iter::SpecFromIter<T,I>>::from_iter
calls=1 32 
2836 4927 881 734 26 1 23 26 0 18
2145 1 1
fi=/rustc/7cf61ebde7b22796c69757901dd346d0fe70bd97/library/alloc/src/raw_vec.rs
185 2
0 1
fi=/rustc/7cf61ebde7b22796c69757901dd346d0fe70bd97/library/core/src/alloc/layout.rs
449 1 0 0 1 0 0 1
fi=/rustc/7cf61ebde7b22796c69757901dd346d0fe70bd97/library/alloc/src/raw_vec.rs
190 1
0 2
fi=/rustc/7cf61ebde7b22796c69757901dd346d0fe70bd97/library/core/src/ptr/mod.rs
1583 2 1
fi=/rustc/7cf61ebde7b22796c69757901dd346d0fe70bd97/library/alloc/src/alloc.rs
98 3 1 1
cfi=???
cfn=__rust_alloc
calls=1 0 
98 181 33 16 0 0 1 0 0 1
fi=/rustc/7cf61ebde7b22796c69757901dd346d0fe70bd97/library/alloc/src/raw_vec.rs
202 2
fi=/rustc/7cf61ebde7b22796c69757901dd346d0fe70bd97/library/alloc/src/vec/mod.rs
672 8 0 4 1 0 0 1
1994 1172982 390994
1998 781988 0 390994 1 0 0 1
fi=/rustc/7cf61ebde7b22796c69757901dd346d0fe70bd97/library/alloc/src/raw_vec.rs
239 390994 390994
fi=/rustc/7cf61ebde7b22796c69757901dd346d0fe70bd97/library/core/src/ptr/const_ptr.rs
944 390994
fi=/rustc/7cf61ebde7b22796c69757901dd346d0fe70bd97/library/core/src/ptr/mod.rs
1215 1172982 781988 390994
fe=/tmp/benchuj3n5lo1/src/solver.rs
78 2736958 0 390994
cfn=<libsolver::solver::IterativeDFS as libsolver::solver::Solver>::try_solve::all_affecting
calls=390994 50 
78 838096616 86719144 49344196 36 1 1 36 0 1
0 390994 0 390994 1 0 0 1
fi=/rust/deps/hashbrown-0.14.3/src/set.rs
865 1172982 0 390994
cfi=/rust/deps/hashbrown-0.14.3/src/map.rs
cfn=hashbrown::map::HashMap<K,V,S,A>::contains_key
calls=390994 1355 
865 40463991 3483476 0 7 0 0 7
fi=/rustc/7cf61ebde7b22796c69757901dd346d0fe70bd97/library/core/src/iter/traits/iterator.rs
2462 781988
0 352837 0 352837
fi=/rust/deps/hashbrown-0.14.3/src/set.rs
865 1058511 0 352837
cfi=/rust/deps/hashbrown-0.14.3/src/map.rs
cfn=hashbrown::map::HashMap<K,V,S,A>::contains_key
calls=352837 1355 
865 36468350 3134805
fi=/rustc/7cf61ebde7b22796c69757901dd346d0fe70bd97/library/core/src/iter/traits/iterator.rs
2462 705674
0 308575 0 308575
fi=/rust/deps/hashbrown-0.14.3/src/set.rs
865 925725 0 308575
cfi=/rust/deps/hashbrown-0.14.3/src/map.rs
cfn=hashbrown::map::HashMap<K,V,S,A>::contains_key
calls=308575 1355 
865 31948288 2751433
fi=/rustc/7cf61ebde7b22796c69757901dd346d0fe70bd97/library/core/src/iter/traits/iterator.rs
2462 617150 0 0 1 0 0 1
0 280645 0 280645
fi=/rust/deps/hashbrown-0.14.3/src/set.rs
865 841935 0 280645
cfi=/rust/deps/hashbrown-0.14.3/src/map.rs
cfn=hashbrown::map::HashMap<K,V,S,A>::contains_key
calls=280645 1355 
865 29031643 2497768
fi=/rustc/7cf61ebde7b22796c69757901dd346d0fe70bd97/library/core/src/iter/traits/iterator.rs
2462 561290
0 250051 0 250051
fi=/rust/deps/hashbrown-0.14.3/src/set.rs
865 750153 0 250051
cfi=/rust/deps/hashbrown-0.14.3/src/map.rs
cfn=hashbrown::map::HashMap<K,V,S,A>::contains_key
calls=250051 1355 
865 25883153 2228038
fi=/rustc/7cf61ebde7b22796c69757901dd346d0fe70bd97/library/core/src/iter/traits/iterator.rs
2462 500102
0 225155 0 225155
fi=/rust/deps/hashbrown-0.14.3/src/set.rs
865 675465 0 225155 1 0 0 1
cfi=/rust/deps/hashbrown-0.14.3/src/map.rs
cfn=hashbrown::map::HashMap<K,V,S,A>::contains_key
calls=225155 1355 
865 23158499 1980569
fi=/rustc/7cf61ebde7b22796c69757901dd346d0fe70bd97/library/core/src/iter/traits/iterator.rs
2462 450310
0 175862 0 175862
fi=/rust/deps/hashbrown-0.14.3/src/set.rs
865 527586 0 175862
cfi=/rust/deps/hashbrown-0.14.3/src/map.rs
cfn=hashbrown::map::HashMap<K,V,S,A>::contains_key
calls=175862 1355 
865 18091586 1547346
fi=/rustc/7cf61ebde7b22796c69757901dd346d0fe70bd97/library/core/src/iter/traits/iterator.rs
2462 351724
0 137568 0 137568
fi=/rust/deps/hashbrown-0.14.3/src/set.rs
865 412704 0 137568
cfi=/rust/deps/hashbrown-0.14.3/src/map.rs
cfn=hashbrown::map::HashMap<K,V,S,A>::contains_key
calls=137568 1355 
865 14292407 1235217
fi=/rustc/7cf61ebde7b22796c69757901dd346d0fe70bd97/library/core/src/iter/traits/iterator.rs
2462 275136
0 134132 0 134132
fi=/rust/deps/hashbrown-0.14.3/src/set.rs
865 402396 0 134132 1 0 0 1
cfi=/rust/deps/hashbrown-0.14.3/src/map.rs
cfn=hashbrown::map::HashMap<K,V,S,A>::contains_key
calls=134132 1355 
865 13899260 1197860
fi=/rustc/7cf61ebde7b22796c69757901dd346d0fe70bd97/library/core/src/iter/traits/iterator.rs
2462 268264
fe=/tmp/benchuj3n5lo1/src/solver.rs
432 865928
89 123704 0 123704
fi=/rustc/7cf61ebde7b22796c69757901dd346d0fe70bd97/library/alloc/src/vec/mod.rs
1921 371112 247408
0 267290 267290 0 1 0 0 1
1921 801870 534580
fi=/rustc/7cf61ebde7b22796c69757901dd346d0fe70bd97/library/alloc/src/raw_vec.rs
239 267290 267290
fi=/rustc/7cf61ebde7b22796c69757901dd346d0fe70bd97/library/core/src/ptr/mut_ptr.rs
1045 534580 267290
fi=/rustc/7cf61ebde7b22796c69757901dd346d0fe70bd97/library/core/src/ptr/mod.rs
1415 534580 0 534580 1 0 24 1 0 24
fi=/rustc/7cf61ebde7b22796c69757901dd346d0fe70bd97/library/alloc/src/vec/mod.rs
1927 267290 0 267290
fe=/tmp/benchuj3n5lo1/src/solver.rs
432 1871030
83 267290 0 267290
fi=/rust/deps/hashbrown-0.14.3/src/raw/mod.rs
3678 267290 267290
2431 534580 0 0 1 0 0 1
fi=/rustc/7cf61ebde7b22796c69757901dd346d0fe70bd97/library/core/src/num/mod.rs
1281 390994
fi=/rust/deps/hashbrown-0.14.3/src/raw/mod.rs
262 390994
263 390994
fi=/rustc/7cf61ebde7b22796c69757901dd346d0fe70bd97/library/alloc/src/alloc.rs
251 781988
fi=/rust/deps/hashbrown-0.14.3/src/raw/mod.rs
3678 390994 390994
fi=/rustc/7cf61ebde7b22796c69757901dd346d0fe70bd97/library/core/src/ptr/mut_ptr.rs
484 390994
fi=/rustc/7cf61ebde7b22796c69757901dd346d0fe70bd97/library/alloc/src/alloc.rs
117 781988 390994 390994
cfi=???
cfn=__rust_dealloc
calls=390994 0 
117 32061508 9383856 5082922
117 390994
fi=/rustc/7cf61ebde7b22796c69757901dd346d0fe70bd97/library/alloc/src/raw_vec.rs
239 390930 390930
fi=/rustc/7cf61ebde7b22796c69757901dd346d0fe70bd97/library/core/src/ptr/mut_ptr.rs
1045 781860 390930 0 1 0 0 1
fi=/rustc/7cf61ebde7b22796c69757901dd346d0fe70bd97/library/core/src/ptr/mod.rs
1415 390930 0 390930
fi=/rustc/7cf61ebde7b22796c69757901dd346d0fe70bd97/library/alloc/src/vec/mod.rs
1927 390930 0 390930
fi=/rust/deps/hashbrown-0.14.3/src/raw/mod.rs
3678 390930 390930
2431 781860
fi=/rustc/7cf61ebde7b22796c69757901dd346d0fe70bd97/library/core/src/num/mod.rs
1281 390930
fi=/rust/deps/hashbrown-0.14.3/src/raw/mod.rs
262 390930
263 390930
fi=/rustc/7cf61ebde7b22796c69757901dd346d0fe70bd97/library/alloc/src/alloc.rs
251 781860
fi=/rust/deps/hashbrown-0.14.3/src/raw/mod.rs
3678 390930 390930
fi=/rustc/7cf61ebde7b22796c69757901dd346d0fe70bd97/library/core/src/ptr/mut_ptr.rs
484 390930
fi=/rustc/7cf61ebde7b22796c69757901dd346d0fe70bd97/library/alloc/src/alloc.rs
117 781860 390930 390930 1 0 0 1
cfi=???
cfn=__rust_dealloc
calls=390930 0 
117 32056260 9382320 5082090
fi=/rustc/7cf61ebde7b22796c69757901dd346d0fe70bd97/library/alloc/src/vec/mod.rs
1994 1172790 390930
1998 781860 0 390930
fi=/rustc/7cf61ebde7b22796c69757901dd346d0fe70bd97/library/alloc/src/raw_vec.rs
239 390930 390930
fi=/rustc/7cf61ebde7b22796c69757901dd346d0fe70bd97/library/core/src/ptr/const_ptr.rs
944 390930
fi=/rustc/7cf61ebde7b22796c69757901dd346d0fe70bd97/library/core/src/ptr/mod.rs
1215 781860 390930 390930
fe=/tmp/benchuj3n5lo1/src/solver.rs
431 781860
432 781860 0 0 1 0 0 1
0 390930 390930
432 781860
0 390930 390930
432 781860
100 390930 0 390930
102 1563720 0 390930
cfn=<libsolver::solver::IterativeDFS as libsolver::solver::Solver>::try_solve::all_affecting
calls=390930 50 
102 788042563 82525581 46306714
0 781860
128 3060218 0 0 1 0 0 1
0 2525766 0 1262883
fi=/rust/deps/hashbrown-0.14.3/src/set.rs
865 3788649 0 1262883
cfi=/rust/deps/hashbrown-0.14.3/src/map.rs
cfn=hashbrown::map::HashMap<K,V,S,A>::contains_key
calls=1262883 1355 
865 130697081 11251286
fi=/rustc/7cf61ebde7b22796c69757901dd346d0fe70bd97/library/core/src/iter/traits/iterator.rs
2462 2649470
fe=/tmp/benchuj3n5lo1/src/solver.rs
111 267226 0 267226
fi=/rustc/7cf61ebde7b22796c69757901dd346d0fe70bd97/library/alloc/src/vec/mod.rs
1921 801678 534452
fe=/tmp/benchuj3n5lo1/src/solver.rs
0 123704 123704 0 1 0 0 1
fi=/rustc/7cf61ebde7b22796c69757901dd346d0fe70bd97/library/alloc/src/vec/mod.rs
1921 371112 247408
fi=/rustc/7cf61ebde7b22796c69757901dd346d0fe70bd97/library/alloc/src/raw_vec.rs
239 123704 123704
fi=/rustc/7cf61ebde7b22796c69757901dd346d0fe70bd97/library/core/src/ptr/mut_ptr.rs
1045 247408 123704
fi=/rustc/7cf61ebde7b22796c69757901dd346d0fe70bd97/library/core/src/ptr/mod.rs
1415 247408 0 247408
fi=/rustc/7cf61ebde7b22796c69757901dd346d0fe70bd97/library/alloc/src/vec/mod.rs
1927 123704 0 123704
fe=/tmp/benchuj3n5lo1/src/solver.rs
107 123704 0 123704
fi=/rust/deps/hashbrown-0.14.3/src/raw/mod.rs
3678 123704 123704 0 1 0 0 1
2431 247408
fe=/tmp/benchuj3n5lo1/src/solver.rs
94 13 6 6 2 0 0 2
362 1 1 1
cfi=/rustc/7cf61ebde7b22796c69757901dd346d0fe70bd97/library/core/src/ops/function.rs
cfn=libsolver::solver::Sudoku::filled
calls=1 294 
362 22 7 0 3 0 0 3
362 4
0 1
362 1 1 1
cfn=libsolver::solver::Sudoku::valid
calls=1 357 
362 21478 4029 2210 28 0 0 28
fi=/rustc/7cf61ebde7b22796c69757901dd346d0fe70bd97/library/core/src/bool.rs
34 1
fe=/tmp/benchuj3n5lo1/src/solver.rs
233 18 6 6 2 0 1 2
fi=/rustc/7cf61ebde7b22796c69757901dd346d0fe70bd97/library/core/src/ptr/mod.rs
1215 1 1
fi=/rustc/7cf61ebde7b22796c69757901dd346d0fe70bd97/library/core/src/option.rs
1201 1
fi=/rustc/7cf61ebde7b22796c69757901dd346d0fe70bd97/library/core/src/result.rs
1028 1
fi=/rustc/7cf61ebde7b22796c69757901dd346d0fe70bd97/library/core/src/ptr/mod.rs
1215 8 8
fi=/rustc/7cf61ebde7b22796c69757901dd346d0fe70bd97/library/core/src/option.rs
1201 8
fi=/rustc/7cf61ebde7b22796c69757901dd346d0fe70bd97/library/core/src/result.rs
1028 8
fi=/rustc/7cf61ebde7b22796c69757901dd346d0fe70bd97/library/core/src/iter/adapters/map.rs
0 9 9
fi=/rustc/7cf61ebde7b22796c69757901dd346d0fe70bd97/library/core/src/option.rs
1201 9
fi=/rustc/7cf61ebde7b22796c69757901dd346d0fe70bd97/library/core/src/result.rs
1028 9
fi=/rustc/7cf61ebde7b22796c69757901dd346d0fe70bd97/library/core/src/iter/adapters/map.rs
0 9 9 0 1 0 0 1
fi=/rustc/7cf61ebde7b22796c69757901dd346d0fe70bd97/library/core/src/option.rs
1201 9
fi=/rustc/7cf61ebde7b22796c69757901dd346d0fe70bd97/library/core/src/result.rs
1028 9
fi=/rustc/7cf61ebde7b22796c69757901dd346d0fe70bd97/library/core/src/iter/adapters/map.rs
0 9 9
fi=/rustc/7cf61ebde7b22796c69757901dd346d0fe70bd97/library/core/src/option.rs
1201 9
fi=/rustc/7cf61ebde7b22796c69757901dd346d0fe70bd97/library/core/src/result.rs
1028 9
fi=/rustc/7cf61ebde7b22796c69757901dd346d0fe70bd97/library/core/src/iter/adapters/map.rs
0 9 9
fi=/rustc/7cf61ebde7b22796c69757901dd346d0fe70bd97/library/core/src/option.rs
1201 9
fi=/rustc/7cf61ebde7b22796c69757901dd346d0fe70bd97/library/core/src/result.rs
1028 9
fi=/rustc/7cf61ebde7b22796c69757901dd346d0fe70bd97/library/core/src/iter/adapters/map.rs
0 9 9
fi=/rustc/7cf61ebde7b22796c69757901dd346d0fe70bd97/library/core/src/option.rs
1201 9
fi=/rustc/7cf61ebde7b22796c69757901dd346d0fe70bd97/library/core/src/result.rs
1028 9
fi=/rustc/7cf61ebde7b22796c69757901dd346d0fe70bd97/library/core/src/iter/adapters/map.rs
0 9 9
fi=/rustc/7cf61ebde7b22796c69757901dd346d0fe70bd97/library/core/src/option.rs
1201 9
fi=/rustc/7cf61ebde7b22796c69757901dd346d0fe70bd97/library/core/src/result.rs
1028 9 0 0 1 0 0 1
fi=/rustc/7cf61ebde7b22796c69757901dd346d0fe70bd97/library/core/src/iter/adapters/map.rs
0 9 9
fi=/rustc/7cf61ebde7b22796c69757901dd346d0fe70bd97/library/core/src/option.rs
1201 9
fi=/rustc/7cf61ebde7b22796c69757901dd346d0fe70bd97/library/core/src/result.rs
1028 9
fi=/rustc/7cf61ebde7b22796c69757901dd346d0fe70bd97/library/core/src/iter/adapters/map.rs
0 9 9
fi=/rustc/7cf61ebde7b22796c69757901dd346d0fe70bd97/library/core/src/option.rs
1201 9
fi=/rustc/7cf61ebde7b22796c69757901dd346d0fe70bd97/library/core/src/result.rs
1028 9
fi=/rustc/7cf61ebde7b22796c69757901dd346d0fe70bd97/library/core/src/mem/maybe_uninit.rs
494 81 0 81 1 0 0 1
fi=/rustc/7cf61ebde7b22796c69757901dd346d0fe70bd97/library/core/src/array/mod.rs
816 36 9 0 1 0 0 1
108 13 6 5 1 0 0 1
fi=/rustc/7cf61ebde7b22796c69757901dd346d0fe70bd97/library/core/src/bool.rs
34 2
fi=/rustc/7cf61ebde7b22796c69757901dd346d0fe70bd97/library/core/src/option.rs
1202 10 5 5 1 0 0 1
fe=/tmp/benchuj3n5lo1/src/solver.rs
93 2 0 1
0 1 0 1
fi=/rustc/7cf61ebde7b22796c69757901dd346d0fe70bd97/library/alloc/src/raw_vec.rs
530 1 1
256 2
530 1 1
fi=/rustc/7cf61ebde7b22796c69757901dd346d0fe70bd97/library/core/src/num/mod.rs
1281 2 0 0 1 0 0 1
fi=/rustc/7cf61ebde7b22796c69757901dd346d0fe70bd97/library/alloc/src/alloc.rs
117 2 1 1
cfi=???
cfn=__rust_dealloc
calls=1 0 
117 155 41 25 8 0 0 8
fi=/rustc/7cf61ebde7b22796c69757901dd346d0fe70bd97/library/alloc/src/raw_vec.rs
530 1 1
256 2
530 1 1
fi=/rustc/7cf61ebde7b22796c69757901dd346d0fe70bd97/library/core/src/num/mod.rs
1281 1
fi=/rustc/7cf61ebde7b22796c69757901dd346d0fe70bd97/library/alloc/src/alloc.rs
117 2 1 1
cfi=???
cfn=__rust_dealloc
calls=1 0 
117 82 24 13
fe=/tmp/benchuj3n5lo1/src/solver.rs
118 9 7

fl=/rustc/7cf61ebde7b22796c69757901dd346d0fe70bd97/library/std/src/rt.rs
fn=std::rt::lang_start_internal
fi=/rustc/7cf61ebde7b22796c69757901dd346d0fe70bd97/library/core/src/ops/function.rs
cfn=std::rt::lang_start::{{closure}}
calls=1 166 
284 2116919003 228706942 119111850 140 2 50 140 0 44
fe=/rustc/7cf61ebde7b22796c69757901dd346d0fe70bd97/library/std/src/rt.rs

fn=std::rt::lang_start::{{closure}}
cfi=/rustc/7cf61ebde7b22796c69757901dd346d0fe70bd97/library/std/src/sys_common/backtrace.rs
cfn=std::sys_common::backtrace::__rust_begin_short_backtrace
calls=1 151 
166 2116919003 228706942 119111850 140 2 50 140 0 44

fl=/rustc/7cf61ebde7b22796c69757901dd346d0fe70bd97/library/core/src/iter/adapters/flatten.rs
fn=<core::iter::adapters::map::Map<I,F> as core::iter::traits::iterator::Iterator>::try_fold
510 195 65 0 1 0 0 1
0 64 64
fi=/rustc/7cf61ebde7b22796c69757901dd346d0fe70bd97/library/core/src/ptr/non_null.rs
1796 64
fi=/rustc/7cf61ebde7b22796c69757901dd346d0fe70bd97/library/core/src/slice/iter/macros.rs
162 64
0 56 56
fi=/rustc/7cf61ebde7b22796c69757901dd346d0fe70bd97/library/core/src/ops/control_flow.rs
111 280
fi=/rustc/7cf61ebde7b22796c69757901dd346d0fe70bd97/library/core/src/option.rs
606 56 56
fi=/rustc/7cf61ebde7b22796c69757901dd346d0fe70bd97/library/core/src/ops/control_flow.rs
111 56
fi=/rustc/7cf61ebde7b22796c69757901dd346d0fe70bd97/library/core/src/option.rs
606 14 14
fi=/rustc/7cf61ebde7b22796c69757901dd346d0fe70bd97/library/core/src/ops/control_flow.rs
111 14
fi=/rustc/7cf61ebde7b22796c69757901dd346d0fe70bd97/library/core/src/slice/iter/macros.rs
0 15
fi=/rustc/7cf61ebde7b22796c69757901dd346d0fe70bd97/library/core/src/ptr/non_null.rs
1796 15
fi=/rustc/7cf61ebde7b22796c69757901dd346d0fe70bd97/library/core/src/iter/adapters/enumerate.rs
87 15
fi=/rustc/7cf61ebde7b22796c69757901dd346d0fe70bd97/library/core/src/ptr/non_null.rs
1796 15
fi=/rustc/7cf61ebde7b22796c69757901dd346d0fe70bd97/library/core/src/slice/iter/macros.rs
162 15
fi=/rustc/7cf61ebde7b22796c69757901dd346d0fe70bd97/library/core/src/iter/adapters/enumerate.rs
0 1 0 1
fi=/rustc/7cf61ebde7b22796c69757901dd346d0fe70bd97/library/core/src/iter/adapters/fuse.rs
374 30 10 0 1 0 0 1
0 10 10
fi=/rustc/7cf61ebde7b22796c69757901dd346d0fe70bd97/library/core/src/ptr/non_null.rs
1796 10
fi=/rustc/7cf61ebde7b22796c69757901dd346d0fe70bd97/library/core/src/slice/iter/macros.rs
162 10
0 9 9
162 27
fi=/rustc/7cf61ebde7b22796c69757901dd346d0fe70bd97/library/core/src/option.rs
606 9 9
fi=/rustc/7cf61ebde7b22796c69757901dd346d0fe70bd97/library/core/src/ops/control_flow.rs
111 9
fi=/rustc/7cf61ebde7b22796c69757901dd346d0fe70bd97/library/core/src/option.rs
606 2 2
fi=/rustc/7cf61ebde7b22796c69757901dd346d0fe70bd97/library/core/src/ops/control_flow.rs
111 2 0 0 1 0 0 1
fe=/rustc/7cf61ebde7b22796c69757901dd346d0fe70bd97/library/core/src/iter/adapters/flatten.rs
516 1 0 1 1 0 0 1
518 3 1
521 2 0 1 1 0 0 1
0 1 0 1
fi=/rustc/7cf61ebde7b22796c69757901dd346d0fe70bd97/library/core/src/iter/adapters/map.rs
123 2 1
fi=/rustc/7cf61ebde7b22796c69757901dd346d0fe70bd97/library/core/src/slice/iter/macros.rs
109 165 0 55 1 0 0 1
fi=/rustc/7cf61ebde7b22796c69757901dd346d0fe70bd97/library/core/src/iter/adapters/enumerate.rs
0 385 0 55
fi=/tmp/benchuj3n5lo1/src/solver.rs
374 605
fi=/rustc/7cf61ebde7b22796c69757901dd346d0fe70bd97/library/core/src/ops/control_flow.rs
123 55 0 55
fe=/rustc/7cf61ebde7b22796c69757901dd346d0fe70bd97/library/core/src/iter/adapters/flatten.rs
0 55 0 55
fi=/rustc/7cf61ebde7b22796c69757901dd346d0fe70bd97/library/core/src/iter/adapters/map.rs
123 159 55 0 2 0 0 2
fi=/rustc/7cf61ebde7b22796c69757901dd346d0fe70bd97/library/core/src/ops/control_flow.rs
0 4
123 10
fi=/rustc/7cf61ebde7b22796c69757901dd346d0fe70bd97/library/core/src/slice/iter/macros.rs
109 27 0 9 1 0 0 1
fi=/rustc/7cf61ebde7b22796c69757901dd346d0fe70bd97/library/core/src/option.rs
1568 9 0 9
fi=/rustc/7cf61ebde7b22796c69757901dd346d0fe70bd97/library/core/src/slice/iter/macros.rs
109 9 0 9
fi=/rustc/7cf61ebde7b22796c69757901dd346d0fe70bd97/library/core/src/iter/adapters/enumerate.rs
0 90 0 9 1 0 0 1
fi=/rustc/7cf61ebde7b22796c69757901dd346d0fe70bd97/library/core/src/ops/control_flow.rs
123 18 0 9
fe=/rustc/7cf61ebde7b22796c69757901dd346d0fe70bd97/library/core/src/iter/adapters/flatten.rs
0 9 0 9
fi=/rustc/7cf61ebde7b22796c69757901dd346d0fe70bd97/library/core/src/iter/adapters/map.rs
123 18 9
fe=/rustc/7cf61ebde7b22796c69757901dd346d0fe70bd97/library/core/src/iter/adapters/flatten.rs

fl=/rustc/7cf61ebde7b22796c69757901dd346d0fe70bd97/library/std/src/sys/pal/common/thread_local/fast_local.rs
fn=std::sys::pal::common::thread_local::fast_local::Key<T>::try_initialize
188 2 0 1 1 0 0 1
94 2
fi=/rustc/7cf61ebde7b22796c69757901dd346d0fe70bd97/library/std/src/hash/random.rs
68 1 1 1 1 0 0 1
cfi=/rustc/7cf61ebde7b22796c69757901dd346d0fe70bd97/library/std/src/sys/pal/unix/rand.rs
cfn=std::sys::pal::unix::rand::hashmap_random_keys
calls=1 1 
68 55 16 8 7 1 0 7
fi=/rustc/7cf61ebde7b22796c69757901dd346d0fe70bd97/library/core/src/ptr/mod.rs
1415 4 0 3
fe=/rustc/7cf61ebde7b22796c69757901dd346d0fe70bd97/library/std/src/sys/pal/common/thread_local/fast_local.rs
196 3 2

fl=/rustc/7cf61ebde7b22796c69757901dd346d0fe70bd97/library/std/src/sys_common/backtrace.rs
fn=std::sys_common::backtrace::__rust_begin_short_backtrace
fi=/rustc/7cf61ebde7b22796c69757901dd346d0fe70bd97/library/core/src/ops/function.rs
cfi=/home/jalil/.local/share/cargo/registry/src/index.crates.io-6f17d22bba15001f/iai-callgrind-0.10.2/src/macros.rs
cfn=dfs_iai::main
calls=1 346 
250 2116919003 228706942 119111850 140 2 50 140 0 44
fe=/rustc/7cf61ebde7b22796c69757901dd346d0fe70bd97/library/std/src/sys_common/backtrace.rs

fl=/rustc/7cf61ebde7b22796c69757901dd346d0fe70bd97/library/std/src/sys/pal/unix/rand.rs
fn=std::sys::pal::unix::rand::hashmap_random_keys
1 7 0 6 1 0 0 1
4 2 0 1
fi=/rustc/7cf61ebde7b22796c69757901dd346d0fe70bd97/library/core/src/sync/atomic.rs
3293 1 1
fe=/rustc/7cf61ebde7b22796c69757901dd346d0fe70bd97/library/std/src/sys/pal/unix/rand.rs
93 2
0 9 3 0 1 0 0 1
fi=/rustc/7cf61ebde7b22796c69757901dd346d0fe70bd97/library/core/src/sync/atomic.rs
3293 1 1 0 1 1 0 1
fe=/rustc/7cf61ebde7b22796c69757901dd346d0fe70bd97/library/std/src/sys/pal/unix/rand.rs
53 2
fi=/rustc/7cf61ebde7b22796c69757901dd346d0fe70bd97/library/std/src/sys/pal/unix/weak.rs
165 2
166 4 0 1
cob=/nix/store/ddwyrxif62r8n6xclvskjyy6szdhvj60-glibc-2.39-5/lib/libc.so.6
cfi=???
cfn=getrandom
calls=1 0 
166 8 2 0 1 0 0 1
fe=/rustc/7cf61ebde7b22796c69757901dd346d0fe70bd97/library/std/src/sys/pal/unix/rand.rs
55 3
129 2 0 0 1 0 0 1
98 2
fi=/rustc/7cf61ebde7b22796c69757901dd346d0fe70bd97/library/core/src/result.rs
746 2 2 0 1 0 0 1
fe=/rustc/7cf61ebde7b22796c69757901dd346d0fe70bd97/library/std/src/sys/pal/unix/rand.rs
11 8 7 0 1 0 0 1

fl=/rust/deps/hashbrown-0.14.3/src/map.rs
fn=hashbrown::map::HashMap<K,V,S,A>::insert
1751 56950140 0 34170084 1 0 0 1
fi=/rustc/7cf61ebde7b22796c69757901dd346d0fe70bd97/library/core/src/hash/mod.rs
700 34170084 22780056 0 1 0 0 1
fi=/rustc/7cf61ebde7b22796c69757901dd346d0fe70bd97/library/core/src/hash/sip.rs
207 22780056
208 22780056
209 11390028
138 34170084 0 0 1 0 0 1
fi=/rustc/7cf61ebde7b22796c69757901dd346d0fe70bd97/library/core/src/num/mod.rs
1181 22780056
fi=/rustc/7cf61ebde7b22796c69757901dd346d0fe70bd97/library/core/src/hash/sip.rs
320 11390028
366 11390028
fi=/rustc/7cf61ebde7b22796c69757901dd346d0fe70bd97/library/core/src/num/mod.rs
1181 11390028
fi=/rustc/7cf61ebde7b22796c69757901dd346d0fe70bd97/library/core/src/hash/sip.rs
320 11390028
fi=/rustc/7cf61ebde7b22796c69757901dd346d0fe70bd97/library/core/src/num/mod.rs
1181 22780056
fi=/rustc/7cf61ebde7b22796c69757901dd346d0fe70bd97/library/core/src/hash/sip.rs
366 11390028
fi=/rustc/7cf61ebde7b22796c69757901dd346d0fe70bd97/library/core/src/num/mod.rs
1181 22780056
fi=/rustc/7cf61ebde7b22796c69757901dd346d0fe70bd97/library/core/src/hash/sip.rs
318 11390028
fi=/rustc/7cf61ebde7b22796c69757901dd346d0fe70bd97/library/core/src/num/mod.rs
1181 22780056
fi=/rustc/7cf61ebde7b22796c69757901dd346d0fe70bd97/library/core/src/hash/sip.rs
366 22780056
fi=/rustc/7cf61ebde7b22796c69757901dd346d0fe70bd97/library/core/src/num/mod.rs
1181 11390028
fi=/rustc/7cf61ebde7b22796c69757901dd346d0fe70bd97/library/core/src/hash/sip.rs
322 11390028
fi=/rustc/7cf61ebde7b22796c69757901dd346d0fe70bd97/library/core/src/num/mod.rs
1181 22780056 0 0 1 0 0 1
fi=/rustc/7cf61ebde7b22796c69757901dd346d0fe70bd97/library/core/src/hash/sip.rs
371 11390028
fi=/rustc/7cf61ebde7b22796c69757901dd346d0fe70bd97/library/core/src/num/mod.rs
1181 11390028
fi=/rustc/7cf61ebde7b22796c69757901dd346d0fe70bd97/library/core/src/hash/sip.rs
324 11390028
fi=/rustc/7cf61ebde7b22796c69757901dd346d0fe70bd97/library/core/src/num/mod.rs
1181 22780056
fi=/rustc/7cf61ebde7b22796c69757901dd346d0fe70bd97/library/core/src/hash/sip.rs
371 11390028
fi=/rustc/7cf61ebde7b22796c69757901dd346d0fe70bd97/library/core/src/num/mod.rs
1181 45560112
fi=/rustc/7cf61ebde7b22796c69757901dd346d0fe70bd97/library/core/src/hash/sip.rs
371 11390028
fi=/rustc/7cf61ebde7b22796c69757901dd346d0fe70bd97/library/core/src/num/mod.rs
1181 11390028
fi=/rustc/7cf61ebde7b22796c69757901dd346d0fe70bd97/library/core/src/hash/sip.rs
371 11390028
fi=/rustc/7cf61ebde7b22796c69757901dd346d0fe70bd97/library/core/src/num/mod.rs
1181 22780056
fi=/rustc/7cf61ebde7b22796c69757901dd346d0fe70bd97/library/core/src/hash/sip.rs
372 11390028
fi=/rustc/7cf61ebde7b22796c69757901dd346d0fe70bd97/library/core/src/num/mod.rs
1181 34170084 0 0 1 0 0 1
fi=/rustc/7cf61ebde7b22796c69757901dd346d0fe70bd97/library/core/src/hash/sip.rs
372 11390028
fi=/rustc/7cf61ebde7b22796c69757901dd346d0fe70bd97/library/core/src/num/mod.rs
1181 45560112
fi=/rustc/7cf61ebde7b22796c69757901dd346d0fe70bd97/library/core/src/hash/sip.rs
372 11390028
fi=/rustc/7cf61ebde7b22796c69757901dd346d0fe70bd97/library/core/src/num/mod.rs
1181 11390028
fi=/rustc/7cf61ebde7b22796c69757901dd346d0fe70bd97/library/core/src/hash/sip.rs
372 11390028
fi=/rustc/7cf61ebde7b22796c69757901dd346d0fe70bd97/library/core/src/num/mod.rs
1181 45560112
fi=/rustc/7cf61ebde7b22796c69757901dd346d0fe70bd97/library/core/src/hash/sip.rs
373 11390028
fi=/rustc/7cf61ebde7b22796c69757901dd346d0fe70bd97/library/core/src/num/mod.rs
1181 11390028
fi=/rustc/7cf61ebde7b22796c69757901dd346d0fe70bd97/library/core/src/hash/sip.rs
373 11390028
fi=/rustc/7cf61ebde7b22796c69757901dd346d0fe70bd97/library/core/src/num/mod.rs
1181 22780056 0 0 1 0 0 1
fi=/rustc/7cf61ebde7b22796c69757901dd346d0fe70bd97/library/core/src/hash/sip.rs
327 11390028
fi=/rustc/7cf61ebde7b22796c69757901dd346d0fe70bd97/library/core/src/num/mod.rs
1181 22780056
fi=/rustc/7cf61ebde7b22796c69757901dd346d0fe70bd97/library/core/src/hash/sip.rs
327 22780056
fi=/rust/deps/hashbrown-0.14.3/src/raw/mod.rs
1176 22780056 11390028
1425 22780056 22780056
155 102510252 0 0 1 0 0 1
0 11390028
fi=/rustc/7cf61ebde7b22796c69757901dd346d0fe70bd97/library/core/src/intrinsics.rs
2774 11390028 11390028
fi=/rustc/7cf61ebde7b22796c69757901dd346d0fe70bd97/library/core/src/../../stdarch/crates/core_arch/src/x86/sse2.rs
1428 45560112
fi=/rust/deps/hashbrown-0.14.3/src/raw/mod.rs
1982 11390028
fi=/rustc/7cf61ebde7b22796c69757901dd346d0fe70bd97/library/core/src/num/nonzero.rs
1524 11390028
fi=/rust/deps/hashbrown-0.14.3/src/raw/mod.rs
1982 11556657
fi=/rustc/7cf61ebde7b22796c69757901dd346d0fe70bd97/library/core/src/num/nonzero.rs
1524 166629
fi=/rust/deps/hashbrown-0.14.3/src/raw/mod.rs
1982 166629
fi=/rust/deps/hashbrown-0.14.3/src/raw/bitmask.rs
50 5604507
129 11209014
fi=/rust/deps/hashbrown-0.14.3/src/raw/mod.rs
1983 11209014
fi=/rustc/7cf61ebde7b22796c69757901dd346d0fe70bd97/library/core/src/cmp.rs
1611 5604507
fi=/rustc/7cf61ebde7b22796c69757901dd346d0fe70bd97/library/core/src/num/nonzero.rs
1519 5604507 5604507
fi=/rust/deps/hashbrown-0.14.3/src/raw/mod.rs
1985 11042385
fi=/rustc/7cf61ebde7b22796c69757901dd346d0fe70bd97/library/core/src/option.rs
606 11904300 0 0 1 0 0 1
fi=/rust/deps/hashbrown-0.14.3/src/raw/mod.rs
1992 5952150
fi=/rustc/7cf61ebde7b22796c69757901dd346d0fe70bd97/library/core/src/../../stdarch/crates/core_arch/src/x86/sse2.rs
1428 5952150
fi=/rustc/7cf61ebde7b22796c69757901dd346d0fe70bd97/library/core/src/num/nonzero.rs
1524 17856450
fi=/rust/deps/hashbrown-0.14.3/src/raw/bitmask.rs
50 5952150
fi=/rust/deps/hashbrown-0.14.3/src/raw/mod.rs
1909 11904300
fi=/rustc/7cf61ebde7b22796c69757901dd346d0fe70bd97/library/core/src/../../stdarch/crates/core_arch/src/x86/sse2.rs
1428 11904300
fi=/rust/deps/hashbrown-0.14.3/src/raw/bitmask.rs
44 5952150
fi=/rust/deps/hashbrown-0.14.3/src/raw/mod.rs
1998 5952150 0 0 1 0 0 1
2818 5952150 5952150
116 5952150
1871 5952150
129 5952150 0 0 1 0 0 1
fi=/rustc/7cf61ebde7b22796c69757901dd346d0fe70bd97/library/core/src/convert/num.rs
90 5952150
fi=/rust/deps/hashbrown-0.14.3/src/raw/mod.rs
2636 5952150 0 5952150
fi=/rustc/7cf61ebde7b22796c69757901dd346d0fe70bd97/library/core/src/num/mod.rs
1281 5952150
fi=/rust/deps/hashbrown-0.14.3/src/raw/mod.rs
2768 5952150
2771 5952150 0 5952150
2772 5952150 0 5952150
2638 5952150 0 5952150
fi=/rustc/7cf61ebde7b22796c69757901dd346d0fe70bd97/library/core/src/ptr/mut_ptr.rs
484 5952150
fi=/rustc/7cf61ebde7b22796c69757901dd346d0fe70bd97/library/core/src/ptr/mod.rs
1415 5952150 0 5952150
fi=/rustc/7cf61ebde7b22796c69757901dd346d0fe70bd97/library/core/src/num/nonzero.rs
1524 11904300
fe=/rust/deps/hashbrown-0.14.3/src/map.rs
1766 23808600 23808600
fi=/rustc/7cf61ebde7b22796c69757901dd346d0fe70bd97/library/core/src/num/nonzero.rs
1524 10875756
fe=/rust/deps/hashbrown-0.14.3/src/map.rs
1766 21751512 21751512

fn=hashbrown::map::HashMap<K,V,S,A>::contains_key
1355 7037404 3518702 0 1 0 0 1
fi=/rustc/7cf61ebde7b22796c69757901dd346d0fe70bd97/library/core/src/hash/mod.rs
700 10556106 7037404 0 1 0 0 1
fi=/rustc/7cf61ebde7b22796c69757901dd346d0fe70bd97/library/core/src/hash/sip.rs
207 7037404
208 7037404
209 3518702
fi=/rustc/7cf61ebde7b22796c69757901dd346d0fe70bd97/library/core/src/hash/mod.rs
941 7037404 3518702
fi=/rustc/7cf61ebde7b22796c69757901dd346d0fe70bd97/library/core/src/hash/sip.rs
318 7037404 0 0 1 0 0 1
fi=/rustc/7cf61ebde7b22796c69757901dd346d0fe70bd97/library/core/src/num/mod.rs
1181 7037404
fi=/rustc/7cf61ebde7b22796c69757901dd346d0fe70bd97/library/core/src/hash/sip.rs
320 3518702
366 3518702
fi=/rustc/7cf61ebde7b22796c69757901dd346d0fe70bd97/library/core/src/num/mod.rs
1181 3518702
fi=/rustc/7cf61ebde7b22796c69757901dd346d0fe70bd97/library/core/src/hash/sip.rs
320 3518702
fi=/rustc/7cf61ebde7b22796c69757901dd346d0fe70bd97/library/core/src/num/mod.rs
1181 7037404
fi=/rustc/7cf61ebde7b22796c69757901dd346d0fe70bd97/library/core/src/hash/sip.rs
366 3518702
fi=/rustc/7cf61ebde7b22796c69757901dd346d0fe70bd97/library/core/src/num/mod.rs
1181 14074808
fi=/rustc/7cf61ebde7b22796c69757901dd346d0fe70bd97/library/core/src/hash/sip.rs
366 7037404
fi=/rustc/7cf61ebde7b22796c69757901dd346d0fe70bd97/library/core/src/num/mod.rs
1181 3518702
fi=/rustc/7cf61ebde7b22796c69757901dd346d0fe70bd97/library/core/src/hash/sip.rs
322 3518702
fi=/rustc/7cf61ebde7b22796c69757901dd346d0fe70bd97/library/core/src/num/mod.rs
1181 7037404 0 0 1 0 0 1
fi=/rustc/7cf61ebde7b22796c69757901dd346d0fe70bd97/library/core/src/hash/sip.rs
371 3518702
fi=/rustc/7cf61ebde7b22796c69757901dd346d0fe70bd97/library/core/src/num/mod.rs
1181 3518702
fi=/rustc/7cf61ebde7b22796c69757901dd346d0fe70bd97/library/core/src/hash/sip.rs
324 3518702
fi=/rustc/7cf61ebde7b22796c69757901dd346d0fe70bd97/library/core/src/num/mod.rs
1181 7037404
fi=/rustc/7cf61ebde7b22796c69757901dd346d0fe70bd97/library/core/src/hash/sip.rs
371 3518702
fi=/rustc/7cf61ebde7b22796c69757901dd346d0fe70bd97/library/core/src/num/mod.rs
1181 14074808
fi=/rustc/7cf61ebde7b22796c69757901dd346d0fe70bd97/library/core/src/hash/sip.rs
371 3518702
fi=/rustc/7cf61ebde7b22796c69757901dd346d0fe70bd97/library/core/src/num/mod.rs
1181 3518702
fi=/rustc/7cf61ebde7b22796c69757901dd346d0fe70bd97/library/core/src/hash/sip.rs
371 3518702
fi=/rustc/7cf61ebde7b22796c69757901dd346d0fe70bd97/library/core/src/num/mod.rs
1181 7037404
fi=/rustc/7cf61ebde7b22796c69757901dd346d0fe70bd97/library/core/src/hash/sip.rs
372 3518702
fi=/rustc/7cf61ebde7b22796c69757901dd346d0fe70bd97/library/core/src/num/mod.rs
1181 10556106 0 0 1 0 0 1
fi=/rustc/7cf61ebde7b22796c69757901dd346d0fe70bd97/library/core/src/hash/sip.rs
372 3518702
fi=/rustc/7cf61ebde7b22796c69757901dd346d0fe70bd97/library/core/src/num/mod.rs
1181 14074808
fi=/rustc/7cf61ebde7b22796c69757901dd346d0fe70bd97/library/core/src/hash/sip.rs
372 3518702
fi=/rustc/7cf61ebde7b22796c69757901dd346d0fe70bd97/library/core/src/num/mod.rs
1181 3518702
fi=/rustc/7cf61ebde7b22796c69757901dd346d0fe70bd97/library/core/src/hash/sip.rs
372 3518702
fi=/rustc/7cf61ebde7b22796c69757901dd346d0fe70bd97/library/core/src/num/mod.rs
1181 14074808
fi=/rustc/7cf61ebde7b22796c69757901dd346d0fe70bd97/library/core/src/hash/sip.rs
373 3518702
fi=/rustc/7cf61ebde7b22796c69757901dd346d0fe70bd97/library/core/src/num/mod.rs
1181 3518702
fi=/rustc/7cf61ebde7b22796c69757901dd346d0fe70bd97/library/core/src/hash/sip.rs
373 3518702
fi=/rustc/7cf61ebde7b22796c69757901dd346d0fe70bd97/library/core/src/num/mod.rs
1181 7037404 0 0 1 0 0 1
fi=/rustc/7cf61ebde7b22796c69757901dd346d0fe70bd97/library/core/src/hash/sip.rs
327 3518702
fi=/rustc/7cf61ebde7b22796c69757901dd346d0fe70bd97/library/core/src/num/mod.rs
1181 7037404
fi=/rustc/7cf61ebde7b22796c69757901dd346d0fe70bd97/library/core/src/hash/sip.rs
327 7037404
fe=/rust/deps/hashbrown-0.14.3/src/map.rs
1359 7037404 7037404
fi=/rust/deps/hashbrown-0.14.3/src/raw/mod.rs
155 28149616
0 3518702
fi=/rustc/7cf61ebde7b22796c69757901dd346d0fe70bd97/library/core/src/intrinsics.rs
2774 3518702 3518702 0 1 0 0 1
fi=/rustc/7cf61ebde7b22796c69757901dd346d0fe70bd97/library/core/src/../../stdarch/crates/core_arch/src/x86/sse2.rs
1428 14074808
fi=/rustc/7cf61ebde7b22796c69757901dd346d0fe70bd97/library/core/src/num/nonzero.rs
1524 3518702
fi=/rust/deps/hashbrown-0.14.3/src/raw/mod.rs
2189 3518702
fi=/rustc/7cf61ebde7b22796c69757901dd346d0fe70bd97/library/core/src/num/nonzero.rs
1524 30474
fi=/rust/deps/hashbrown-0.14.3/src/raw/mod.rs
2189 30474
fi=/rust/deps/hashbrown-0.14.3/src/raw/bitmask.rs
50 3158182
129 6316364
fi=/rust/deps/hashbrown-0.14.3/src/raw/mod.rs
2192 6316364
fi=/rustc/7cf61ebde7b22796c69757901dd346d0fe70bd97/library/core/src/cmp.rs
1611 6316364
fi=/rustc/7cf61ebde7b22796c69757901dd346d0fe70bd97/library/core/src/num/nonzero.rs
1519 3158182 3158182
fi=/rust/deps/hashbrown-0.14.3/src/raw/mod.rs
2194 6285890
fi=/rustc/7cf61ebde7b22796c69757901dd346d0fe70bd97/library/core/src/../../stdarch/crates/core_arch/src/x86/sse2.rs
1428 781988
fi=/rust/deps/hashbrown-0.14.3/src/raw/bitmask.rs
44 390994
fi=/rust/deps/hashbrown-0.14.3/src/raw/mod.rs
2199 390994
0 3127708
fe=/rust/deps/hashbrown-0.14.3/src/map.rs
1423 3127708 3127708
0 390994
1423 390994 390994

fl=/home/jalil/.local/share/cargo/registry/src/index.crates.io-6f17d22bba15001f/iai-callgrind-0.10.2/src/macros.rs
fn=dfs_iai::solve_sudoku_group::run
cfi=/tmp/benchuj3n5lo1/benches/dfs-iai.rs
cfn=dfs_iai::solve_sudoku::first
calls=1 7 
795 2116919003 228706942 119111850 140 2 50 140 0 44

fn=dfs_iai::main
cfn=dfs_iai::solve_sudoku_group::run
calls=1 794 
370 2116919003 228706942 119111850 140 2 50 140 0 44

fl=/rustc/7cf61ebde7b22796c69757901dd346d0fe70bd97/library/std/src/alloc.rs
fn=__rdl_alloc
389 781953
fi=/rustc/7cf61ebde7b22796c69757901dd346d0fe70bd97/library/std/src/sys/pal/unix/alloc.rs
13 3127812
14 1563906 781953
cob=/nix/store/ddwyrxif62r8n6xclvskjyy6szdhvj60-glibc-2.39-5/lib/libc.so.6
cfi=???
cfn=malloc
calls=781962 0 
14 32842226 8601528 4691738 0 0 2 0 0 2
fe=/rustc/7cf61ebde7b22796c69757901dd346d0fe70bd97/library/std/src/alloc.rs

fn=__rdl_realloc
406 248 0 155 1 0 0 1
fi=/rustc/7cf61ebde7b22796c69757901dd346d0fe70bd97/library/std/src/sys/pal/unix/alloc.rs
47 124
48 248 155 0 0 1
cob=/nix/store/ddwyrxif62r8n6xclvskjyy6szdhvj60-glibc-2.39-5/lib/libc.so.6
cfi=???
cfn=realloc
calls=31 0 
48 1910 422 255 2 0 9 2 0 5
fe=/rustc/7cf61ebde7b22796c69757901dd346d0fe70bd97/library/std/src/alloc.rs

ob=???
fl=???
fn=0x000000000488a6f0
0 2 1
cob=/nix/store/ddwyrxif62r8n6xclvskjyy6szdhvj60-glibc-2.39-5/lib/libc.so.6
cfi=???
cfn=__memcpy_avx_unaligned_erms
calls=50 0 
0 22 6 4 0 0 1 0 0 1

ob=/nix/store/ddwyrxif62r8n6xclvskjyy6szdhvj60-glibc-2.39-5/lib/ld-linux-x86-64.so.2
fl=???
fn=0x000000000001b7d0
cob=/tmp/benchuj3n5lo1/target/release/deps/dfs_iai-6ca19a207c52434a
cfi=???
cfn=(below main)
calls=1 0 
0 2116919003 228706942 119111850 140 2 50 140 0 44

totals: 2116919003 228706942 119111850 140 2 50 140 0 44
