# callgrind format
version: 1
creator: callgrind-3.22.0
pid: 53889
cmd:  /tmp/benchuj3n5lo1/target/release/deps/dfs_iai-6ca19a207c52434a --iai-run solve_sudoku_group 0 0 dfs_iai::solve_sudoku_group::solve_sudoku
part: 1


desc: I1 cache: 32768 B, 64 B, 8-way associative
desc: D1 cache: 32768 B, 64 B, 8-way associative
desc: LL cache: 8388608 B, 64 B, 16-way associative

desc: Timerange: Basic block 0 - 59903688
desc: Trigger: Program termination

positions: line
events: Ir Dr Dw I1mr D1mr D1mw ILmr DLmr DLmw
summary: 256860348 33627552 19994028 124 1 48 122 0 43


ob=/nix/store/ddwyrxif62r8n6xclvskjyy6szdhvj60-glibc-2.39-5/lib/ld-linux-x86-64.so.2
fl=???
fn=0x000000000001b7d0
cob=/tmp/benchuj3n5lo1/target/release/deps/dfs_iai-6ca19a207c52434a
cfi=???
cfn=(below main)
calls=1 0 
0 256860348 33627552 19994028 124 1 48 122 0 43

ob=/tmp/benchuj3n5lo1/target/release/deps/dfs_iai-6ca19a207c52434a
fl=/tmp/benchuj3n5lo1/benches/dfs-iai.rs
fn=dfs_iai::solve_sudoku::first
cfn=iai_callgrind::bench::solve_sudoku
calls=1 9 
7 256860348 33627552 19994028 124 1 48 122 0 43

fn=iai_callgrind::bench::solve_sudoku
9 2 0 0 1 0 0 1
fi=/tmp/benchuj3n5lo1/src/solver.rs
19 3 1 1 1 0 0 1
cfn=<libsolver::solver::IterativeDFS as libsolver::solver::Solver>::try_solve
calls=1 40 
19 256860326 33627543 19994021 121 1 48 119 0 43
fi=/rustc/7cf61ebde7b22796c69757901dd346d0fe70bd97/library/core/src/result.rs
1028 2 1
1029 13 6 6 1 0 0 1
fe=/tmp/benchuj3n5lo1/benches/dfs-iai.rs
11 2 1

fl=/rustc/7cf61ebde7b22796c69757901dd346d0fe70bd97/library/alloc/src/raw_vec.rs
fn=alloc::raw_vec::RawVec<T,A>::reserve::do_reserve_and_handle
300 81 0 54 1 0 0 1
fi=/rustc/7cf61ebde7b22796c69757901dd346d0fe70bd97/library/core/src/num/mod.rs
1281 27
fe=/rustc/7cf61ebde7b22796c69757901dd346d0fe70bd97/library/alloc/src/raw_vec.rs
423 27
0 27 0 0 1 0 0 1
427 54 27
fi=/rustc/7cf61ebde7b22796c69757901dd346d0fe70bd97/library/core/src/cmp.rs
0 135
fi=/rustc/7cf61ebde7b22796c69757901dd346d0fe70bd97/library/core/src/alloc/layout.rs
449 81
fe=/rustc/7cf61ebde7b22796c69757901dd346d0fe70bd97/library/alloc/src/raw_vec.rs
256 54
433 27 27
268 108 0 81 1 0 0 1
0 54
433 54 0 27
cfn=alloc::raw_vec::finish_grow
calls=27 500 
433 2430 621 486
fi=/rustc/7cf61ebde7b22796c69757901dd346d0fe70bd97/library/core/src/result.rs
1946 54 54
fe=/rustc/7cf61ebde7b22796c69757901dd346d0fe70bd97/library/alloc/src/raw_vec.rs
433 27
401 27 0 27
402 27 0 27
306 108 81
300 12 0 8 1 0 0 1
fi=/rustc/7cf61ebde7b22796c69757901dd346d0fe70bd97/library/core/src/num/mod.rs
1281 4
fe=/rustc/7cf61ebde7b22796c69757901dd346d0fe70bd97/library/alloc/src/raw_vec.rs
423 4
0 4 0 0 1 0 0 1
427 8 4
fi=/rustc/7cf61ebde7b22796c69757901dd346d0fe70bd97/library/core/src/cmp.rs
0 36
fi=/rustc/7cf61ebde7b22796c69757901dd346d0fe70bd97/library/core/src/alloc/layout.rs
449 12
fe=/rustc/7cf61ebde7b22796c69757901dd346d0fe70bd97/library/alloc/src/raw_vec.rs
256 8
433 4 4
fi=/rustc/7cf61ebde7b22796c69757901dd346d0fe70bd97/library/core/src/num/mod.rs
1281 4 0 0 1 0 0 1
fe=/rustc/7cf61ebde7b22796c69757901dd346d0fe70bd97/library/alloc/src/raw_vec.rs
268 16 0 12
0 8
433 4 0 4
cfn=alloc::raw_vec::finish_grow
calls=4 500 
433 999 204 141 7 1 10 6 0 5
fi=/rustc/7cf61ebde7b22796c69757901dd346d0fe70bd97/library/core/src/result.rs
1946 8 8
fe=/rustc/7cf61ebde7b22796c69757901dd346d0fe70bd97/library/alloc/src/raw_vec.rs
433 4
401 4 0 4 1 0 0 1
402 4 0 4
306 16 12

fn=alloc::raw_vec::finish_grow
500 155 0 93 1 0 0 1
fi=/rustc/7cf61ebde7b22796c69757901dd346d0fe70bd97/library/core/src/result.rs
827 62
0 31
fe=/rustc/7cf61ebde7b22796c69757901dd346d0fe70bd97/library/alloc/src/raw_vec.rs
513 93 62
fi=/rustc/7cf61ebde7b22796c69757901dd346d0fe70bd97/library/alloc/src/alloc.rs
202 62 0 0 1 0 0 1
fe=/rustc/7cf61ebde7b22796c69757901dd346d0fe70bd97/library/alloc/src/raw_vec.rs
0 31 31
fi=/rustc/7cf61ebde7b22796c69757901dd346d0fe70bd97/library/alloc/src/alloc.rs
136 93 31 31
cfi=???
cfn=__rust_realloc
calls=31 0 
136 2561 577 410 4 1 10 3 0 5
fi=/rustc/7cf61ebde7b22796c69757901dd346d0fe70bd97/library/core/src/result.rs
827 62
828 93 0 31 1 0 0 1
0 62 0 62
fe=/rustc/7cf61ebde7b22796c69757901dd346d0fe70bd97/library/alloc/src/raw_vec.rs
525 124 124

fl=/rustc/7cf61ebde7b22796c69757901dd346d0fe70bd97/library/core/src/ops/function.rs
fn=libsolver::solver::Sudoku::filled
294 8 6 0 2 0 0 2
fi=/rustc/7cf61ebde7b22796c69757901dd346d0fe70bd97/library/core/src/iter/traits/iterator.rs
2462 13
fi=/tmp/benchuj3n5lo1/src/solver.rs
389 1 1
fe=/rustc/7cf61ebde7b22796c69757901dd346d0fe70bd97/library/core/src/ops/function.rs

fl=/rustc/7cf61ebde7b22796c69757901dd346d0fe70bd97/library/std/src/sys/pal/unix/alloc.rs
fn=__rdl_dealloc
42 29 29
cob=/nix/store/ddwyrxif62r8n6xclvskjyy6szdhvj60-glibc-2.39-5/lib/libc.so.6
cfi=???
cfn=free
calls=38 0 
42 2410 694 391 10 0 0 9

fl=/tmp/benchuj3n5lo1/src/solver.rs
fn=<libsolver::solver::IterativeDFS as libsolver::solver::Solver>::try_solve::all_affecting
49 781924 0 0 1 0 0 1
421 1563848
0 781924
430 1563848
0 781924 0 0 1 0 0 1
450 7819240
412 1563848
125 3127696 0 1563848
fi=/rustc/7cf61ebde7b22796c69757901dd346d0fe70bd97/library/core/src/mem/manually_drop.rs
71 781924
fe=/tmp/benchuj3n5lo1/src/solver.rs
459 3127696 0 0 1 0 0 1
fi=/rustc/7cf61ebde7b22796c69757901dd346d0fe70bd97/library/core/src/iter/traits/iterator.rs
2462 2345772 781924
0 33426
fe=/tmp/benchuj3n5lo1/src/solver.rs
130 33426
131 66852
132 33426 0 33426
fi=/rustc/7cf61ebde7b22796c69757901dd346d0fe70bd97/library/core/src/mem/manually_drop.rs
71 33426
fe=/tmp/benchuj3n5lo1/src/solver.rs
459 66852
fi=/rustc/7cf61ebde7b22796c69757901dd346d0fe70bd97/library/core/src/mem/manually_drop.rs
71 748498
fe=/tmp/benchuj3n5lo1/src/solver.rs
459 2278920 0 0 1 0 0 1
fi=/rustc/7cf61ebde7b22796c69757901dd346d0fe70bd97/library/core/src/iter/traits/iterator.rs
2462 2345772 781924
0 153476
fe=/tmp/benchuj3n5lo1/src/solver.rs
130 153476
131 306952
132 153476 0 153476
fi=/rustc/7cf61ebde7b22796c69757901dd346d0fe70bd97/library/core/src/mem/manually_drop.rs
71 153476
fe=/tmp/benchuj3n5lo1/src/solver.rs
459 306952
fi=/rustc/7cf61ebde7b22796c69757901dd346d0fe70bd97/library/core/src/mem/manually_drop.rs
71 628448
fe=/tmp/benchuj3n5lo1/src/solver.rs
459 2038820
fi=/rustc/7cf61ebde7b22796c69757901dd346d0fe70bd97/library/core/src/iter/traits/iterator.rs
2462 2345772 781924
0 684515
fe=/tmp/benchuj3n5lo1/src/solver.rs
130 684515
131 1369030
132 684515 0 684515
fi=/rustc/7cf61ebde7b22796c69757901dd346d0fe70bd97/library/core/src/mem/manually_drop.rs
71 684515
fe=/tmp/benchuj3n5lo1/src/solver.rs
459 1369030
fi=/rustc/7cf61ebde7b22796c69757901dd346d0fe70bd97/library/core/src/mem/manually_drop.rs
71 97409 0 0 1 0 0 1
fe=/tmp/benchuj3n5lo1/src/solver.rs
459 976742
fi=/rustc/7cf61ebde7b22796c69757901dd346d0fe70bd97/library/core/src/iter/traits/iterator.rs
2462 2345772 781924
0 339369
fe=/tmp/benchuj3n5lo1/src/solver.rs
130 339369
131 678738 0 0 1 0 0 1
132 339369 0 339369
fi=/rustc/7cf61ebde7b22796c69757901dd346d0fe70bd97/library/core/src/mem/manually_drop.rs
71 339369
fe=/tmp/benchuj3n5lo1/src/solver.rs
459 678738
fi=/rustc/7cf61ebde7b22796c69757901dd346d0fe70bd97/library/core/src/mem/manually_drop.rs
71 442555
fe=/tmp/benchuj3n5lo1/src/solver.rs
459 1667034
fi=/rustc/7cf61ebde7b22796c69757901dd346d0fe70bd97/library/core/src/iter/traits/iterator.rs
2462 2345772 781924
0 496028
fe=/tmp/benchuj3n5lo1/src/solver.rs
130 496028
131 992056
132 496028 0 496028
fi=/rustc/7cf61ebde7b22796c69757901dd346d0fe70bd97/library/core/src/mem/manually_drop.rs
71 496028
fe=/tmp/benchuj3n5lo1/src/solver.rs
459 992056
fi=/rustc/7cf61ebde7b22796c69757901dd346d0fe70bd97/library/core/src/mem/manually_drop.rs
71 285896
fe=/tmp/benchuj3n5lo1/src/solver.rs
459 1353716 0 0 1 0 0 1
fi=/rustc/7cf61ebde7b22796c69757901dd346d0fe70bd97/library/core/src/iter/traits/iterator.rs
2462 2345772 781924
0 548605
fe=/tmp/benchuj3n5lo1/src/solver.rs
130 548605
131 1097210
132 548605 0 548605
fi=/rustc/7cf61ebde7b22796c69757901dd346d0fe70bd97/library/core/src/mem/manually_drop.rs
71 548605
fe=/tmp/benchuj3n5lo1/src/solver.rs
459 1097210
fi=/rustc/7cf61ebde7b22796c69757901dd346d0fe70bd97/library/core/src/mem/manually_drop.rs
71 233319
fe=/tmp/benchuj3n5lo1/src/solver.rs
459 1248562
fi=/rustc/7cf61ebde7b22796c69757901dd346d0fe70bd97/library/core/src/iter/traits/iterator.rs
2462 2345772 781924 0 1 0 0 1
0 756669
fe=/tmp/benchuj3n5lo1/src/solver.rs
130 756669
131 1513338
132 756669 0 756669
fi=/rustc/7cf61ebde7b22796c69757901dd346d0fe70bd97/library/core/src/mem/manually_drop.rs
71 756669
fe=/tmp/benchuj3n5lo1/src/solver.rs
459 1513338
fi=/rustc/7cf61ebde7b22796c69757901dd346d0fe70bd97/library/core/src/mem/manually_drop.rs
71 25255
fe=/tmp/benchuj3n5lo1/src/solver.rs
459 832434
fi=/rustc/7cf61ebde7b22796c69757901dd346d0fe70bd97/library/core/src/iter/traits/iterator.rs
2462 2345772 781924
0 659420
fe=/tmp/benchuj3n5lo1/src/solver.rs
130 659420
131 1318840
132 659420 0 659420
fi=/rustc/7cf61ebde7b22796c69757901dd346d0fe70bd97/library/core/src/mem/manually_drop.rs
71 659420
fe=/tmp/benchuj3n5lo1/src/solver.rs
459 1318840
fi=/rustc/7cf61ebde7b22796c69757901dd346d0fe70bd97/library/core/src/mem/manually_drop.rs
71 122504 0 0 1 0 0 1
fe=/tmp/benchuj3n5lo1/src/solver.rs
459 1026932
fi=/rustc/7cf61ebde7b22796c69757901dd346d0fe70bd97/library/core/src/iter/traits/iterator.rs
2462 2345772 781924
0 733804
fe=/tmp/benchuj3n5lo1/src/solver.rs
130 733804
131 1467608
132 733804 0 733804
0 1467608
459 733804
0 96240 0 0 1 0 0 1
459 48120
fi=/rustc/7cf61ebde7b22796c69757901dd346d0fe70bd97/library/core/src/iter/traits/iterator.rs
2462 2345772 781924
0 74385
fe=/tmp/benchuj3n5lo1/src/solver.rs
130 74385
131 148770
132 74385 0 74385
fi=/rustc/7cf61ebde7b22796c69757901dd346d0fe70bd97/library/core/src/iter/traits/iterator.rs
2462 2345772 781924
0 111594
fe=/tmp/benchuj3n5lo1/src/solver.rs
130 111594
131 223188
132 111594 0 111594
fi=/rustc/7cf61ebde7b22796c69757901dd346d0fe70bd97/library/core/src/iter/traits/iterator.rs
2462 2345772 781924 0 1 0 0 1
0 154126
fe=/tmp/benchuj3n5lo1/src/solver.rs
130 154126
131 308252
132 154126 0 154126
fi=/rustc/7cf61ebde7b22796c69757901dd346d0fe70bd97/library/core/src/iter/traits/iterator.rs
2462 2345772 781924
0 175597
fe=/tmp/benchuj3n5lo1/src/solver.rs
130 175597
131 351194
132 175597 0 175597
fi=/rustc/7cf61ebde7b22796c69757901dd346d0fe70bd97/library/core/src/iter/traits/iterator.rs
2462 2345772 781924 0 1 0 0 1
0 51400
fe=/tmp/benchuj3n5lo1/src/solver.rs
130 51400
131 102800
132 51400 0 51400
fi=/rustc/7cf61ebde7b22796c69757901dd346d0fe70bd97/library/core/src/iter/traits/iterator.rs
2462 2345772 781924
0 519532
fe=/tmp/benchuj3n5lo1/src/solver.rs
130 519532
131 1039064
132 519532 0 519532
fi=/rustc/7cf61ebde7b22796c69757901dd346d0fe70bd97/library/core/src/iter/traits/iterator.rs
2462 2345772 781924 0 1 0 0 1
0 710892
fe=/tmp/benchuj3n5lo1/src/solver.rs
130 710892
131 1421784
132 710892 0 710892
fi=/rustc/7cf61ebde7b22796c69757901dd346d0fe70bd97/library/core/src/iter/traits/iterator.rs
2462 2345772 781924
0 730476
fe=/tmp/benchuj3n5lo1/src/solver.rs
130 730476
131 1460952
132 730476 0 730476
fi=/rustc/7cf61ebde7b22796c69757901dd346d0fe70bd97/library/core/src/iter/traits/iterator.rs
2462 2345772 781924
0 780569
fe=/tmp/benchuj3n5lo1/src/solver.rs
130 780569
131 1561138
132 780569 0 780569
0 3122276
fi=/rustc/7cf61ebde7b22796c69757901dd346d0fe70bd97/library/core/src/mem/manually_drop.rs
71 780569
fe=/tmp/benchuj3n5lo1/src/solver.rs
459 1561138
0 5420 0 0 1 0 0 1
fi=/rustc/7cf61ebde7b22796c69757901dd346d0fe70bd97/library/core/src/mem/manually_drop.rs
71 1355
fe=/tmp/benchuj3n5lo1/src/solver.rs
459 2710
0 2345772
fi=/rustc/7cf61ebde7b22796c69757901dd346d0fe70bd97/library/core/src/convert/num.rs
53 781924
fe=/tmp/benchuj3n5lo1/src/solver.rs
459 1563848 0 0 1 0 0 1
fi=/rustc/7cf61ebde7b22796c69757901dd346d0fe70bd97/library/core/src/iter/traits/iterator.rs
2462 2345772 781924
0 199821
fe=/tmp/benchuj3n5lo1/src/solver.rs
130 199821
131 399642
132 199821 0 199821
459 1563848
fi=/rustc/7cf61ebde7b22796c69757901dd346d0fe70bd97/library/core/src/iter/traits/iterator.rs
2462 2345772 781924
0 327227
fe=/tmp/benchuj3n5lo1/src/solver.rs
130 327227
131 654454
132 327227 0 327227
459 1563848 0 0 1 0 0 1
fi=/rustc/7cf61ebde7b22796c69757901dd346d0fe70bd97/library/core/src/iter/traits/iterator.rs
2462 2345772 781924
0 132051
fe=/tmp/benchuj3n5lo1/src/solver.rs
130 132051
131 264102
132 132051 0 132051
348 132051
fi=/rustc/7cf61ebde7b22796c69757901dd346d0fe70bd97/library/core/src/mem/manually_drop.rs
71 132051
fe=/tmp/benchuj3n5lo1/src/solver.rs
459 264102
348 649873
fi=/rustc/7cf61ebde7b22796c69757901dd346d0fe70bd97/library/core/src/mem/manually_drop.rs
71 649873
fe=/tmp/benchuj3n5lo1/src/solver.rs
459 2863594 0 0 1 0 0 1
fi=/rustc/7cf61ebde7b22796c69757901dd346d0fe70bd97/library/core/src/iter/traits/iterator.rs
2462 2345772 781924
0 174525
fe=/tmp/benchuj3n5lo1/src/solver.rs
130 174525
131 349050
132 174525 0 174525
348 174525
fi=/rustc/7cf61ebde7b22796c69757901dd346d0fe70bd97/library/core/src/mem/manually_drop.rs
71 174525
fe=/tmp/benchuj3n5lo1/src/solver.rs
459 349050
348 607399
fi=/rustc/7cf61ebde7b22796c69757901dd346d0fe70bd97/library/core/src/mem/manually_drop.rs
71 607399
fe=/tmp/benchuj3n5lo1/src/solver.rs
459 2778646
fi=/rustc/7cf61ebde7b22796c69757901dd346d0fe70bd97/library/core/src/iter/traits/iterator.rs
2462 2345772 781924 0 1 0 0 1
0 237556
fe=/tmp/benchuj3n5lo1/src/solver.rs
130 237556
131 475112
132 237556 0 237556
348 237556
fi=/rustc/7cf61ebde7b22796c69757901dd346d0fe70bd97/library/core/src/mem/manually_drop.rs
71 237556
fe=/tmp/benchuj3n5lo1/src/solver.rs
459 475112
348 544368
fi=/rustc/7cf61ebde7b22796c69757901dd346d0fe70bd97/library/core/src/mem/manually_drop.rs
71 544368
fe=/tmp/benchuj3n5lo1/src/solver.rs
459 2652584
fi=/rustc/7cf61ebde7b22796c69757901dd346d0fe70bd97/library/core/src/iter/traits/iterator.rs
2462 2345772 781924
0 577563
fe=/tmp/benchuj3n5lo1/src/solver.rs
130 577563
131 1155126
132 577563 0 577563
348 577563
fi=/rustc/7cf61ebde7b22796c69757901dd346d0fe70bd97/library/core/src/mem/manually_drop.rs
71 577563
fe=/tmp/benchuj3n5lo1/src/solver.rs
459 1155126
348 204361 0 0 1 0 0 1
fi=/rustc/7cf61ebde7b22796c69757901dd346d0fe70bd97/library/core/src/mem/manually_drop.rs
71 204361
fe=/tmp/benchuj3n5lo1/src/solver.rs
459 1972570
fi=/rustc/7cf61ebde7b22796c69757901dd346d0fe70bd97/library/core/src/iter/traits/iterator.rs
2462 2345772 781924
0 568847
fe=/tmp/benchuj3n5lo1/src/solver.rs
130 568847
131 1137694
132 568847 0 568847
348 568847
fi=/rustc/7cf61ebde7b22796c69757901dd346d0fe70bd97/library/core/src/mem/manually_drop.rs
71 568847
fe=/tmp/benchuj3n5lo1/src/solver.rs
459 1137694
348 213077 0 0 1 0 0 1
fi=/rustc/7cf61ebde7b22796c69757901dd346d0fe70bd97/library/core/src/mem/manually_drop.rs
71 213077
fe=/tmp/benchuj3n5lo1/src/solver.rs
459 1990002
fi=/rustc/7cf61ebde7b22796c69757901dd346d0fe70bd97/library/core/src/iter/traits/iterator.rs
2462 2345772 781924
0 701465
fe=/tmp/benchuj3n5lo1/src/solver.rs
130 701465
131 1402930
132 701465 0 701465
348 701465
fi=/rustc/7cf61ebde7b22796c69757901dd346d0fe70bd97/library/core/src/mem/manually_drop.rs
71 701465
fe=/tmp/benchuj3n5lo1/src/solver.rs
459 1402930
348 80459
fi=/rustc/7cf61ebde7b22796c69757901dd346d0fe70bd97/library/core/src/mem/manually_drop.rs
71 80459
fe=/tmp/benchuj3n5lo1/src/solver.rs
459 1724766 0 0 1 0 0 1
fi=/rustc/7cf61ebde7b22796c69757901dd346d0fe70bd97/library/core/src/iter/traits/iterator.rs
2462 2345772 781924
0 757090
fe=/tmp/benchuj3n5lo1/src/solver.rs
130 757090
131 1514180
132 757090 0 757090
63 3028360 1514180 1514180
64 1514180 757090
63 99336 49668 49668
64 49668 24834

fn=libsolver::solver::Sudoku::valid
391 11 0 5 1 0 0 1
fi=/rustc/7cf61ebde7b22796c69757901dd346d0fe70bd97/library/core/src/iter/traits/collect.rs
279 3 0 3
fi=/rustc/7cf61ebde7b22796c69757901dd346d0fe70bd97/library/alloc/src/vec/mod.rs
2836 3 0 1
cfi=/rustc/7cf61ebde7b22796c69757901dd346d0fe70bd97/library/alloc/src/vec/spec_from_iter.rs
cfn=<alloc::vec::Vec<T> as alloc::vec::spec_from_iter::SpecFromIter<T,I>>::from_iter
calls=1 32 
2836 327 74 63 8 0 0 8
fi=/rustc/7cf61ebde7b22796c69757901dd346d0fe70bd97/library/core/src/iter/traits/collect.rs
279 24 0 24
fi=/rustc/7cf61ebde7b22796c69757901dd346d0fe70bd97/library/alloc/src/vec/mod.rs
2836 24 0 8
cfi=/rustc/7cf61ebde7b22796c69757901dd346d0fe70bd97/library/alloc/src/vec/spec_from_iter.rs
cfn=<alloc::vec::Vec<T> as alloc::vec::spec_from_iter::SpecFromIter<T,I>>::from_iter
calls=8 32 
2836 2616 592 504
fi=/rustc/7cf61ebde7b22796c69757901dd346d0fe70bd97/library/alloc/src/raw_vec.rs
239 9 9 0 1 0 0 1
fi=/rustc/7cf61ebde7b22796c69757901dd346d0fe70bd97/library/alloc/src/vec/mod.rs
2706 9 9
fi=/rustc/7cf61ebde7b22796c69757901dd346d0fe70bd97/library/core/src/ptr/non_null.rs
1796 9
fi=/rustc/7cf61ebde7b22796c69757901dd346d0fe70bd97/library/core/src/slice/iter/macros.rs
162 9
0 18
fi=/rustc/7cf61ebde7b22796c69757901dd346d0fe70bd97/library/core/src/ptr/non_null.rs
623 9
fi=/rustc/7cf61ebde7b22796c69757901dd346d0fe70bd97/library/core/src/iter/traits/iterator.rs
2462 18 9
fi=/rustc/7cf61ebde7b22796c69757901dd346d0fe70bd97/library/core/src/ptr/non_null.rs
1796 9
fi=/rustc/7cf61ebde7b22796c69757901dd346d0fe70bd97/library/core/src/slice/iter/macros.rs
162 9
fi=/rustc/7cf61ebde7b22796c69757901dd346d0fe70bd97/library/core/src/ptr/non_null.rs
623 72
fi=/rustc/7cf61ebde7b22796c69757901dd346d0fe70bd97/library/core/src/iter/traits/iterator.rs
2462 144 72
fi=/rustc/7cf61ebde7b22796c69757901dd346d0fe70bd97/library/core/src/ptr/non_null.rs
1796 72
fi=/rustc/7cf61ebde7b22796c69757901dd346d0fe70bd97/library/core/src/slice/iter/macros.rs
162 72
fi=/rustc/7cf61ebde7b22796c69757901dd346d0fe70bd97/library/core/src/ptr/non_null.rs
1796 324
fi=/rustc/7cf61ebde7b22796c69757901dd346d0fe70bd97/library/core/src/slice/iter/macros.rs
162 324
285 324
fi=/rustc/7cf61ebde7b22796c69757901dd346d0fe70bd97/library/core/src/num/nonzero.rs
1519 648 324
fi=/rustc/7cf61ebde7b22796c69757901dd346d0fe70bd97/library/core/src/slice/iter/macros.rs
285 324
162 162 0 0 1 0 0 1
fi=/rustc/7cf61ebde7b22796c69757901dd346d0fe70bd97/library/core/src/ptr/non_null.rs
1796 81
fi=/rustc/7cf61ebde7b22796c69757901dd346d0fe70bd97/library/core/src/slice/iter/macros.rs
162 90
fi=/rustc/7cf61ebde7b22796c69757901dd346d0fe70bd97/library/alloc/src/raw_vec.rs
530 9 9
256 18
fi=/rustc/7cf61ebde7b22796c69757901dd346d0fe70bd97/library/alloc/src/alloc.rs
117 18 0 9
cfi=???
cfn=__rust_dealloc
calls=9 0 
117 738 216 117
fi=/rustc/7cf61ebde7b22796c69757901dd346d0fe70bd97/library/core/src/iter/traits/collect.rs
279 27 0 27
fi=/rustc/7cf61ebde7b22796c69757901dd346d0fe70bd97/library/alloc/src/vec/mod.rs
2836 27 0 9
cfi=/rustc/7cf61ebde7b22796c69757901dd346d0fe70bd97/library/alloc/src/vec/spec_from_iter.rs
cfn=<alloc::vec::Vec<T> as alloc::vec::spec_from_iter::SpecFromIter<T,I>>::from_iter
calls=9 32 
2836 3285 666 567 5 0 0 5
fi=/rustc/7cf61ebde7b22796c69757901dd346d0fe70bd97/library/alloc/src/raw_vec.rs
239 9 9 0 1 0 0 1
fi=/rustc/7cf61ebde7b22796c69757901dd346d0fe70bd97/library/alloc/src/vec/mod.rs
2706 9 9
fi=/rustc/7cf61ebde7b22796c69757901dd346d0fe70bd97/library/core/src/ptr/non_null.rs
1796 9
fi=/rustc/7cf61ebde7b22796c69757901dd346d0fe70bd97/library/core/src/slice/iter/macros.rs
162 9
0 18
fi=/rustc/7cf61ebde7b22796c69757901dd346d0fe70bd97/library/core/src/ptr/non_null.rs
623 9
fi=/rustc/7cf61ebde7b22796c69757901dd346d0fe70bd97/library/core/src/iter/traits/iterator.rs
2462 18 9
fi=/rustc/7cf61ebde7b22796c69757901dd346d0fe70bd97/library/core/src/ptr/non_null.rs
1796 9
fi=/rustc/7cf61ebde7b22796c69757901dd346d0fe70bd97/library/core/src/slice/iter/macros.rs
162 9
fi=/rustc/7cf61ebde7b22796c69757901dd346d0fe70bd97/library/core/src/ptr/non_null.rs
623 72
fi=/rustc/7cf61ebde7b22796c69757901dd346d0fe70bd97/library/core/src/iter/traits/iterator.rs
2462 144 72
fi=/rustc/7cf61ebde7b22796c69757901dd346d0fe70bd97/library/core/src/ptr/non_null.rs
1796 72
fi=/rustc/7cf61ebde7b22796c69757901dd346d0fe70bd97/library/core/src/slice/iter/macros.rs
162 72
fi=/rustc/7cf61ebde7b22796c69757901dd346d0fe70bd97/library/core/src/ptr/non_null.rs
1796 324
fi=/rustc/7cf61ebde7b22796c69757901dd346d0fe70bd97/library/core/src/slice/iter/macros.rs
162 324
285 324
fi=/rustc/7cf61ebde7b22796c69757901dd346d0fe70bd97/library/core/src/num/nonzero.rs
1519 648 324
fi=/rustc/7cf61ebde7b22796c69757901dd346d0fe70bd97/library/core/src/slice/iter/macros.rs
285 324
162 162 0 0 1 0 0 1
fi=/rustc/7cf61ebde7b22796c69757901dd346d0fe70bd97/library/core/src/ptr/non_null.rs
1796 81
fi=/rustc/7cf61ebde7b22796c69757901dd346d0fe70bd97/library/core/src/slice/iter/macros.rs
162 81
fi=/rustc/7cf61ebde7b22796c69757901dd346d0fe70bd97/library/alloc/src/raw_vec.rs
530 9 9
256 18
fi=/rustc/7cf61ebde7b22796c69757901dd346d0fe70bd97/library/alloc/src/alloc.rs
117 18 0 9
cfi=???
cfn=__rust_dealloc
calls=9 0 
117 738 216 117
fi=/rustc/7cf61ebde7b22796c69757901dd346d0fe70bd97/library/core/src/iter/traits/collect.rs
279 27 0 27
fi=/rustc/7cf61ebde7b22796c69757901dd346d0fe70bd97/library/alloc/src/vec/mod.rs
2836 27 0 9
cfi=/rustc/7cf61ebde7b22796c69757901dd346d0fe70bd97/library/alloc/src/vec/spec_from_iter.rs
cfn=<alloc::vec::Vec<T> as alloc::vec::spec_from_iter::SpecFromIter<T,I>>::from_iter
calls=9 32 
2836 4446 747 585 8 0 0 8
fi=/rustc/7cf61ebde7b22796c69757901dd346d0fe70bd97/library/alloc/src/raw_vec.rs
239 9 9
fi=/rustc/7cf61ebde7b22796c69757901dd346d0fe70bd97/library/alloc/src/vec/mod.rs
2706 9 9 0 1 0 0 1
fi=/rustc/7cf61ebde7b22796c69757901dd346d0fe70bd97/library/core/src/ptr/non_null.rs
1796 9
fi=/rustc/7cf61ebde7b22796c69757901dd346d0fe70bd97/library/core/src/slice/iter/macros.rs
162 9
0 18
fi=/rustc/7cf61ebde7b22796c69757901dd346d0fe70bd97/library/core/src/ptr/non_null.rs
623 9
fi=/rustc/7cf61ebde7b22796c69757901dd346d0fe70bd97/library/core/src/iter/traits/iterator.rs
2462 27 9
fi=/rustc/7cf61ebde7b22796c69757901dd346d0fe70bd97/library/core/src/ptr/non_null.rs
1796 9
fi=/rustc/7cf61ebde7b22796c69757901dd346d0fe70bd97/library/core/src/slice/iter/macros.rs
162 9
fi=/rustc/7cf61ebde7b22796c69757901dd346d0fe70bd97/library/core/src/ptr/non_null.rs
623 72
fi=/rustc/7cf61ebde7b22796c69757901dd346d0fe70bd97/library/core/src/iter/traits/iterator.rs
2462 216 72
fi=/rustc/7cf61ebde7b22796c69757901dd346d0fe70bd97/library/core/src/ptr/non_null.rs
1796 72
fi=/rustc/7cf61ebde7b22796c69757901dd346d0fe70bd97/library/core/src/slice/iter/macros.rs
162 72
fi=/rustc/7cf61ebde7b22796c69757901dd346d0fe70bd97/library/core/src/ptr/non_null.rs
1796 324
fi=/rustc/7cf61ebde7b22796c69757901dd346d0fe70bd97/library/core/src/slice/iter/macros.rs
162 324
285 324
fi=/rustc/7cf61ebde7b22796c69757901dd346d0fe70bd97/library/core/src/num/nonzero.rs
1519 648 324
fi=/rustc/7cf61ebde7b22796c69757901dd346d0fe70bd97/library/core/src/slice/iter/macros.rs
285 324
162 162
fi=/rustc/7cf61ebde7b22796c69757901dd346d0fe70bd97/library/core/src/ptr/non_null.rs
1796 81
fi=/rustc/7cf61ebde7b22796c69757901dd346d0fe70bd97/library/core/src/slice/iter/macros.rs
162 81
fi=/rustc/7cf61ebde7b22796c69757901dd346d0fe70bd97/library/alloc/src/raw_vec.rs
530 9 9 0 1 0 0 1
256 18
fi=/rustc/7cf61ebde7b22796c69757901dd346d0fe70bd97/library/alloc/src/alloc.rs
117 18 0 9
cfi=???
cfn=__rust_dealloc
calls=9 0 
117 738 216 117
0 9
fi=/rustc/7cf61ebde7b22796c69757901dd346d0fe70bd97/library/core/src/cmp.rs
1509 9
fi=/rustc/7cf61ebde7b22796c69757901dd346d0fe70bd97/library/core/src/iter/range.rs
729 9
0 2
fi=/rustc/7cf61ebde7b22796c69757901dd346d0fe70bd97/library/core/src/cmp.rs
1509 2
fe=/tmp/benchuj3n5lo1/src/solver.rs
393 7 6 0 1 0 0 1

fn=<libsolver::solver::IterativeDFS as libsolver::solver::Solver>::try_solve
40 9 0 7 1 0 0 1
fi=/rustc/7cf61ebde7b22796c69757901dd346d0fe70bd97/library/core/src/ptr/const_ptr.rs
944 1
fi=/rustc/7cf61ebde7b22796c69757901dd346d0fe70bd97/library/core/src/iter/adapters/filter_map.rs
23 7 0 5 1 0 0 1
fi=/rustc/7cf61ebde7b22796c69757901dd346d0fe70bd97/library/alloc/src/vec/mod.rs
2836 1 0 1
cfi=/rustc/7cf61ebde7b22796c69757901dd346d0fe70bd97/library/alloc/src/vec/spec_from_iter.rs
cfn=<alloc::vec::Vec<T> as alloc::vec::spec_from_iter::SpecFromIter<T,I>>::from_iter
calls=1 32 
2836 4007 524 437 32 1 23 31 0 18
2145 1 1
fi=/rustc/7cf61ebde7b22796c69757901dd346d0fe70bd97/library/alloc/src/raw_vec.rs
185 2 0 0 1 0 0 1
0 1
fi=/rustc/7cf61ebde7b22796c69757901dd346d0fe70bd97/library/core/src/alloc/layout.rs
449 1
fi=/rustc/7cf61ebde7b22796c69757901dd346d0fe70bd97/library/alloc/src/raw_vec.rs
190 1
0 2
fi=/rustc/7cf61ebde7b22796c69757901dd346d0fe70bd97/library/core/src/ptr/mod.rs
1583 2 1
fi=/rustc/7cf61ebde7b22796c69757901dd346d0fe70bd97/library/alloc/src/alloc.rs
98 3 1 1
cfi=???
cfn=__rust_alloc
calls=1 0 
98 181 33 16 0 0 1 0 0 1
fi=/rustc/7cf61ebde7b22796c69757901dd346d0fe70bd97/library/alloc/src/raw_vec.rs
202 2 0 0 1 0 0 1
fi=/rustc/7cf61ebde7b22796c69757901dd346d0fe70bd97/library/alloc/src/vec/mod.rs
672 6 0 3
1998 2 0 1
fi=/rustc/7cf61ebde7b22796c69757901dd346d0fe70bd97/library/alloc/src/raw_vec.rs
239 1 1
fi=/rustc/7cf61ebde7b22796c69757901dd346d0fe70bd97/library/core/src/ptr/const_ptr.rs
944 1
fi=/rustc/7cf61ebde7b22796c69757901dd346d0fe70bd97/library/core/src/ptr/mod.rs
1215 3 2 1
fe=/tmp/benchuj3n5lo1/src/solver.rs
77 7 0 1 1 0 0 1
cfn=<libsolver::solver::IterativeDFS as libsolver::solver::Solver>::try_solve::all_affecting
calls=1 49 
77 223 30 8 21 0 0 21
fi=/rustc/7cf61ebde7b22796c69757901dd346d0fe70bd97/library/alloc/src/vec/mod.rs
1998 781986 0 390993
fi=/rustc/7cf61ebde7b22796c69757901dd346d0fe70bd97/library/alloc/src/raw_vec.rs
239 390993 390993
fi=/rustc/7cf61ebde7b22796c69757901dd346d0fe70bd97/library/core/src/ptr/const_ptr.rs
944 390993
fi=/rustc/7cf61ebde7b22796c69757901dd346d0fe70bd97/library/core/src/ptr/mod.rs
1215 1172979 781986 390993
fe=/tmp/benchuj3n5lo1/src/solver.rs
77 2736951 0 390993
cfn=<libsolver::solver::IterativeDFS as libsolver::solver::Solver>::try_solve::all_affecting
calls=390993 49 
77 108794919 11729790 7448640
139 390994 390994
fi=/rustc/7cf61ebde7b22796c69757901dd346d0fe70bd97/library/core/src/iter/traits/iterator.rs
2462 390994
fe=/tmp/benchuj3n5lo1/src/solver.rs
139 352837 352837
fi=/rustc/7cf61ebde7b22796c69757901dd346d0fe70bd97/library/core/src/iter/traits/iterator.rs
2462 352837
fe=/tmp/benchuj3n5lo1/src/solver.rs
139 308575 308575
fi=/rustc/7cf61ebde7b22796c69757901dd346d0fe70bd97/library/core/src/iter/traits/iterator.rs
2462 308575
fe=/tmp/benchuj3n5lo1/src/solver.rs
139 280645 280645 0 1 0 0 1
fi=/rustc/7cf61ebde7b22796c69757901dd346d0fe70bd97/library/core/src/iter/traits/iterator.rs
2462 280645
fe=/tmp/benchuj3n5lo1/src/solver.rs
139 250051 250051
fi=/rustc/7cf61ebde7b22796c69757901dd346d0fe70bd97/library/core/src/iter/traits/iterator.rs
2462 250051
fe=/tmp/benchuj3n5lo1/src/solver.rs
139 225155 225155
fi=/rustc/7cf61ebde7b22796c69757901dd346d0fe70bd97/library/core/src/iter/traits/iterator.rs
2462 225155
fe=/tmp/benchuj3n5lo1/src/solver.rs
139 175862 175862
fi=/rustc/7cf61ebde7b22796c69757901dd346d0fe70bd97/library/core/src/iter/traits/iterator.rs
2462 175862
fe=/tmp/benchuj3n5lo1/src/solver.rs
139 137568 137568
fi=/rustc/7cf61ebde7b22796c69757901dd346d0fe70bd97/library/core/src/iter/traits/iterator.rs
2462 137568
fe=/tmp/benchuj3n5lo1/src/solver.rs
139 134132 134132
fi=/rustc/7cf61ebde7b22796c69757901dd346d0fe70bd97/library/core/src/iter/traits/iterator.rs
2462 134132
fe=/tmp/benchuj3n5lo1/src/solver.rs
466 865928 0 0 1 0 0 1
88 123704 0 123704
fi=/rustc/7cf61ebde7b22796c69757901dd346d0fe70bd97/library/alloc/src/vec/mod.rs
1921 371112 247408
0 38157 0 0 1 0 0 1
1921 152628 76314
0 44262
1921 177048 88524
0 27930 0 0 1 0 0 1
1921 111720 55860
0 30594
1921 122376 61188
0 24896
1921 99584 49792
0 49293
1921 197172 98586
0 38294
1921 153176 76588
0 3436
1921 13744 6872
0 10428
1921 31284 20856
fi=/rustc/7cf61ebde7b22796c69757901dd346d0fe70bd97/library/alloc/src/raw_vec.rs
239 267290 267290 0 1 0 0 1
fi=/rustc/7cf61ebde7b22796c69757901dd346d0fe70bd97/library/core/src/ptr/mut_ptr.rs
1045 534580 267290
fi=/rustc/7cf61ebde7b22796c69757901dd346d0fe70bd97/library/core/src/ptr/mod.rs
1415 534580 0 534580 0 0 24 0 0 24
fi=/rustc/7cf61ebde7b22796c69757901dd346d0fe70bd97/library/alloc/src/vec/mod.rs
1927 267290 0 267290
fe=/tmp/benchuj3n5lo1/src/solver.rs
466 1871030
82 267290 0 267290
fi=/rustc/7cf61ebde7b22796c69757901dd346d0fe70bd97/library/alloc/src/vec/mod.rs
1994 801871 267290 0 1 0 0 1
fi=/rustc/7cf61ebde7b22796c69757901dd346d0fe70bd97/library/alloc/src/raw_vec.rs
239 390930 390930
fi=/rustc/7cf61ebde7b22796c69757901dd346d0fe70bd97/library/core/src/ptr/mut_ptr.rs
1045 781860 390930
fi=/rustc/7cf61ebde7b22796c69757901dd346d0fe70bd97/library/core/src/ptr/mod.rs
1415 390930 0 390930
fi=/rustc/7cf61ebde7b22796c69757901dd346d0fe70bd97/library/alloc/src/vec/mod.rs
1927 390930 0 390930
1994 1172790 390930
1998 781860 0 390930 1 0 0 1
fi=/rustc/7cf61ebde7b22796c69757901dd346d0fe70bd97/library/alloc/src/raw_vec.rs
239 390930 390930
fi=/rustc/7cf61ebde7b22796c69757901dd346d0fe70bd97/library/core/src/ptr/const_ptr.rs
944 390930
fi=/rustc/7cf61ebde7b22796c69757901dd346d0fe70bd97/library/core/src/ptr/mod.rs
1215 781860 390930 390930
fe=/tmp/benchuj3n5lo1/src/solver.rs
465 781860
466 781860
0 390930 390930
466 781860
0 390930 390930 0 1 0 0 1
466 1172790
99 390930 0 390930
101 1954650 0 390930
cfn=<libsolver::solver::IterativeDFS as libsolver::solver::Solver>::try_solve::all_affecting
calls=390930 49 
101 106885570 11727900 7069076
0 781860
158 3060218
161 1262883
139 2525766 1262883 0 1 0 0 1
fi=/rustc/7cf61ebde7b22796c69757901dd346d0fe70bd97/library/core/src/iter/traits/iterator.rs
2462 1386587
fe=/tmp/benchuj3n5lo1/src/solver.rs
110 267226 0 267226
fi=/rustc/7cf61ebde7b22796c69757901dd346d0fe70bd97/library/alloc/src/vec/mod.rs
1921 1172790 781860
0 123704 0 0 1 0 0 1
fi=/rustc/7cf61ebde7b22796c69757901dd346d0fe70bd97/library/alloc/src/raw_vec.rs
239 123704 123704
fi=/rustc/7cf61ebde7b22796c69757901dd346d0fe70bd97/library/core/src/ptr/mut_ptr.rs
1045 247408 123704
fi=/rustc/7cf61ebde7b22796c69757901dd346d0fe70bd97/library/core/src/ptr/mod.rs
1415 247408 0 247408
fi=/rustc/7cf61ebde7b22796c69757901dd346d0fe70bd97/library/alloc/src/vec/mod.rs
1927 123704 0 123704
fe=/tmp/benchuj3n5lo1/src/solver.rs
106 123704 0 123704
fi=/rustc/7cf61ebde7b22796c69757901dd346d0fe70bd97/library/alloc/src/vec/mod.rs
1994 371112 123704 0 1 0 0 1
fe=/tmp/benchuj3n5lo1/src/solver.rs
93 13 6 6 1 0 0 1
396 1 1 1
cfi=/rustc/7cf61ebde7b22796c69757901dd346d0fe70bd97/library/core/src/ops/function.rs
cfn=libsolver::solver::Sudoku::filled
calls=1 294 
396 22 7 0 2 0 0 2
396 4 0 0 1 0 0 1
0 1
396 1 1 1
cfn=libsolver::solver::Sudoku::valid
calls=1 391 
396 21505 4029 2210 29 0 0 29
fi=/rustc/7cf61ebde7b22796c69757901dd346d0fe70bd97/library/core/src/bool.rs
34 1
fe=/tmp/benchuj3n5lo1/src/solver.rs
267 18 6 6 2 0 0 2
fi=/rustc/7cf61ebde7b22796c69757901dd346d0fe70bd97/library/core/src/ptr/mod.rs
1215 1 1
fi=/rustc/7cf61ebde7b22796c69757901dd346d0fe70bd97/library/core/src/option.rs
1201 1
fi=/rustc/7cf61ebde7b22796c69757901dd346d0fe70bd97/library/core/src/result.rs
1028 1
fi=/rustc/7cf61ebde7b22796c69757901dd346d0fe70bd97/library/core/src/ptr/mod.rs
1215 8 8
fi=/rustc/7cf61ebde7b22796c69757901dd346d0fe70bd97/library/core/src/option.rs
1201 8
fi=/rustc/7cf61ebde7b22796c69757901dd346d0fe70bd97/library/core/src/result.rs
1028 8
fi=/rustc/7cf61ebde7b22796c69757901dd346d0fe70bd97/library/core/src/iter/adapters/map.rs
0 9 9
fi=/rustc/7cf61ebde7b22796c69757901dd346d0fe70bd97/library/core/src/option.rs
1201 9
fi=/rustc/7cf61ebde7b22796c69757901dd346d0fe70bd97/library/core/src/result.rs
1028 9 0 0 1 0 0 1
fi=/rustc/7cf61ebde7b22796c69757901dd346d0fe70bd97/library/core/src/iter/adapters/map.rs
0 9 9
fi=/rustc/7cf61ebde7b22796c69757901dd346d0fe70bd97/library/core/src/option.rs
1201 9
fi=/rustc/7cf61ebde7b22796c69757901dd346d0fe70bd97/library/core/src/result.rs
1028 9
fi=/rustc/7cf61ebde7b22796c69757901dd346d0fe70bd97/library/core/src/iter/adapters/map.rs
0 9 9
fi=/rustc/7cf61ebde7b22796c69757901dd346d0fe70bd97/library/core/src/option.rs
1201 9
fi=/rustc/7cf61ebde7b22796c69757901dd346d0fe70bd97/library/core/src/result.rs
1028 9
fi=/rustc/7cf61ebde7b22796c69757901dd346d0fe70bd97/library/core/src/iter/adapters/map.rs
0 9 9
fi=/rustc/7cf61ebde7b22796c69757901dd346d0fe70bd97/library/core/src/option.rs
1201 9
fi=/rustc/7cf61ebde7b22796c69757901dd346d0fe70bd97/library/core/src/result.rs
1028 9
fi=/rustc/7cf61ebde7b22796c69757901dd346d0fe70bd97/library/core/src/iter/adapters/map.rs
0 9 9
fi=/rustc/7cf61ebde7b22796c69757901dd346d0fe70bd97/library/core/src/option.rs
1201 9 0 0 1 0 0 1
fi=/rustc/7cf61ebde7b22796c69757901dd346d0fe70bd97/library/core/src/result.rs
1028 9
fi=/rustc/7cf61ebde7b22796c69757901dd346d0fe70bd97/library/core/src/iter/adapters/map.rs
0 9 9
fi=/rustc/7cf61ebde7b22796c69757901dd346d0fe70bd97/library/core/src/option.rs
1201 9
fi=/rustc/7cf61ebde7b22796c69757901dd346d0fe70bd97/library/core/src/result.rs
1028 9
fi=/rustc/7cf61ebde7b22796c69757901dd346d0fe70bd97/library/core/src/iter/adapters/map.rs
0 9 9
fi=/rustc/7cf61ebde7b22796c69757901dd346d0fe70bd97/library/core/src/option.rs
1201 9
fi=/rustc/7cf61ebde7b22796c69757901dd346d0fe70bd97/library/core/src/result.rs
1028 9
fi=/rustc/7cf61ebde7b22796c69757901dd346d0fe70bd97/library/core/src/iter/adapters/map.rs
0 9 9
fi=/rustc/7cf61ebde7b22796c69757901dd346d0fe70bd97/library/core/src/option.rs
1201 9
fi=/rustc/7cf61ebde7b22796c69757901dd346d0fe70bd97/library/core/src/result.rs
1028 9
fi=/rustc/7cf61ebde7b22796c69757901dd346d0fe70bd97/library/core/src/mem/maybe_uninit.rs
494 81 0 81 1 0 0 1
fi=/rustc/7cf61ebde7b22796c69757901dd346d0fe70bd97/library/core/src/array/mod.rs
816 36 9
108 13 6 5 2 0 0 2
fi=/rustc/7cf61ebde7b22796c69757901dd346d0fe70bd97/library/core/src/bool.rs
34 2
fi=/rustc/7cf61ebde7b22796c69757901dd346d0fe70bd97/library/core/src/option.rs
1202 10 5 5 1 0 0 1
fe=/tmp/benchuj3n5lo1/src/solver.rs
92 2 0 1
0 1 0 1
fi=/rustc/7cf61ebde7b22796c69757901dd346d0fe70bd97/library/alloc/src/raw_vec.rs
530 1 1
256 2
530 1 1
fi=/rustc/7cf61ebde7b22796c69757901dd346d0fe70bd97/library/core/src/num/mod.rs
1281 2
fi=/rustc/7cf61ebde7b22796c69757901dd346d0fe70bd97/library/alloc/src/alloc.rs
117 2 1 1 1 0 0 1
cfi=???
cfn=__rust_dealloc
calls=1 0 
117 172 51 27 10 0 0 9
fi=/rustc/7cf61ebde7b22796c69757901dd346d0fe70bd97/library/alloc/src/raw_vec.rs
530 1 1
256 2
530 1 1
fi=/rustc/7cf61ebde7b22796c69757901dd346d0fe70bd97/library/core/src/num/mod.rs
1281 1
fi=/rustc/7cf61ebde7b22796c69757901dd346d0fe70bd97/library/alloc/src/alloc.rs
117 2 1 1
cfi=???
cfn=__rust_dealloc
calls=1 0 
117 82 24 13
117 9 7
fe=/tmp/benchuj3n5lo1/src/solver.rs

fl=/rustc/7cf61ebde7b22796c69757901dd346d0fe70bd97/library/std/src/rt.rs
fn=std::rt::lang_start_internal
fi=/rustc/7cf61ebde7b22796c69757901dd346d0fe70bd97/library/core/src/ops/function.rs
cfn=std::rt::lang_start::{{closure}}
calls=1 166 
284 256860348 33627552 19994028 124 1 48 122 0 43
fe=/rustc/7cf61ebde7b22796c69757901dd346d0fe70bd97/library/std/src/rt.rs

fn=std::rt::lang_start::{{closure}}
cfi=/rustc/7cf61ebde7b22796c69757901dd346d0fe70bd97/library/std/src/sys_common/backtrace.rs
cfn=std::sys_common::backtrace::__rust_begin_short_backtrace
calls=1 151 
166 256860348 33627552 19994028 124 1 48 122 0 43

fl=/rustc/7cf61ebde7b22796c69757901dd346d0fe70bd97/library/core/src/iter/adapters/filter_map.rs
fn=<core::iter::adapters::filter_map::FilterMap<I,F> as core::iter::traits::iterator::Iterator>::next
62 6 0 6 1 0 0 1
fi=/rustc/7cf61ebde7b22796c69757901dd346d0fe70bd97/library/core/src/iter/adapters/flatten.rs
510 3 1
fi=/rustc/7cf61ebde7b22796c69757901dd346d0fe70bd97/library/core/src/iter/adapters/fuse.rs
374 3 1 0 1 0 0 1
0 1 1
fi=/rustc/7cf61ebde7b22796c69757901dd346d0fe70bd97/library/core/src/ptr/non_null.rs
1796 1
fi=/rustc/7cf61ebde7b22796c69757901dd346d0fe70bd97/library/core/src/slice/iter/macros.rs
162 1
0 2 1 1 0 0 1 0 0 1
fi=/rustc/7cf61ebde7b22796c69757901dd346d0fe70bd97/library/core/src/bool.rs
34 10 0 1 1 0 0 1
fi=/rustc/7cf61ebde7b22796c69757901dd346d0fe70bd97/library/core/src/option.rs
606 1 1
fi=/rustc/7cf61ebde7b22796c69757901dd346d0fe70bd97/library/core/src/bool.rs
34 1
fi=/rustc/7cf61ebde7b22796c69757901dd346d0fe70bd97/library/core/src/slice/iter/macros.rs
109 3 0 1 1 0 0 1
fi=/rustc/7cf61ebde7b22796c69757901dd346d0fe70bd97/library/core/src/option.rs
1568 1 0 1
fi=/rustc/7cf61ebde7b22796c69757901dd346d0fe70bd97/library/core/src/slice/iter/macros.rs
109 3 0 1
fi=/tmp/benchuj3n5lo1/src/solver.rs
408 14 1 0 1 0 0 1
fi=/rustc/7cf61ebde7b22796c69757901dd346d0fe70bd97/library/core/src/ops/control_flow.rs
111 3
0 2 1 1 1 0 0 1
183 2 0 1
0 1 0 1
fe=/rustc/7cf61ebde7b22796c69757901dd346d0fe70bd97/library/core/src/iter/adapters/filter_map.rs
64 7 7 0 1 0 0 1

fl=/rustc/7cf61ebde7b22796c69757901dd346d0fe70bd97/library/std/src/sys_common/backtrace.rs
fn=std::sys_common::backtrace::__rust_begin_short_backtrace
fi=/rustc/7cf61ebde7b22796c69757901dd346d0fe70bd97/library/core/src/ops/function.rs
cfi=/home/jalil/.local/share/cargo/registry/src/index.crates.io-6f17d22bba15001f/iai-callgrind-0.10.2/src/macros.rs
cfn=dfs_iai::main
calls=1 346 
250 256860348 33627552 19994028 124 1 48 122 0 43
fe=/rustc/7cf61ebde7b22796c69757901dd346d0fe70bd97/library/std/src/sys_common/backtrace.rs

fl=/rustc/7cf61ebde7b22796c69757901dd346d0fe70bd97/library/alloc/src/vec/spec_from_iter.rs
fn=<alloc::vec::Vec<T> as alloc::vec::spec_from_iter::SpecFromIter<T,I>>::from_iter
32 171 27 54 2 0 0 2
fi=/tmp/benchuj3n5lo1/src/solver.rs
343 18
fi=/rustc/7cf61ebde7b22796c69757901dd346d0fe70bd97/library/core/src/iter/traits/iterator.rs
2461 27
fi=/tmp/benchuj3n5lo1/src/solver.rs
348 18
fi=/rustc/7cf61ebde7b22796c69757901dd346d0fe70bd97/library/core/src/mem/manually_drop.rs
71 9
fi=/tmp/benchuj3n5lo1/src/solver.rs
349 18 0 9
459 18
fi=/rustc/7cf61ebde7b22796c69757901dd346d0fe70bd97/library/core/src/iter/traits/iterator.rs
2461 18 0 0 1 0 0 1
fi=/rustc/7cf61ebde7b22796c69757901dd346d0fe70bd97/library/core/src/convert/num.rs
53 27
fi=/tmp/benchuj3n5lo1/src/solver.rs
459 18
fi=/rustc/7cf61ebde7b22796c69757901dd346d0fe70bd97/library/core/src/iter/traits/iterator.rs
2462 36 9
0 9 0 9
fi=/rustc/7cf61ebde7b22796c69757901dd346d0fe70bd97/library/core/src/ptr/mod.rs
1583 27 9
fi=/rustc/7cf61ebde7b22796c69757901dd346d0fe70bd97/library/alloc/src/alloc.rs
98 27 9 9 1 0 0 1
cfi=???
cfn=__rust_alloc
calls=9 0 
98 423 108 54
fi=/rustc/7cf61ebde7b22796c69757901dd346d0fe70bd97/library/alloc/src/raw_vec.rs
202 18
fi=/rustc/7cf61ebde7b22796c69757901dd346d0fe70bd97/library/core/src/ptr/mod.rs
1415 9 0 9
fi=/rustc/7cf61ebde7b22796c69757901dd346d0fe70bd97/library/alloc/src/vec/spec_from_iter_nested.rs
38 45 0 27
fi=/rustc/7cf61ebde7b22796c69757901dd346d0fe70bd97/library/alloc/src/vec/mod.rs
2930 36
fi=/rustc/7cf61ebde7b22796c69757901dd346d0fe70bd97/library/core/src/iter/traits/iterator.rs
2461 45 0 9 1 0 0 1
fi=/tmp/benchuj3n5lo1/src/solver.rs
343 18
fi=/rustc/7cf61ebde7b22796c69757901dd346d0fe70bd97/library/core/src/iter/traits/iterator.rs
2461 144
fi=/tmp/benchuj3n5lo1/src/solver.rs
343 144
0 216
348 72
fi=/rustc/7cf61ebde7b22796c69757901dd346d0fe70bd97/library/core/src/mem/manually_drop.rs
71 72
fi=/tmp/benchuj3n5lo1/src/solver.rs
459 144
0 216 0 0 1 0 0 1
349 72
fi=/rustc/7cf61ebde7b22796c69757901dd346d0fe70bd97/library/core/src/convert/num.rs
53 72
fi=/tmp/benchuj3n5lo1/src/solver.rs
459 144
fi=/rustc/7cf61ebde7b22796c69757901dd346d0fe70bd97/library/core/src/iter/traits/iterator.rs
2462 288 72
fi=/rustc/7cf61ebde7b22796c69757901dd346d0fe70bd97/library/alloc/src/vec/mod.rs
2932 144 72
fi=/rustc/7cf61ebde7b22796c69757901dd346d0fe70bd97/library/alloc/src/raw_vec.rs
309 45 0 9
cfn=alloc::raw_vec::RawVec<T,A>::reserve::do_reserve_and_handle
calls=9 300 
309 1134 270 234
239 18 9
fi=/rustc/7cf61ebde7b22796c69757901dd346d0fe70bd97/library/core/src/ptr/mod.rs
1415 9 0 9
fi=/rustc/7cf61ebde7b22796c69757901dd346d0fe70bd97/library/alloc/src/vec/mod.rs
2941 9
1424 27 9 9
fi=/rustc/7cf61ebde7b22796c69757901dd346d0fe70bd97/library/core/src/ptr/mod.rs
1415 63 0 63
fi=/rustc/7cf61ebde7b22796c69757901dd346d0fe70bd97/library/alloc/src/vec/mod.rs
2941 63 0 0 1 0 0 1
1424 189 63 63
fi=/rustc/7cf61ebde7b22796c69757901dd346d0fe70bd97/library/alloc/src/vec/spec_from_iter_nested.rs
44 45 27 18 1 0 0 1
fe=/rustc/7cf61ebde7b22796c69757901dd346d0fe70bd97/library/alloc/src/vec/spec_from_iter.rs
34 81 63
32 108 18 54 2 0 0 2
fi=/tmp/benchuj3n5lo1/src/solver.rs
459 9
324 45 9
328 18 0 9
fi=/rustc/7cf61ebde7b22796c69757901dd346d0fe70bd97/library/core/src/iter/traits/iterator.rs
2462 36 9
fi=/rustc/7cf61ebde7b22796c69757901dd346d0fe70bd97/library/core/src/ptr/mod.rs
1583 27 9 0 1 0 0 1
fi=/rustc/7cf61ebde7b22796c69757901dd346d0fe70bd97/library/alloc/src/alloc.rs
98 27 9 9
cfi=???
cfn=__rust_alloc
calls=9 0 
98 423 108 54
fi=/rustc/7cf61ebde7b22796c69757901dd346d0fe70bd97/library/alloc/src/raw_vec.rs
202 18
fi=/rustc/7cf61ebde7b22796c69757901dd346d0fe70bd97/library/core/src/ptr/mod.rs
1415 9 0 9
fi=/rustc/7cf61ebde7b22796c69757901dd346d0fe70bd97/library/alloc/src/vec/spec_from_iter_nested.rs
38 18 0 18
0 18 0 9
fi=/tmp/benchuj3n5lo1/src/solver.rs
324 162 0 0 1 0 0 1
fi=/rustc/7cf61ebde7b22796c69757901dd346d0fe70bd97/library/core/src/iter/traits/iterator.rs
2462 72 72
fi=/tmp/benchuj3n5lo1/src/solver.rs
328 72
fi=/rustc/7cf61ebde7b22796c69757901dd346d0fe70bd97/library/core/src/iter/traits/iterator.rs
2462 144
fi=/rustc/7cf61ebde7b22796c69757901dd346d0fe70bd97/library/alloc/src/vec/mod.rs
2932 144 72
fi=/rustc/7cf61ebde7b22796c69757901dd346d0fe70bd97/library/alloc/src/raw_vec.rs
309 36 0 9
cfn=alloc::raw_vec::RawVec<T,A>::reserve::do_reserve_and_handle
calls=9 300 
309 1134 270 234 3 0 0 3
239 9 9
fi=/rustc/7cf61ebde7b22796c69757901dd346d0fe70bd97/library/core/src/ptr/mod.rs
1415 9 0 9
fi=/rustc/7cf61ebde7b22796c69757901dd346d0fe70bd97/library/alloc/src/vec/mod.rs
2941 9
fi=/rustc/7cf61ebde7b22796c69757901dd346d0fe70bd97/library/alloc/src/vec/spec_from_iter_nested.rs
0 18 0 9
fi=/rustc/7cf61ebde7b22796c69757901dd346d0fe70bd97/library/core/src/ptr/mod.rs
1415 63 0 63
fi=/rustc/7cf61ebde7b22796c69757901dd346d0fe70bd97/library/alloc/src/vec/mod.rs
2941 63
fi=/rustc/7cf61ebde7b22796c69757901dd346d0fe70bd97/library/alloc/src/vec/spec_from_iter_nested.rs
0 126 0 63
44 45 18 18 1 0 0 1
fe=/rustc/7cf61ebde7b22796c69757901dd346d0fe70bd97/library/alloc/src/vec/spec_from_iter.rs
34 81 63
32 10 0 6 1 0 0 1
fi=/rustc/7cf61ebde7b22796c69757901dd346d0fe70bd97/library/alloc/src/vec/spec_from_iter_nested.rs
26 1 0 1 0 0 1 0 0 1
cfi=/rustc/7cf61ebde7b22796c69757901dd346d0fe70bd97/library/core/src/iter/adapters/filter_map.rs
cfn=<core::iter::adapters::filter_map::FilterMap<I,F> as core::iter::traits::iterator::Iterator>::next
calls=1 62 
26 65 14 14 7 0 1 7 0 1
26 2 1
0 1 0 1
28 2 1 1 1 0 0 1
fi=/rustc/7cf61ebde7b22796c69757901dd346d0fe70bd97/library/core/src/ptr/mod.rs
1583 2 1
fi=/rustc/7cf61ebde7b22796c69757901dd346d0fe70bd97/library/alloc/src/alloc.rs
98 3 1 1
cfi=???
cfn=__rust_alloc
calls=1 0 
98 50 12 6
fi=/rustc/7cf61ebde7b22796c69757901dd346d0fe70bd97/library/alloc/src/raw_vec.rs
202 2
0 2 1
fi=/rustc/7cf61ebde7b22796c69757901dd346d0fe70bd97/library/core/src/ptr/mod.rs
1415 1 0 1
fi=/rustc/7cf61ebde7b22796c69757901dd346d0fe70bd97/library/alloc/src/vec/spec_from_iter_nested.rs
38 3 0 3 1 0 0 1
43 12 7 2
fi=/rustc/7cf61ebde7b22796c69757901dd346d0fe70bd97/library/core/src/ptr/mut_ptr.rs
1045 189 63
fi=/rustc/7cf61ebde7b22796c69757901dd346d0fe70bd97/library/core/src/ptr/mod.rs
1415 63 0 63 0 0 11 0 0 11
fi=/rustc/7cf61ebde7b22796c69757901dd346d0fe70bd97/library/alloc/src/vec/mod.rs
2941 63
1424 63 0 63
fi=/rustc/7cf61ebde7b22796c69757901dd346d0fe70bd97/library/core/src/iter/adapters/flatten.rs
510 128 0 0 1 0 0 1
fi=/rustc/7cf61ebde7b22796c69757901dd346d0fe70bd97/library/core/src/ptr/non_null.rs
1796 64
fi=/rustc/7cf61ebde7b22796c69757901dd346d0fe70bd97/library/core/src/slice/iter/macros.rs
162 64
fi=/rustc/7cf61ebde7b22796c69757901dd346d0fe70bd97/library/core/src/bool.rs
34 280
fi=/rustc/7cf61ebde7b22796c69757901dd346d0fe70bd97/library/core/src/option.rs
606 56 56
fi=/rustc/7cf61ebde7b22796c69757901dd346d0fe70bd97/library/core/src/bool.rs
34 56
fi=/rustc/7cf61ebde7b22796c69757901dd346d0fe70bd97/library/core/src/option.rs
606 14 14
fi=/rustc/7cf61ebde7b22796c69757901dd346d0fe70bd97/library/core/src/bool.rs
34 14
fi=/rustc/7cf61ebde7b22796c69757901dd346d0fe70bd97/library/core/src/iter/traits/iterator.rs
0 15
fi=/rustc/7cf61ebde7b22796c69757901dd346d0fe70bd97/library/core/src/iter/adapters/enumerate.rs
87 15 0 0 1 0 0 1
fi=/rustc/7cf61ebde7b22796c69757901dd346d0fe70bd97/library/core/src/ptr/non_null.rs
1796 30
fi=/rustc/7cf61ebde7b22796c69757901dd346d0fe70bd97/library/core/src/slice/iter/macros.rs
162 15
0 2 1
fi=/rustc/7cf61ebde7b22796c69757901dd346d0fe70bd97/library/core/src/iter/adapters/fuse.rs
374 3 1
fi=/rustc/7cf61ebde7b22796c69757901dd346d0fe70bd97/library/core/src/slice/iter/macros.rs
0 8 8
fi=/rustc/7cf61ebde7b22796c69757901dd346d0fe70bd97/library/core/src/iter/adapters/fuse.rs
374 24 8
fi=/rustc/7cf61ebde7b22796c69757901dd346d0fe70bd97/library/core/src/ptr/non_null.rs
1796 9
fi=/rustc/7cf61ebde7b22796c69757901dd346d0fe70bd97/library/core/src/slice/iter/macros.rs
162 9
0 16 0 16
fi=/rustc/7cf61ebde7b22796c69757901dd346d0fe70bd97/library/core/src/bool.rs
34 104 0 8 1 0 0 1
fi=/rustc/7cf61ebde7b22796c69757901dd346d0fe70bd97/library/core/src/option.rs
606 8 8
fi=/rustc/7cf61ebde7b22796c69757901dd346d0fe70bd97/library/core/src/bool.rs
34 8
fi=/rustc/7cf61ebde7b22796c69757901dd346d0fe70bd97/library/core/src/option.rs
606 2 2
fi=/rustc/7cf61ebde7b22796c69757901dd346d0fe70bd97/library/core/src/bool.rs
34 2
fi=/tmp/benchuj3n5lo1/src/solver.rs
408 385 0 0 1 0 0 1
fi=/rustc/7cf61ebde7b22796c69757901dd346d0fe70bd97/library/core/src/ops/control_flow.rs
111 110
fi=/tmp/benchuj3n5lo1/src/solver.rs
408 440 0 55 1 0 0 1
fi=/rustc/7cf61ebde7b22796c69757901dd346d0fe70bd97/library/core/src/ops/control_flow.rs
111 55
fi=/rustc/7cf61ebde7b22796c69757901dd346d0fe70bd97/library/alloc/src/vec/mod.rs
2932 112 55
0 1 0 1
fi=/rustc/7cf61ebde7b22796c69757901dd346d0fe70bd97/library/core/src/iter/adapters/flatten.rs
518 2
fi=/tmp/benchuj3n5lo1/src/solver.rs
408 90 0 6 1 0 0 1
fi=/rustc/7cf61ebde7b22796c69757901dd346d0fe70bd97/library/core/src/ops/control_flow.rs
111 42
fi=/tmp/benchuj3n5lo1/src/solver.rs
408 34 0 2 2 0 0 2
fi=/rustc/7cf61ebde7b22796c69757901dd346d0fe70bd97/library/core/src/ops/control_flow.rs
111 14 0 0 1 0 0 1
0 24 16 8
fi=/rustc/7cf61ebde7b22796c69757901dd346d0fe70bd97/library/alloc/src/vec/mod.rs
2932 16 8
fi=/rustc/7cf61ebde7b22796c69757901dd346d0fe70bd97/library/alloc/src/raw_vec.rs
309 16 0 4 1 0 0 1
cfn=alloc::raw_vec::RawVec<T,A>::reserve::do_reserve_and_handle
calls=4 300 
309 1159 232 173 11 1 10 10 0 5
239 12 4
fi=/rustc/7cf61ebde7b22796c69757901dd346d0fe70bd97/library/alloc/src/vec/spec_from_iter_nested.rs
44 6 3 2 1 0 0 1
fe=/rustc/7cf61ebde7b22796c69757901dd346d0fe70bd97/library/alloc/src/vec/spec_from_iter.rs
34 9 7
32 108 18 54 1 0 0 1
fi=/tmp/benchuj3n5lo1/src/solver.rs
459 9
0 9 9
300 54 0 0 1 0 0 1
304 18 0 9
fi=/rustc/7cf61ebde7b22796c69757901dd346d0fe70bd97/library/core/src/iter/traits/iterator.rs
2462 36 9
fi=/rustc/7cf61ebde7b22796c69757901dd346d0fe70bd97/library/core/src/ptr/mod.rs
1583 27 9
fi=/rustc/7cf61ebde7b22796c69757901dd346d0fe70bd97/library/alloc/src/alloc.rs
98 27 9 9
cfi=???
cfn=__rust_alloc
calls=9 0 
98 423 108 54
fi=/rustc/7cf61ebde7b22796c69757901dd346d0fe70bd97/library/alloc/src/raw_vec.rs
202 18 0 0 1 0 0 1
fi=/rustc/7cf61ebde7b22796c69757901dd346d0fe70bd97/library/core/src/ptr/mod.rs
1415 9 0 9
fi=/rustc/7cf61ebde7b22796c69757901dd346d0fe70bd97/library/alloc/src/vec/spec_from_iter_nested.rs
38 18 0 18
fi=/rustc/7cf61ebde7b22796c69757901dd346d0fe70bd97/library/core/src/iter/traits/iterator.rs
2461 18
fi=/rustc/7cf61ebde7b22796c69757901dd346d0fe70bd97/library/alloc/src/vec/spec_from_iter_nested.rs
0 9 0 9
fi=/rustc/7cf61ebde7b22796c69757901dd346d0fe70bd97/library/core/src/iter/traits/iterator.rs
2461 27
fi=/tmp/benchuj3n5lo1/src/solver.rs
300 18
fi=/rustc/7cf61ebde7b22796c69757901dd346d0fe70bd97/library/alloc/src/vec/spec_from_iter_nested.rs
0 72 0 72
fi=/rustc/7cf61ebde7b22796c69757901dd346d0fe70bd97/library/core/src/iter/traits/iterator.rs
2461 216
fi=/tmp/benchuj3n5lo1/src/solver.rs
300 144
fi=/rustc/7cf61ebde7b22796c69757901dd346d0fe70bd97/library/core/src/iter/traits/iterator.rs
0 72
2462 72 72
0 72
2462 144 0 0 1 0 0 1
fi=/rustc/7cf61ebde7b22796c69757901dd346d0fe70bd97/library/alloc/src/vec/mod.rs
2932 144 72
fi=/rustc/7cf61ebde7b22796c69757901dd346d0fe70bd97/library/alloc/src/raw_vec.rs
309 36 0 9
cfn=alloc::raw_vec::RawVec<T,A>::reserve::do_reserve_and_handle
calls=9 300 
309 1134 270 234
239 9 9
fi=/rustc/7cf61ebde7b22796c69757901dd346d0fe70bd97/library/core/src/ptr/mod.rs
1415 9 0 9
fi=/rustc/7cf61ebde7b22796c69757901dd346d0fe70bd97/library/alloc/src/vec/mod.rs
2941 18
fi=/rustc/7cf61ebde7b22796c69757901dd346d0fe70bd97/library/core/src/ptr/mod.rs
1415 63 0 63
fi=/rustc/7cf61ebde7b22796c69757901dd346d0fe70bd97/library/alloc/src/vec/mod.rs
2941 126
fi=/rustc/7cf61ebde7b22796c69757901dd346d0fe70bd97/library/alloc/src/vec/spec_from_iter_nested.rs
44 45 18 18
fe=/rustc/7cf61ebde7b22796c69757901dd346d0fe70bd97/library/alloc/src/vec/spec_from_iter.rs
34 81 63 0 1 0 0 1

fl=/home/jalil/.local/share/cargo/registry/src/index.crates.io-6f17d22bba15001f/iai-callgrind-0.10.2/src/macros.rs
fn=dfs_iai::solve_sudoku_group::run
cfi=/tmp/benchuj3n5lo1/benches/dfs-iai.rs
cfn=dfs_iai::solve_sudoku::first
calls=1 7 
795 256860348 33627552 19994028 124 1 48 122 0 43

fn=dfs_iai::main
cfn=dfs_iai::solve_sudoku_group::run
calls=1 794 
370 256860348 33627552 19994028 124 1 48 122 0 43

fl=???
fn=__rust_realloc
0 31
cfi=/rustc/7cf61ebde7b22796c69757901dd346d0fe70bd97/library/std/src/alloc.rs
cfn=__rdl_realloc
calls=31 406 
0 2530 577 410 4 1 10 3 0 5

fn=(below main)
cob=/nix/store/ddwyrxif62r8n6xclvskjyy6szdhvj60-glibc-2.39-5/lib/libc.so.6
cfi=???
cfn=__libc_start_main@@GLIBC_2.34
calls=1 0 
0 256860348 33627552 19994028 124 1 48 122 0 43

fn=__rust_alloc
0 29
cfi=/rustc/7cf61ebde7b22796c69757901dd346d0fe70bd97/library/std/src/alloc.rs
cfn=__rdl_alloc
calls=38 389 
0 1471 369 184 0 0 1 0 0 1

fn=main
cfi=/rustc/7cf61ebde7b22796c69757901dd346d0fe70bd97/library/std/src/rt.rs
cfn=std::rt::lang_start_internal
calls=1 125 
0 256860348 33627552 19994028 124 1 48 122 0 43

fn=__rust_dealloc
0 29
cfi=/rustc/7cf61ebde7b22796c69757901dd346d0fe70bd97/library/std/src/sys/pal/unix/alloc.rs
cfn=__rdl_dealloc
calls=38 42 
0 2439 723 391 10 0 0 9

fl=/rustc/7cf61ebde7b22796c69757901dd346d0fe70bd97/library/std/src/alloc.rs
fn=__rdl_realloc
406 248 0 155 0 0 1
fi=/rustc/7cf61ebde7b22796c69757901dd346d0fe70bd97/library/std/src/sys/pal/unix/alloc.rs
47 124
48 248 155 0 1 1 0 1
cob=/nix/store/ddwyrxif62r8n6xclvskjyy6szdhvj60-glibc-2.39-5/lib/libc.so.6
cfi=???
cfn=realloc
calls=31 0 
48 1910 422 255 3 0 9 2 0 5
fe=/rustc/7cf61ebde7b22796c69757901dd346d0fe70bd97/library/std/src/alloc.rs

fn=__rdl_alloc
389 29
fi=/rustc/7cf61ebde7b22796c69757901dd346d0fe70bd97/library/std/src/sys/pal/unix/alloc.rs
13 116
14 58 29
cob=/nix/store/ddwyrxif62r8n6xclvskjyy6szdhvj60-glibc-2.39-5/lib/libc.so.6
cfi=???
cfn=malloc
calls=38 0 
14 1268 340 184 0 0 1 0 0 1
fe=/rustc/7cf61ebde7b22796c69757901dd346d0fe70bd97/library/std/src/alloc.rs

ob=???
fl=???
fn=0x000000000488a6f0
0 2 1
cob=/nix/store/ddwyrxif62r8n6xclvskjyy6szdhvj60-glibc-2.39-5/lib/libc.so.6
cfi=???
cfn=__memcpy_avx_unaligned_erms
calls=50 0 
0 22 6 4 0 0 1 0 0 1

ob=/nix/store/ddwyrxif62r8n6xclvskjyy6szdhvj60-glibc-2.39-5/lib/libc.so.6
fl=???
fn=realloc
0 1375 322 194 0 0 1
cfn=_int_realloc
calls=5 0 
0 487 92 61 3 0 8 2 0 5
0 48 8

fn=__memcpy_avx_unaligned_erms
0 22 6 4 0 0 1 0 0 1

fn=__libc_start_main@@GLIBC_2.34
cfn=(below main)
calls=1 0 
0 256860348 33627552 19994028 124 1 48 122 0 43

fn=_int_free_merge_chunk
0 34 6 6 3 0 0 3
cfn=_int_free_create_chunk
calls=1 0 
0 20 5 5 2 0 0 1
0 9 5
cfn=_int_free_maybe_consolidate.part.0
calls=1 0 
0 32 14 7 3 0 0 3
0 5 1 0 1 0 0 1

fn=alloc_perturb
0 8 4

fn=_int_free
0 1379 417 150 1 0 0 1
cfn=_int_free_merge_chunk
calls=1 0 
0 100 31 18 9 0 0 8
0 261 29 116

fn=_int_free_maybe_consolidate.part.0
0 32 14 7 3 0 0 3

fn=(below main)
cob=/tmp/benchuj3n5lo1/target/release/deps/dfs_iai-6ca19a207c52434a
cfi=???
cfn=main
calls=1 0 
0 256860348 33627552 19994028 124 1 48 122 0 43

fn=_int_malloc
0 233 39 18 0 0 2
cfn=alloc_perturb
calls=19 0 
0 8 4
0 36 2 6 0 0 2 0 0 2

fn=free
0 580 145 87
cfn=_int_free
calls=45 0 
0 1685 462 275 10 0 0 9
0 145 87 29

fn=_int_free_create_chunk
0 20 5 5 2 0 0 1

fn=malloc
0 1129 317 172
cfn=_int_malloc
calls=14 0 
0 132 22 12 0 0 1 0 0 1
0 7 1

fn=_int_realloc
0 181 45 25 1 0 1
cfn=_int_malloc
calls=2 0 
0 145 23 12 0 0 3 0 0 1
0 17 2 1
cob=???
cfi=???
cfn=0x000000000488a6f0
calls=2 0 
0 24 7 4 0 0 1 0 0 1
0 4 0 1
cfn=_int_free
calls=2 0 
0 55 15 9
0 61 0 9 2 0 3 2 0 3

totals: 256860348 33627552 19994028 124 1 48 122 0 43
