==53285== Callgrind, a call-graph generating cache profiler
==53285== Copyright (C) 2002-2017, and GNU GPL'd, by Josef Weidendorfer et al.
==53285== Using Valgrind-3.22.0 and LibVEX; rerun with -h for copyright info
==53285== Command: /tmp/benchuj3n5lo1/target/release/deps/dfs_iai-6ca19a207c52434a --iai-run solve_sudoku_group 0 0 dfs_iai::solve_sudoku_group::solve_sudoku
==53285== Parent PID: 53282
==53285== 
--53285-- warning: L3 cache found, using its data for the LL simulation.
==53285== For interactive control, run 'callgrind_control -h'.
==53285== 
==53285== Events    : Ir Dr Dw I1mr D1mr D1mw ILmr DLmr DLmw
==53285== Collected : 5649082023 765481335 472380948 169 4 54 169 0 47
==53285== 
==53285== I   refs:      5,649,082,023
==53285== I1  misses:              169
==53285== LLi misses:              169
==53285== I1  miss rate:          0.00%
==53285== LLi miss rate:          0.00%
==53285== 
==53285== D   refs:      1,237,862,283  (765,481,335 rd + 472,380,948 wr)
==53285== D1  misses:               58  (          4 rd +          54 wr)
==53285== LLd misses:               47  (          0 rd +          47 wr)
==53285== D1  miss rate:           0.0% (        0.0%   +         0.0%  )
==53285== LLd miss rate:           0.0% (        0.0%   +         0.0%  )
==53285== 
==53285== LL refs:                 227  (        173 rd +          54 wr)
==53285== LL misses:               216  (        169 rd +          47 wr)
==53285== LL miss rate:            0.0% (        0.0%   +         0.0%  )
