# callgrind format
version: 1
creator: callgrind-3.22.0
pid: 53285
cmd:  /tmp/benchuj3n5lo1/target/release/deps/dfs_iai-6ca19a207c52434a --iai-run solve_sudoku_group 0 0 dfs_iai::solve_sudoku_group::solve_sudoku
part: 1


desc: I1 cache: 32768 B, 64 B, 8-way associative
desc: D1 cache: 32768 B, 64 B, 8-way associative
desc: LL cache: 8388608 B, 64 B, 16-way associative

desc: Timerange: Basic block 0 - 604593345
desc: Trigger: Program termination

positions: line
events: Ir Dr Dw I1mr D1mr D1mw ILmr DLmr DLmw
summary: 5649082023 765481335 472380948 169 4 54 169 0 47


ob=/nix/store/ddwyrxif62r8n6xclvskjyy6szdhvj60-glibc-2.39-5/lib/libc.so.6
fl=???
fn=__libc_start_main@@GLIBC_2.34
cfn=(below main)
calls=1 0 
0 5649082023 765481335 472380948 169 4 54 169 0 47

fn=alloc_perturb
0 28 14

fn=_int_free
0 236060591 71844525 25658760 1 0 0 1
cfn=_int_free_merge_chunk
calls=1 0 
0 83 21 16 7 0 0 7
0 46185759 5131751 20527004

fn=(below main)
cob=/tmp/benchuj3n5lo1/target/release/deps/dfs_iai-6ca19a207c52434a
cfi=???
cfn=main
calls=1 0 
0 5649082023 765481335 472380948 169 4 54 169 0 47

fn=_int_malloc
0 863 144 63 0 0 1
cfn=alloc_perturb
calls=24 0 
0 28 14
0 126 7 21 0 0 6 0 0 6

fn=free
0 102635020 25658755 15395253
cfn=_int_free
calls=5131767 0 
0 282246378 76976282 46185771 8 0 0 8
0 25658755 15395253 5131751

fn=malloc
0 215533428 56449254 30790494
cfn=_int_malloc
calls=19 0 
0 872 142 72 0 0 5 0 0 5
0 42 6

fn=_int_realloc
0 181 45 25 0 0 1
cfn=_int_malloc
calls=2 0 
0 145 23 12 0 0 2 0 0 1
0 17 2 1
cob=???
cfi=???
cfn=0x000000000488a6f0
calls=2 0 
0 24 7 4 0 0 1 0 0 1
0 4 0 1
cfn=_int_free
calls=2 0 
0 55 15 9
0 61 0 9 2 0 3 2 0 3

fn=_int_free_merge_chunk
0 34 6 6 3 0 0 3
cfn=_int_free_create_chunk
calls=1 0 
0 36 8 10 3 0 0 3
0 13 7 0 1 0 0 1

fn=realloc
0 1375 322 194 0 0 2
cfn=_int_realloc
calls=5 0 
0 487 92 61 2 0 7 2 0 5
0 48 8

fn=__memcpy_avx_unaligned_erms
0 22 6 4 0 0 1 0 0 1

fn=__memset_avx2_unaligned_erms
0 57228502 5131722 10263444

fn=getrandom
0 8 2 0 1 0 0 1

fn=_int_free_create_chunk
0 36 8 10 3 0 0 3

ob=/tmp/benchuj3n5lo1/target/release/deps/dfs_iai-6ca19a207c52434a
fl=/tmp/benchuj3n5lo1/benches/dfs-iai.rs
fn=dfs_iai::solve_sudoku::first
cfn=iai_callgrind::bench::solve_sudoku
calls=1 9 
7 5649082023 765481335 472380948 169 4 54 169 0 47

fn=iai_callgrind::bench::solve_sudoku
9 2 0 0 1 0 0 1
fi=/tmp/benchuj3n5lo1/src/solver.rs
20 3 1 1
cfn=<libsolver::solver::IterativeDFS as libsolver::solver::Solver>::try_solve
calls=1 41 
20 5649082001 765481326 472380941 166 4 54 166 0 47
fi=/rustc/7cf61ebde7b22796c69757901dd346d0fe70bd97/library/core/src/result.rs
1028 2 1 0 1 0 0 1
1029 13 6 6 1 0 0 1
fe=/tmp/benchuj3n5lo1/benches/dfs-iai.rs
11 2 1

fl=/rustc/7cf61ebde7b22796c69757901dd346d0fe70bd97/library/alloc/src/vec/spec_from_iter.rs
fn=<alloc::vec::Vec<T> as alloc::vec::spec_from_iter::SpecFromIter<T,I>>::from_iter
32 99 27 54 1 0 0 1
fi=/rustc/7cf61ebde7b22796c69757901dd346d0fe70bd97/library/core/src/iter/traits/iterator.rs
2461 72
fi=/tmp/benchuj3n5lo1/src/solver.rs
310 18 0 0 1 0 0 1
fi=/rustc/7cf61ebde7b22796c69757901dd346d0fe70bd97/library/core/src/iter/traits/iterator.rs
2461 27
fi=/tmp/benchuj3n5lo1/src/solver.rs
315 9
fi=/rustc/7cf61ebde7b22796c69757901dd346d0fe70bd97/library/core/src/mem/manually_drop.rs
71 9
fi=/tmp/benchuj3n5lo1/src/solver.rs
316 18 0 9
426 18
fi=/rustc/7cf61ebde7b22796c69757901dd346d0fe70bd97/library/core/src/iter/traits/iterator.rs
2461 27
fi=/rustc/7cf61ebde7b22796c69757901dd346d0fe70bd97/library/core/src/convert/num.rs
53 9
fi=/tmp/benchuj3n5lo1/src/solver.rs
426 18
fi=/rustc/7cf61ebde7b22796c69757901dd346d0fe70bd97/library/core/src/iter/traits/iterator.rs
2462 36 9 0 1 0 0 1
0 9 0 9
fi=/rustc/7cf61ebde7b22796c69757901dd346d0fe70bd97/library/core/src/ptr/mod.rs
1583 27 9
fi=/rustc/7cf61ebde7b22796c69757901dd346d0fe70bd97/library/alloc/src/alloc.rs
98 27 9 9
cfi=???
cfn=__rust_alloc
calls=9 0 
98 423 108 54
fi=/rustc/7cf61ebde7b22796c69757901dd346d0fe70bd97/library/alloc/src/raw_vec.rs
202 18
fi=/rustc/7cf61ebde7b22796c69757901dd346d0fe70bd97/library/core/src/ptr/mod.rs
1415 9 0 9
fi=/rustc/7cf61ebde7b22796c69757901dd346d0fe70bd97/library/alloc/src/vec/spec_from_iter_nested.rs
38 18 0 18 1 0 0 1
fi=/rustc/7cf61ebde7b22796c69757901dd346d0fe70bd97/library/alloc/src/vec/mod.rs
2930 45
fi=/rustc/7cf61ebde7b22796c69757901dd346d0fe70bd97/library/core/src/iter/traits/iterator.rs
2461 27 0 9
fi=/rustc/7cf61ebde7b22796c69757901dd346d0fe70bd97/library/alloc/src/vec/spec_from_iter_nested.rs
0 9 0 9
fi=/rustc/7cf61ebde7b22796c69757901dd346d0fe70bd97/library/core/src/iter/traits/iterator.rs
2461 18
fi=/tmp/benchuj3n5lo1/src/solver.rs
310 18
fi=/rustc/7cf61ebde7b22796c69757901dd346d0fe70bd97/library/alloc/src/vec/spec_from_iter_nested.rs
0 72 0 72
fi=/rustc/7cf61ebde7b22796c69757901dd346d0fe70bd97/library/core/src/iter/traits/iterator.rs
2461 144
fi=/tmp/benchuj3n5lo1/src/solver.rs
310 144
0 216 0 0 1 0 0 1
315 72
fi=/rustc/7cf61ebde7b22796c69757901dd346d0fe70bd97/library/core/src/mem/manually_drop.rs
71 72
fi=/tmp/benchuj3n5lo1/src/solver.rs
426 144
0 216
316 72
fi=/rustc/7cf61ebde7b22796c69757901dd346d0fe70bd97/library/core/src/convert/num.rs
53 72
fi=/tmp/benchuj3n5lo1/src/solver.rs
426 144
fi=/rustc/7cf61ebde7b22796c69757901dd346d0fe70bd97/library/core/src/iter/traits/iterator.rs
2462 288 72
fi=/rustc/7cf61ebde7b22796c69757901dd346d0fe70bd97/library/alloc/src/vec/mod.rs
2932 144 72
fi=/rustc/7cf61ebde7b22796c69757901dd346d0fe70bd97/library/alloc/src/raw_vec.rs
309 45 0 9
cfn=alloc::raw_vec::RawVec<T,A>::reserve::do_reserve_and_handle
calls=9 300 
309 1134 270 234
239 18 9
fi=/rustc/7cf61ebde7b22796c69757901dd346d0fe70bd97/library/core/src/ptr/mod.rs
1415 9 0 9
fi=/rustc/7cf61ebde7b22796c69757901dd346d0fe70bd97/library/alloc/src/vec/mod.rs
2941 27 9
fi=/rustc/7cf61ebde7b22796c69757901dd346d0fe70bd97/library/core/src/ptr/mod.rs
1415 63 0 63 1 0 0 1
fi=/rustc/7cf61ebde7b22796c69757901dd346d0fe70bd97/library/alloc/src/vec/mod.rs
2941 189 63
fi=/rustc/7cf61ebde7b22796c69757901dd346d0fe70bd97/library/alloc/src/vec/spec_from_iter_nested.rs
44 45 27 18 1 0 0 1
fe=/rustc/7cf61ebde7b22796c69757901dd346d0fe70bd97/library/alloc/src/vec/spec_from_iter.rs
34 81 63
32 9 0 6 1 0 0 1
fi=/rustc/7cf61ebde7b22796c69757901dd346d0fe70bd97/library/core/src/iter/adapters/filter_map.rs
63 2
fi=/rustc/7cf61ebde7b22796c69757901dd346d0fe70bd97/library/core/src/iter/traits/iterator.rs
2964 1 0 1 0 0 1 0 0 1
cfi=/rustc/7cf61ebde7b22796c69757901dd346d0fe70bd97/library/core/src/iter/adapters/flatten.rs
cfn=<core::iter::adapters::map::Map<I,F> as core::iter::traits::iterator::Iterator>::try_fold
calls=1 510 
2964 42 6 6 6 0 0 6
fi=/rustc/7cf61ebde7b22796c69757901dd346d0fe70bd97/library/core/src/ops/control_flow.rs
181 2 1 0 1 0 0 1
0 1 0 1
183 2 1 1
fi=/rustc/7cf61ebde7b22796c69757901dd346d0fe70bd97/library/core/src/ptr/mod.rs
1583 2 1
fi=/rustc/7cf61ebde7b22796c69757901dd346d0fe70bd97/library/alloc/src/alloc.rs
98 3 1 1
cfi=???
cfn=__rust_alloc
calls=1 0 
98 50 12 6
fi=/rustc/7cf61ebde7b22796c69757901dd346d0fe70bd97/library/alloc/src/raw_vec.rs
202 2
0 2 1
fi=/rustc/7cf61ebde7b22796c69757901dd346d0fe70bd97/library/core/src/ptr/mod.rs
1415 1 0 1
fi=/rustc/7cf61ebde7b22796c69757901dd346d0fe70bd97/library/alloc/src/vec/spec_from_iter_nested.rs
38 3 0 3 1 0 0 1
43 14 4 4 1 0 0 1
0 63 63
fi=/rustc/7cf61ebde7b22796c69757901dd346d0fe70bd97/library/core/src/ptr/mod.rs
1415 63 0 63 0 0 11 0 0 11
fi=/rustc/7cf61ebde7b22796c69757901dd346d0fe70bd97/library/alloc/src/vec/mod.rs
2941 63
1424 63 0 63
2930 63
fi=/rustc/7cf61ebde7b22796c69757901dd346d0fe70bd97/library/core/src/iter/traits/iterator.rs
2964 252 0 63
cfi=/rustc/7cf61ebde7b22796c69757901dd346d0fe70bd97/library/core/src/iter/adapters/flatten.rs
cfn=<core::iter::adapters::map::Map<I,F> as core::iter::traits::iterator::Iterator>::try_fold
calls=63 510 
2964 2603 350 268 2 0 0 2
2964 4 0 1 1 0 0 1
cfi=/rustc/7cf61ebde7b22796c69757901dd346d0fe70bd97/library/core/src/iter/adapters/flatten.rs
cfn=<core::iter::adapters::map::Map<I,F> as core::iter::traits::iterator::Iterator>::try_fold
calls=1 510 
2964 39 5 4 2 0 0 2
fi=/rustc/7cf61ebde7b22796c69757901dd346d0fe70bd97/library/core/src/ops/control_flow.rs
181 128 64
183 126 63 63
fi=/rustc/7cf61ebde7b22796c69757901dd346d0fe70bd97/library/alloc/src/vec/mod.rs
2932 126 63
fi=/rustc/7cf61ebde7b22796c69757901dd346d0fe70bd97/library/alloc/src/raw_vec.rs
309 16 0 4
cfn=alloc::raw_vec::RawVec<T,A>::reserve::do_reserve_and_handle
calls=4 300 
309 1159 232 173 9 1 11 9 0 6
239 8 4
fi=/rustc/7cf61ebde7b22796c69757901dd346d0fe70bd97/library/alloc/src/vec/spec_from_iter_nested.rs
44 6 3 2 1 0 0 1
fe=/rustc/7cf61ebde7b22796c69757901dd346d0fe70bd97/library/alloc/src/vec/spec_from_iter.rs
34 9 7 0 1 0 0 1
32 108 18 54 1 0 0 1
fi=/tmp/benchuj3n5lo1/src/solver.rs
426 9
291 45 9
295 18 0 9 1 0 0 1
fi=/rustc/7cf61ebde7b22796c69757901dd346d0fe70bd97/library/core/src/iter/traits/iterator.rs
2462 36 9
fi=/rustc/7cf61ebde7b22796c69757901dd346d0fe70bd97/library/core/src/ptr/mod.rs
1583 27 9
fi=/rustc/7cf61ebde7b22796c69757901dd346d0fe70bd97/library/alloc/src/alloc.rs
98 27 9 9
cfi=???
cfn=__rust_alloc
calls=9 0 
98 423 108 54
fi=/rustc/7cf61ebde7b22796c69757901dd346d0fe70bd97/library/alloc/src/raw_vec.rs
202 18
fi=/rustc/7cf61ebde7b22796c69757901dd346d0fe70bd97/library/core/src/ptr/mod.rs
1415 9 0 9
fi=/rustc/7cf61ebde7b22796c69757901dd346d0fe70bd97/library/alloc/src/vec/spec_from_iter_nested.rs
38 27 0 18 1 0 0 1
0 9 0 9
fi=/tmp/benchuj3n5lo1/src/solver.rs
291 18
fi=/rustc/7cf61ebde7b22796c69757901dd346d0fe70bd97/library/alloc/src/vec/spec_from_iter_nested.rs
0 72 0 72
fi=/tmp/benchuj3n5lo1/src/solver.rs
291 144
fi=/rustc/7cf61ebde7b22796c69757901dd346d0fe70bd97/library/core/src/iter/traits/iterator.rs
2462 72 72
fi=/tmp/benchuj3n5lo1/src/solver.rs
295 72
fi=/rustc/7cf61ebde7b22796c69757901dd346d0fe70bd97/library/core/src/iter/traits/iterator.rs
2462 144
fi=/rustc/7cf61ebde7b22796c69757901dd346d0fe70bd97/library/alloc/src/vec/mod.rs
2932 144 72
fi=/rustc/7cf61ebde7b22796c69757901dd346d0fe70bd97/library/alloc/src/raw_vec.rs
309 36 0 9
cfn=alloc::raw_vec::RawVec<T,A>::reserve::do_reserve_and_handle
calls=9 300 
309 1134 270 234 3 0 0 3
239 9 9
fi=/rustc/7cf61ebde7b22796c69757901dd346d0fe70bd97/library/core/src/ptr/mod.rs
1415 9 0 9
fi=/rustc/7cf61ebde7b22796c69757901dd346d0fe70bd97/library/alloc/src/vec/mod.rs
2941 18
fi=/rustc/7cf61ebde7b22796c69757901dd346d0fe70bd97/library/core/src/ptr/mod.rs
1415 63 0 63 1 0 0 1
fi=/rustc/7cf61ebde7b22796c69757901dd346d0fe70bd97/library/alloc/src/vec/mod.rs
2941 126
fi=/rustc/7cf61ebde7b22796c69757901dd346d0fe70bd97/library/alloc/src/vec/spec_from_iter_nested.rs
44 45 18 18
fe=/rustc/7cf61ebde7b22796c69757901dd346d0fe70bd97/library/alloc/src/vec/spec_from_iter.rs
34 81 63 0 1 0 0 1
32 108 18 54 2 0 0 2
fi=/tmp/benchuj3n5lo1/src/solver.rs
426 9
0 9 9
267 54
271 18 0 9
fi=/rustc/7cf61ebde7b22796c69757901dd346d0fe70bd97/library/core/src/iter/traits/iterator.rs
2462 36 9
fi=/rustc/7cf61ebde7b22796c69757901dd346d0fe70bd97/library/core/src/ptr/mod.rs
1583 27 9 0 1 0 0 1
fi=/rustc/7cf61ebde7b22796c69757901dd346d0fe70bd97/library/alloc/src/alloc.rs
98 27 9 9
cfi=???
cfn=__rust_alloc
calls=9 0 
98 423 108 54
fi=/rustc/7cf61ebde7b22796c69757901dd346d0fe70bd97/library/alloc/src/raw_vec.rs
202 18
fi=/rustc/7cf61ebde7b22796c69757901dd346d0fe70bd97/library/core/src/ptr/mod.rs
1415 9 0 9
fi=/rustc/7cf61ebde7b22796c69757901dd346d0fe70bd97/library/alloc/src/vec/spec_from_iter_nested.rs
38 18 0 18
fi=/tmp/benchuj3n5lo1/src/solver.rs
267 18
fi=/rustc/7cf61ebde7b22796c69757901dd346d0fe70bd97/library/alloc/src/vec/spec_from_iter_nested.rs
0 9 0 9 1 0 0 1
fi=/tmp/benchuj3n5lo1/src/solver.rs
267 45
fi=/rustc/7cf61ebde7b22796c69757901dd346d0fe70bd97/library/alloc/src/vec/spec_from_iter_nested.rs
0 72 0 72
fi=/tmp/benchuj3n5lo1/src/solver.rs
267 360
fi=/rustc/7cf61ebde7b22796c69757901dd346d0fe70bd97/library/core/src/iter/traits/iterator.rs
0 72
2462 72 72
0 72
2462 144
fi=/rustc/7cf61ebde7b22796c69757901dd346d0fe70bd97/library/alloc/src/vec/mod.rs
2932 144 72
fi=/rustc/7cf61ebde7b22796c69757901dd346d0fe70bd97/library/alloc/src/raw_vec.rs
309 36 0 9
cfn=alloc::raw_vec::RawVec<T,A>::reserve::do_reserve_and_handle
calls=9 300 
309 1134 270 234
239 9 9
fi=/rustc/7cf61ebde7b22796c69757901dd346d0fe70bd97/library/core/src/ptr/mod.rs
1415 9 0 9
fi=/rustc/7cf61ebde7b22796c69757901dd346d0fe70bd97/library/alloc/src/vec/mod.rs
2941 18
fi=/rustc/7cf61ebde7b22796c69757901dd346d0fe70bd97/library/core/src/ptr/mod.rs
1415 63 0 63 1 0 0 1
fi=/rustc/7cf61ebde7b22796c69757901dd346d0fe70bd97/library/alloc/src/vec/mod.rs
2941 126
fi=/rustc/7cf61ebde7b22796c69757901dd346d0fe70bd97/library/alloc/src/vec/spec_from_iter_nested.rs
44 45 18 18
fe=/rustc/7cf61ebde7b22796c69757901dd346d0fe70bd97/library/alloc/src/vec/spec_from_iter.rs
34 81 63 0 1 0 0 1

fl=/rustc/7cf61ebde7b22796c69757901dd346d0fe70bd97/library/alloc/src/raw_vec.rs
fn=alloc::raw_vec::RawVec<T,A>::reserve::do_reserve_and_handle
300 81 0 54 1 0 0 1
fi=/rustc/7cf61ebde7b22796c69757901dd346d0fe70bd97/library/core/src/num/mod.rs
1281 27
fe=/rustc/7cf61ebde7b22796c69757901dd346d0fe70bd97/library/alloc/src/raw_vec.rs
423 27
0 27
427 54 27
fi=/rustc/7cf61ebde7b22796c69757901dd346d0fe70bd97/library/core/src/cmp.rs
0 135 0 0 1 0 0 1
fi=/rustc/7cf61ebde7b22796c69757901dd346d0fe70bd97/library/core/src/alloc/layout.rs
449 81
fe=/rustc/7cf61ebde7b22796c69757901dd346d0fe70bd97/library/alloc/src/raw_vec.rs
256 54
433 27 27
268 108 0 81
0 54 0 0 1 0 0 1
433 54 0 27
cfn=alloc::raw_vec::finish_grow
calls=27 500 
433 2430 621 486
fi=/rustc/7cf61ebde7b22796c69757901dd346d0fe70bd97/library/core/src/result.rs
1946 54 54
fe=/rustc/7cf61ebde7b22796c69757901dd346d0fe70bd97/library/alloc/src/raw_vec.rs
433 27
401 27 0 27
402 27 0 27
306 108 81
300 12 0 8 1 0 0 1
fi=/rustc/7cf61ebde7b22796c69757901dd346d0fe70bd97/library/core/src/num/mod.rs
1281 4
fe=/rustc/7cf61ebde7b22796c69757901dd346d0fe70bd97/library/alloc/src/raw_vec.rs
423 4
0 4
427 8 4
fi=/rustc/7cf61ebde7b22796c69757901dd346d0fe70bd97/library/core/src/cmp.rs
0 36 0 0 1 0 0 1
fi=/rustc/7cf61ebde7b22796c69757901dd346d0fe70bd97/library/core/src/alloc/layout.rs
449 12
fe=/rustc/7cf61ebde7b22796c69757901dd346d0fe70bd97/library/alloc/src/raw_vec.rs
256 8
433 4 4
fi=/rustc/7cf61ebde7b22796c69757901dd346d0fe70bd97/library/core/src/num/mod.rs
1281 4
fe=/rustc/7cf61ebde7b22796c69757901dd346d0fe70bd97/library/alloc/src/raw_vec.rs
268 16 0 12 1 0 1 1 0 1
0 8
433 4 0 4
cfn=alloc::raw_vec::finish_grow
calls=4 500 
433 999 204 141 5 1 10 5 0 5
fi=/rustc/7cf61ebde7b22796c69757901dd346d0fe70bd97/library/core/src/result.rs
1946 8 8
fe=/rustc/7cf61ebde7b22796c69757901dd346d0fe70bd97/library/alloc/src/raw_vec.rs
433 4
401 4 0 4 1 0 0 1
402 4 0 4
306 16 12

fn=alloc::raw_vec::finish_grow
500 155 0 93 1 0 1 1
fi=/rustc/7cf61ebde7b22796c69757901dd346d0fe70bd97/library/core/src/result.rs
827 62
0 31
fe=/rustc/7cf61ebde7b22796c69757901dd346d0fe70bd97/library/alloc/src/raw_vec.rs
513 93 62
fi=/rustc/7cf61ebde7b22796c69757901dd346d0fe70bd97/library/alloc/src/alloc.rs
202 62
fe=/rustc/7cf61ebde7b22796c69757901dd346d0fe70bd97/library/alloc/src/raw_vec.rs
0 31 31
fi=/rustc/7cf61ebde7b22796c69757901dd346d0fe70bd97/library/alloc/src/alloc.rs
136 93 31 31
cfi=???
cfn=__rust_realloc
calls=31 0 
136 2561 577 410 3 1 9 3 0 5
fi=/rustc/7cf61ebde7b22796c69757901dd346d0fe70bd97/library/core/src/result.rs
827 62
828 93 0 31 1 0 0 1
0 62 0 62
fe=/rustc/7cf61ebde7b22796c69757901dd346d0fe70bd97/library/alloc/src/raw_vec.rs
525 124 124

fl=???
fn=__rust_alloc
0 5131751
cfi=/rustc/7cf61ebde7b22796c69757901dd346d0fe70bd97/library/std/src/alloc.rs
cfn=__rdl_alloc
calls=5131760 389 
0 251456599 61581153 30790566 0 0 5 0 0 5

fn=main
cfi=/rustc/7cf61ebde7b22796c69757901dd346d0fe70bd97/library/std/src/rt.rs
cfn=std::rt::lang_start_internal
calls=1 125 
0 5649082023 765481335 472380948 169 4 54 169 0 47

fn=(below main)
cob=/nix/store/ddwyrxif62r8n6xclvskjyy6szdhvj60-glibc-2.39-5/lib/libc.so.6
cfi=???
cfn=__libc_start_main@@GLIBC_2.34
calls=1 0 
0 5649082023 765481335 472380948 169 4 54 169 0 47

fn=__rust_dealloc
0 5131751
cfi=/rustc/7cf61ebde7b22796c69757901dd346d0fe70bd97/library/std/src/sys/pal/unix/alloc.rs
cfn=__rdl_dealloc
calls=5131760 42 
0 415671904 123162041 66712775 8 0 0 8

fn=__rust_realloc
0 31
cfi=/rustc/7cf61ebde7b22796c69757901dd346d0fe70bd97/library/std/src/alloc.rs
cfn=__rdl_realloc
calls=31 406 
0 2530 577 410 3 1 9 3 0 5

fl=/rust/deps/hashbrown-0.14.3/src/map.rs
fn=hashbrown::map::HashMap<K,V,S,A>::contains_key
1355 7037404 3518702 0 1 0 0 1
fi=/rustc/7cf61ebde7b22796c69757901dd346d0fe70bd97/library/core/src/hash/mod.rs
700 10556106 7037404
fi=/rustc/7cf61ebde7b22796c69757901dd346d0fe70bd97/library/core/src/hash/sip.rs
207 7037404 0 0 1 0 0 1
208 7037404
209 3518702
fi=/rustc/7cf61ebde7b22796c69757901dd346d0fe70bd97/library/core/src/hash/mod.rs
941 7037404 3518702
fi=/rustc/7cf61ebde7b22796c69757901dd346d0fe70bd97/library/core/src/hash/sip.rs
318 7037404
fi=/rustc/7cf61ebde7b22796c69757901dd346d0fe70bd97/library/core/src/num/mod.rs
1181 7037404
fi=/rustc/7cf61ebde7b22796c69757901dd346d0fe70bd97/library/core/src/hash/sip.rs
320 3518702
366 3518702 0 0 1 0 0 1
fi=/rustc/7cf61ebde7b22796c69757901dd346d0fe70bd97/library/core/src/num/mod.rs
1181 3518702
fi=/rustc/7cf61ebde7b22796c69757901dd346d0fe70bd97/library/core/src/hash/sip.rs
320 3518702
fi=/rustc/7cf61ebde7b22796c69757901dd346d0fe70bd97/library/core/src/num/mod.rs
1181 7037404
fi=/rustc/7cf61ebde7b22796c69757901dd346d0fe70bd97/library/core/src/hash/sip.rs
366 3518702
fi=/rustc/7cf61ebde7b22796c69757901dd346d0fe70bd97/library/core/src/num/mod.rs
1181 14074808
fi=/rustc/7cf61ebde7b22796c69757901dd346d0fe70bd97/library/core/src/hash/sip.rs
366 7037404
fi=/rustc/7cf61ebde7b22796c69757901dd346d0fe70bd97/library/core/src/num/mod.rs
1181 3518702
fi=/rustc/7cf61ebde7b22796c69757901dd346d0fe70bd97/library/core/src/hash/sip.rs
322 3518702
fi=/rustc/7cf61ebde7b22796c69757901dd346d0fe70bd97/library/core/src/num/mod.rs
1181 7037404
fi=/rustc/7cf61ebde7b22796c69757901dd346d0fe70bd97/library/core/src/hash/sip.rs
371 3518702
fi=/rustc/7cf61ebde7b22796c69757901dd346d0fe70bd97/library/core/src/num/mod.rs
1181 3518702
fi=/rustc/7cf61ebde7b22796c69757901dd346d0fe70bd97/library/core/src/hash/sip.rs
324 3518702 0 0 1 0 0 1
fi=/rustc/7cf61ebde7b22796c69757901dd346d0fe70bd97/library/core/src/num/mod.rs
1181 7037404
fi=/rustc/7cf61ebde7b22796c69757901dd346d0fe70bd97/library/core/src/hash/sip.rs
371 3518702
fi=/rustc/7cf61ebde7b22796c69757901dd346d0fe70bd97/library/core/src/num/mod.rs
1181 14074808
fi=/rustc/7cf61ebde7b22796c69757901dd346d0fe70bd97/library/core/src/hash/sip.rs
371 3518702
fi=/rustc/7cf61ebde7b22796c69757901dd346d0fe70bd97/library/core/src/num/mod.rs
1181 3518702
fi=/rustc/7cf61ebde7b22796c69757901dd346d0fe70bd97/library/core/src/hash/sip.rs
371 3518702
fi=/rustc/7cf61ebde7b22796c69757901dd346d0fe70bd97/library/core/src/num/mod.rs
1181 7037404
fi=/rustc/7cf61ebde7b22796c69757901dd346d0fe70bd97/library/core/src/hash/sip.rs
372 3518702
fi=/rustc/7cf61ebde7b22796c69757901dd346d0fe70bd97/library/core/src/num/mod.rs
1181 10556106
fi=/rustc/7cf61ebde7b22796c69757901dd346d0fe70bd97/library/core/src/hash/sip.rs
372 3518702
fi=/rustc/7cf61ebde7b22796c69757901dd346d0fe70bd97/library/core/src/num/mod.rs
1181 14074808 0 0 1 0 0 1
fi=/rustc/7cf61ebde7b22796c69757901dd346d0fe70bd97/library/core/src/hash/sip.rs
372 3518702
fi=/rustc/7cf61ebde7b22796c69757901dd346d0fe70bd97/library/core/src/num/mod.rs
1181 3518702
fi=/rustc/7cf61ebde7b22796c69757901dd346d0fe70bd97/library/core/src/hash/sip.rs
372 3518702
fi=/rustc/7cf61ebde7b22796c69757901dd346d0fe70bd97/library/core/src/num/mod.rs
1181 14074808
fi=/rustc/7cf61ebde7b22796c69757901dd346d0fe70bd97/library/core/src/hash/sip.rs
373 3518702
fi=/rustc/7cf61ebde7b22796c69757901dd346d0fe70bd97/library/core/src/num/mod.rs
1181 3518702
fi=/rustc/7cf61ebde7b22796c69757901dd346d0fe70bd97/library/core/src/hash/sip.rs
373 3518702
fi=/rustc/7cf61ebde7b22796c69757901dd346d0fe70bd97/library/core/src/num/mod.rs
1181 7037404
fi=/rustc/7cf61ebde7b22796c69757901dd346d0fe70bd97/library/core/src/hash/sip.rs
327 3518702
fi=/rustc/7cf61ebde7b22796c69757901dd346d0fe70bd97/library/core/src/num/mod.rs
1181 7037404
fi=/rustc/7cf61ebde7b22796c69757901dd346d0fe70bd97/library/core/src/hash/sip.rs
327 7037404 0 0 1 0 0 1
fe=/rust/deps/hashbrown-0.14.3/src/map.rs
1359 7037404 7037404
fi=/rust/deps/hashbrown-0.14.3/src/raw/mod.rs
155 28149616
0 3518702
fi=/rustc/7cf61ebde7b22796c69757901dd346d0fe70bd97/library/core/src/intrinsics.rs
2774 3518702 3518702
fi=/rustc/7cf61ebde7b22796c69757901dd346d0fe70bd97/library/core/src/../../stdarch/crates/core_arch/src/x86/sse2.rs
1428 14074808
fi=/rustc/7cf61ebde7b22796c69757901dd346d0fe70bd97/library/core/src/num/nonzero.rs
1524 3518702 0 0 1 0 0 1
fi=/rust/deps/hashbrown-0.14.3/src/raw/mod.rs
2189 3518702
fi=/rustc/7cf61ebde7b22796c69757901dd346d0fe70bd97/library/core/src/num/nonzero.rs
1524 30482
fi=/rust/deps/hashbrown-0.14.3/src/raw/mod.rs
2189 30482
fi=/rust/deps/hashbrown-0.14.3/src/raw/bitmask.rs
50 3158190
129 6316380
fi=/rust/deps/hashbrown-0.14.3/src/raw/mod.rs
2192 6316380
fi=/rustc/7cf61ebde7b22796c69757901dd346d0fe70bd97/library/core/src/cmp.rs
1611 6316380
fi=/rustc/7cf61ebde7b22796c69757901dd346d0fe70bd97/library/core/src/num/nonzero.rs
1519 3158190 3158190
fi=/rust/deps/hashbrown-0.14.3/src/raw/mod.rs
2194 6285898
fi=/rustc/7cf61ebde7b22796c69757901dd346d0fe70bd97/library/core/src/../../stdarch/crates/core_arch/src/x86/sse2.rs
1428 781988
fi=/rust/deps/hashbrown-0.14.3/src/raw/bitmask.rs
44 390994
fi=/rust/deps/hashbrown-0.14.3/src/raw/mod.rs
2199 390994
0 3127708
fe=/rust/deps/hashbrown-0.14.3/src/map.rs
1423 3127708 3127708
0 390994
1423 390994 390994

fn=hashbrown::map::HashMap<K,V,S,A>::insert
1751 91873720 0 55124232 1 0 0 1
fi=/rustc/7cf61ebde7b22796c69757901dd346d0fe70bd97/library/core/src/hash/mod.rs
700 55124232 36749488
fi=/rustc/7cf61ebde7b22796c69757901dd346d0fe70bd97/library/core/src/hash/sip.rs
207 36749488 0 0 1 0 0 1
208 36749488
209 18374744
138 55124232
fi=/rustc/7cf61ebde7b22796c69757901dd346d0fe70bd97/library/core/src/num/mod.rs
1181 36749488
fi=/rustc/7cf61ebde7b22796c69757901dd346d0fe70bd97/library/core/src/hash/sip.rs
320 18374744
366 18374744
fi=/rustc/7cf61ebde7b22796c69757901dd346d0fe70bd97/library/core/src/num/mod.rs
1181 18374744 0 0 1 0 0 1
fi=/rustc/7cf61ebde7b22796c69757901dd346d0fe70bd97/library/core/src/hash/sip.rs
320 18374744
fi=/rustc/7cf61ebde7b22796c69757901dd346d0fe70bd97/library/core/src/num/mod.rs
1181 36749488
fi=/rustc/7cf61ebde7b22796c69757901dd346d0fe70bd97/library/core/src/hash/sip.rs
366 18374744
fi=/rustc/7cf61ebde7b22796c69757901dd346d0fe70bd97/library/core/src/num/mod.rs
1181 36749488
fi=/rustc/7cf61ebde7b22796c69757901dd346d0fe70bd97/library/core/src/hash/sip.rs
318 18374744
fi=/rustc/7cf61ebde7b22796c69757901dd346d0fe70bd97/library/core/src/num/mod.rs
1181 36749488
fi=/rustc/7cf61ebde7b22796c69757901dd346d0fe70bd97/library/core/src/hash/sip.rs
366 36749488
fi=/rustc/7cf61ebde7b22796c69757901dd346d0fe70bd97/library/core/src/num/mod.rs
1181 18374744
fi=/rustc/7cf61ebde7b22796c69757901dd346d0fe70bd97/library/core/src/hash/sip.rs
322 18374744
fi=/rustc/7cf61ebde7b22796c69757901dd346d0fe70bd97/library/core/src/num/mod.rs
1181 36749488
fi=/rustc/7cf61ebde7b22796c69757901dd346d0fe70bd97/library/core/src/hash/sip.rs
371 18374744
fi=/rustc/7cf61ebde7b22796c69757901dd346d0fe70bd97/library/core/src/num/mod.rs
1181 18374744
fi=/rustc/7cf61ebde7b22796c69757901dd346d0fe70bd97/library/core/src/hash/sip.rs
324 18374744 0 0 1 0 0 1
fi=/rustc/7cf61ebde7b22796c69757901dd346d0fe70bd97/library/core/src/num/mod.rs
1181 36749488
fi=/rustc/7cf61ebde7b22796c69757901dd346d0fe70bd97/library/core/src/hash/sip.rs
371 18374744
fi=/rustc/7cf61ebde7b22796c69757901dd346d0fe70bd97/library/core/src/num/mod.rs
1181 73498976
fi=/rustc/7cf61ebde7b22796c69757901dd346d0fe70bd97/library/core/src/hash/sip.rs
371 18374744
fi=/rustc/7cf61ebde7b22796c69757901dd346d0fe70bd97/library/core/src/num/mod.rs
1181 18374744
fi=/rustc/7cf61ebde7b22796c69757901dd346d0fe70bd97/library/core/src/hash/sip.rs
371 18374744
fi=/rustc/7cf61ebde7b22796c69757901dd346d0fe70bd97/library/core/src/num/mod.rs
1181 36749488
fi=/rustc/7cf61ebde7b22796c69757901dd346d0fe70bd97/library/core/src/hash/sip.rs
372 18374744
fi=/rustc/7cf61ebde7b22796c69757901dd346d0fe70bd97/library/core/src/num/mod.rs
1181 55124232
fi=/rustc/7cf61ebde7b22796c69757901dd346d0fe70bd97/library/core/src/hash/sip.rs
372 18374744
fi=/rustc/7cf61ebde7b22796c69757901dd346d0fe70bd97/library/core/src/num/mod.rs
1181 73498976 0 0 1 0 0 1
fi=/rustc/7cf61ebde7b22796c69757901dd346d0fe70bd97/library/core/src/hash/sip.rs
372 18374744
fi=/rustc/7cf61ebde7b22796c69757901dd346d0fe70bd97/library/core/src/num/mod.rs
1181 18374744
fi=/rustc/7cf61ebde7b22796c69757901dd346d0fe70bd97/library/core/src/hash/sip.rs
372 18374744
fi=/rustc/7cf61ebde7b22796c69757901dd346d0fe70bd97/library/core/src/num/mod.rs
1181 73498976
fi=/rustc/7cf61ebde7b22796c69757901dd346d0fe70bd97/library/core/src/hash/sip.rs
373 18374744
fi=/rustc/7cf61ebde7b22796c69757901dd346d0fe70bd97/library/core/src/num/mod.rs
1181 18374744
fi=/rustc/7cf61ebde7b22796c69757901dd346d0fe70bd97/library/core/src/hash/sip.rs
373 18374744
fi=/rustc/7cf61ebde7b22796c69757901dd346d0fe70bd97/library/core/src/num/mod.rs
1181 36749488
fi=/rustc/7cf61ebde7b22796c69757901dd346d0fe70bd97/library/core/src/hash/sip.rs
327 18374744
fi=/rustc/7cf61ebde7b22796c69757901dd346d0fe70bd97/library/core/src/num/mod.rs
1181 36749488
fi=/rustc/7cf61ebde7b22796c69757901dd346d0fe70bd97/library/core/src/hash/sip.rs
327 36749488 0 0 1 0 0 1
fi=/rust/deps/hashbrown-0.14.3/src/raw/mod.rs
1176 36749488 18374744
1425 36749488 36749488
155 165372696
0 18374744
fi=/rustc/7cf61ebde7b22796c69757901dd346d0fe70bd97/library/core/src/intrinsics.rs
2774 18374744 18374744 0 1 0 0 1
fi=/rustc/7cf61ebde7b22796c69757901dd346d0fe70bd97/library/core/src/../../stdarch/crates/core_arch/src/x86/sse2.rs
1428 73498976
fi=/rust/deps/hashbrown-0.14.3/src/raw/mod.rs
1982 18374744
fi=/rustc/7cf61ebde7b22796c69757901dd346d0fe70bd97/library/core/src/num/nonzero.rs
1524 18374744
fi=/rust/deps/hashbrown-0.14.3/src/raw/mod.rs
1982 18646903
fi=/rustc/7cf61ebde7b22796c69757901dd346d0fe70bd97/library/core/src/num/nonzero.rs
1524 272159
fi=/rust/deps/hashbrown-0.14.3/src/raw/mod.rs
1982 272159
fi=/rust/deps/hashbrown-0.14.3/src/raw/bitmask.rs
50 5710037
129 11420074
fi=/rust/deps/hashbrown-0.14.3/src/raw/mod.rs
1983 11420074
fi=/rustc/7cf61ebde7b22796c69757901dd346d0fe70bd97/library/core/src/cmp.rs
1611 5710037
fi=/rustc/7cf61ebde7b22796c69757901dd346d0fe70bd97/library/core/src/num/nonzero.rs
1519 5710037 5710037
fi=/rust/deps/hashbrown-0.14.3/src/raw/mod.rs
1985 11147915
fi=/rustc/7cf61ebde7b22796c69757901dd346d0fe70bd97/library/core/src/option.rs
606 25873732 0 0 1 0 0 1
fi=/rust/deps/hashbrown-0.14.3/src/raw/mod.rs
1992 12936866
fi=/rustc/7cf61ebde7b22796c69757901dd346d0fe70bd97/library/core/src/../../stdarch/crates/core_arch/src/x86/sse2.rs
1428 12936866
fi=/rustc/7cf61ebde7b22796c69757901dd346d0fe70bd97/library/core/src/num/nonzero.rs
1524 38810598
fi=/rust/deps/hashbrown-0.14.3/src/raw/bitmask.rs
50 12936866
fi=/rust/deps/hashbrown-0.14.3/src/raw/mod.rs
1909 25873732
fi=/rustc/7cf61ebde7b22796c69757901dd346d0fe70bd97/library/core/src/../../stdarch/crates/core_arch/src/x86/sse2.rs
1428 25873732
fi=/rust/deps/hashbrown-0.14.3/src/raw/bitmask.rs
44 12936866
fi=/rust/deps/hashbrown-0.14.3/src/raw/mod.rs
1998 12936866
1181 17656316 0 4414079 1 0 0 1
cfn=hashbrown::raw::RawTable<T,A>::reserve_rehash
calls=4414079 1219 
1181 1577914103 265528981 165974164 9 1 1 9 0 1
1181 4414079
2818 12936866 12936866
116 12936866
1871 12936866
fi=/rustc/7cf61ebde7b22796c69757901dd346d0fe70bd97/library/core/src/../../stdarch/crates/core_arch/src/x86/sse2.rs
1227 391476 391476
1428 391476
fi=/rust/deps/hashbrown-0.14.3/src/raw/bitmask.rs
50 391476
fi=/rust/deps/hashbrown-0.14.3/src/raw/mod.rs
1446 391476 391476
129 391476
fi=/rustc/7cf61ebde7b22796c69757901dd346d0fe70bd97/library/core/src/convert/num.rs
90 391476
fi=/rust/deps/hashbrown-0.14.3/src/raw/mod.rs
2636 391476 0 391476
fi=/rustc/7cf61ebde7b22796c69757901dd346d0fe70bd97/library/core/src/num/mod.rs
1281 391476
fi=/rust/deps/hashbrown-0.14.3/src/raw/mod.rs
2768 391476
2771 391476 0 391476
2772 391476 0 391476
2638 391476 0 391476
fi=/rustc/7cf61ebde7b22796c69757901dd346d0fe70bd97/library/core/src/ptr/mut_ptr.rs
484 391476
fi=/rustc/7cf61ebde7b22796c69757901dd346d0fe70bd97/library/core/src/ptr/mod.rs
1415 391476 0 391476
fi=/rustc/7cf61ebde7b22796c69757901dd346d0fe70bd97/library/core/src/num/nonzero.rs
1524 782952
fe=/rust/deps/hashbrown-0.14.3/src/map.rs
1766 1565904 1565904
fi=/rust/deps/hashbrown-0.14.3/src/raw/mod.rs
129 12545390
fi=/rustc/7cf61ebde7b22796c69757901dd346d0fe70bd97/library/core/src/convert/num.rs
90 12545390
fi=/rust/deps/hashbrown-0.14.3/src/raw/mod.rs
2636 12545390 0 12545390
fi=/rustc/7cf61ebde7b22796c69757901dd346d0fe70bd97/library/core/src/num/mod.rs
1281 12545390
fi=/rust/deps/hashbrown-0.14.3/src/raw/mod.rs
2768 12545390
2771 12545390 0 12545390
2772 12545390 0 12545390
2638 12545390 0 12545390
fi=/rustc/7cf61ebde7b22796c69757901dd346d0fe70bd97/library/core/src/ptr/mut_ptr.rs
484 12545390
fi=/rustc/7cf61ebde7b22796c69757901dd346d0fe70bd97/library/core/src/ptr/mod.rs
1415 12545390 0 12545390
fi=/rustc/7cf61ebde7b22796c69757901dd346d0fe70bd97/library/core/src/num/nonzero.rs
1524 25090780
fe=/rust/deps/hashbrown-0.14.3/src/map.rs
1766 50181560 50181560
fi=/rustc/7cf61ebde7b22796c69757901dd346d0fe70bd97/library/core/src/num/nonzero.rs
1524 10875756
fe=/rust/deps/hashbrown-0.14.3/src/map.rs
1766 21751512 21751512

fn=<hashbrown::map::HashMap<K,V,S,A> as core::iter::traits::collect::Extend<(K,V)>>::extend
6499 7819240 0 3127696
6505 7819240 3127696 0 1 0 0 1
fi=/rust/deps/hashbrown-0.14.3/src/raw/mod.rs
1176 3127696 1563848
fe=/rust/deps/hashbrown-0.14.3/src/map.rs
1107 717643
fi=/rust/deps/hashbrown-0.14.3/src/raw/mod.rs
1181 1435286 0 717643
cfn=hashbrown::raw::RawTable<T,A>::reserve_rehash
calls=717643 1219 
1181 573501749 80410062 42830530 12 0 3 12 0 3
fi=/rust/deps/hashbrown-0.14.3/src/set.rs
1743 15638480 6255392 6255392
fi=/rustc/7cf61ebde7b22796c69757901dd346d0fe70bd97/library/core/src/iter/traits/iterator.rs
2639 3127696 0 1563848 1 0 0 1
cfi=/rust/deps/hashbrown-0.14.3/src/raw/mod.rs
cfn=<hashbrown::raw::RawIntoIter<T,A> as core::iter::traits::iterator::Iterator>::next
calls=1563848 4130 
2639 28148796 7819132 3127624 1 0 0 1
2639 13969432 0 6984716
cfi=/rust/deps/hashbrown-0.14.3/src/raw/mod.rs
cfn=<hashbrown::raw::RawIntoIter<T,A> as core::iter::traits::iterator::Iterator>::next
calls=6984716 4130 
2639 105395332 30232144 10841808
2639 17097128
fe=/rust/deps/hashbrown-0.14.3/src/map.rs
6512 20954148 0 6984716
cfn=hashbrown::map::HashMap<K,V,S,A>::insert
calls=6984716 1751 
6512 851791238 80553714 30542569 0 0 1 0 0 1
6512 6984716
fi=/rust/deps/hashbrown-0.14.3/src/raw/mod.rs
4318 6255356 3127660
fi=/rustc/7cf61ebde7b22796c69757901dd346d0fe70bd97/library/alloc/src/alloc.rs
251 3127624
fi=/rust/deps/hashbrown-0.14.3/src/raw/mod.rs
4318 1563812 1563812
fi=/rustc/7cf61ebde7b22796c69757901dd346d0fe70bd97/library/alloc/src/alloc.rs
117 1563812 1563812 1563812
cfi=???
cfn=__rust_dealloc
calls=1563812 0 
117 128232584 37531488 20329556
fe=/rust/deps/hashbrown-0.14.3/src/map.rs
6514 6255392 4691544

fl=/rustc/7cf61ebde7b22796c69757901dd346d0fe70bd97/library/core/src/ops/function.rs
fn=libsolver::solver::Sudoku::filled
294 8 6 0 1 0 0 1
fi=/rustc/7cf61ebde7b22796c69757901dd346d0fe70bd97/library/core/src/iter/traits/iterator.rs
2462 13 0 0 1 0 0 1
fi=/tmp/benchuj3n5lo1/src/solver.rs
356 1 1
fe=/rustc/7cf61ebde7b22796c69757901dd346d0fe70bd97/library/core/src/ops/function.rs

fl=/rustc/7cf61ebde7b22796c69757901dd346d0fe70bd97/library/std/src/sys/pal/unix/rand.rs
fn=std::sys::pal::unix::rand::hashmap_random_keys
1 7 0 6 1 0 0 1
4 2 0 1 0 0 1
fi=/rustc/7cf61ebde7b22796c69757901dd346d0fe70bd97/library/core/src/sync/atomic.rs
3293 1 1
fe=/rustc/7cf61ebde7b22796c69757901dd346d0fe70bd97/library/std/src/sys/pal/unix/rand.rs
93 2
0 9 3 0 1 0 0 1
fi=/rustc/7cf61ebde7b22796c69757901dd346d0fe70bd97/library/core/src/sync/atomic.rs
3293 1 1 0 1 1 0 1
fe=/rustc/7cf61ebde7b22796c69757901dd346d0fe70bd97/library/std/src/sys/pal/unix/rand.rs
53 2
fi=/rustc/7cf61ebde7b22796c69757901dd346d0fe70bd97/library/std/src/sys/pal/unix/weak.rs
165 2
166 4 0 1
cob=/nix/store/ddwyrxif62r8n6xclvskjyy6szdhvj60-glibc-2.39-5/lib/libc.so.6
cfi=???
cfn=getrandom
calls=1 0 
166 8 2 0 1 0 0 1
fe=/rustc/7cf61ebde7b22796c69757901dd346d0fe70bd97/library/std/src/sys/pal/unix/rand.rs
55 3
129 2 0 0 1 0 0 1
98 2
fi=/rustc/7cf61ebde7b22796c69757901dd346d0fe70bd97/library/core/src/result.rs
746 2 2 0 1 0 0 1
fe=/rustc/7cf61ebde7b22796c69757901dd346d0fe70bd97/library/std/src/sys/pal/unix/rand.rs
11 8 7 0 1 0 0 1

fl=/rustc/7cf61ebde7b22796c69757901dd346d0fe70bd97/library/std/src/sys/pal/unix/alloc.rs
fn=__rdl_dealloc
42 5131751 5131751
cob=/nix/store/ddwyrxif62r8n6xclvskjyy6szdhvj60-glibc-2.39-5/lib/libc.so.6
cfi=???
cfn=free
calls=5131760 0 
42 410540153 118030290 66712775 8 0 0 8

fl=/tmp/benchuj3n5lo1/src/solver.rs
fn=libsolver::solver::Sudoku::valid
358 11 0 5 1 0 0 1
fi=/rustc/7cf61ebde7b22796c69757901dd346d0fe70bd97/library/core/src/iter/traits/collect.rs
279 3 0 3
fi=/rustc/7cf61ebde7b22796c69757901dd346d0fe70bd97/library/alloc/src/vec/mod.rs
2836 3 0 1
cfi=/rustc/7cf61ebde7b22796c69757901dd346d0fe70bd97/library/alloc/src/vec/spec_from_iter.rs
cfn=<alloc::vec::Vec<T> as alloc::vec::spec_from_iter::SpecFromIter<T,I>>::from_iter
calls=1 32 
2836 327 74 63 8 0 0 8
fi=/rustc/7cf61ebde7b22796c69757901dd346d0fe70bd97/library/core/src/iter/traits/collect.rs
279 24 0 24
fi=/rustc/7cf61ebde7b22796c69757901dd346d0fe70bd97/library/alloc/src/vec/mod.rs
2836 24 0 8
cfi=/rustc/7cf61ebde7b22796c69757901dd346d0fe70bd97/library/alloc/src/vec/spec_from_iter.rs
cfn=<alloc::vec::Vec<T> as alloc::vec::spec_from_iter::SpecFromIter<T,I>>::from_iter
calls=8 32 
2836 2616 592 504
fi=/rustc/7cf61ebde7b22796c69757901dd346d0fe70bd97/library/alloc/src/raw_vec.rs
239 9 9
fi=/rustc/7cf61ebde7b22796c69757901dd346d0fe70bd97/library/alloc/src/vec/mod.rs
2706 9 9
fi=/rustc/7cf61ebde7b22796c69757901dd346d0fe70bd97/library/core/src/ptr/non_null.rs
1796 9
fi=/rustc/7cf61ebde7b22796c69757901dd346d0fe70bd97/library/core/src/slice/iter/macros.rs
162 9
0 18 0 0 1 0 0 1
fi=/rustc/7cf61ebde7b22796c69757901dd346d0fe70bd97/library/core/src/ptr/non_null.rs
623 9
fi=/rustc/7cf61ebde7b22796c69757901dd346d0fe70bd97/library/core/src/iter/traits/iterator.rs
2462 18 9
fi=/rustc/7cf61ebde7b22796c69757901dd346d0fe70bd97/library/core/src/ptr/non_null.rs
1796 9
fi=/rustc/7cf61ebde7b22796c69757901dd346d0fe70bd97/library/core/src/slice/iter/macros.rs
162 9
fi=/rustc/7cf61ebde7b22796c69757901dd346d0fe70bd97/library/core/src/ptr/non_null.rs
623 72
fi=/rustc/7cf61ebde7b22796c69757901dd346d0fe70bd97/library/core/src/iter/traits/iterator.rs
2462 144 72
fi=/rustc/7cf61ebde7b22796c69757901dd346d0fe70bd97/library/core/src/ptr/non_null.rs
1796 72
fi=/rustc/7cf61ebde7b22796c69757901dd346d0fe70bd97/library/core/src/slice/iter/macros.rs
162 72
fi=/rustc/7cf61ebde7b22796c69757901dd346d0fe70bd97/library/core/src/ptr/non_null.rs
1796 324
fi=/rustc/7cf61ebde7b22796c69757901dd346d0fe70bd97/library/core/src/slice/iter/macros.rs
162 324
285 324
fi=/rustc/7cf61ebde7b22796c69757901dd346d0fe70bd97/library/core/src/num/nonzero.rs
1519 648 324
fi=/rustc/7cf61ebde7b22796c69757901dd346d0fe70bd97/library/core/src/slice/iter/macros.rs
285 324
162 162
fi=/rustc/7cf61ebde7b22796c69757901dd346d0fe70bd97/library/core/src/ptr/non_null.rs
1796 81
fi=/rustc/7cf61ebde7b22796c69757901dd346d0fe70bd97/library/core/src/slice/iter/macros.rs
162 90
fi=/rustc/7cf61ebde7b22796c69757901dd346d0fe70bd97/library/alloc/src/raw_vec.rs
530 9 9 0 1 0 0 1
256 18
fi=/rustc/7cf61ebde7b22796c69757901dd346d0fe70bd97/library/alloc/src/alloc.rs
117 18 0 9
cfi=???
cfn=__rust_dealloc
calls=9 0 
117 738 216 117
fi=/rustc/7cf61ebde7b22796c69757901dd346d0fe70bd97/library/core/src/iter/traits/collect.rs
279 27 0 27
fi=/rustc/7cf61ebde7b22796c69757901dd346d0fe70bd97/library/alloc/src/vec/mod.rs
2836 27 0 9
cfi=/rustc/7cf61ebde7b22796c69757901dd346d0fe70bd97/library/alloc/src/vec/spec_from_iter.rs
cfn=<alloc::vec::Vec<T> as alloc::vec::spec_from_iter::SpecFromIter<T,I>>::from_iter
calls=9 32 
2836 3285 666 567 6 0 0 6
fi=/rustc/7cf61ebde7b22796c69757901dd346d0fe70bd97/library/alloc/src/raw_vec.rs
239 9 9
fi=/rustc/7cf61ebde7b22796c69757901dd346d0fe70bd97/library/alloc/src/vec/mod.rs
2706 9 9
fi=/rustc/7cf61ebde7b22796c69757901dd346d0fe70bd97/library/core/src/ptr/non_null.rs
1796 9
fi=/rustc/7cf61ebde7b22796c69757901dd346d0fe70bd97/library/core/src/slice/iter/macros.rs
162 9
0 18 0 0 1 0 0 1
fi=/rustc/7cf61ebde7b22796c69757901dd346d0fe70bd97/library/core/src/ptr/non_null.rs
623 9
fi=/rustc/7cf61ebde7b22796c69757901dd346d0fe70bd97/library/core/src/iter/traits/iterator.rs
2462 18 9
fi=/rustc/7cf61ebde7b22796c69757901dd346d0fe70bd97/library/core/src/ptr/non_null.rs
1796 9
fi=/rustc/7cf61ebde7b22796c69757901dd346d0fe70bd97/library/core/src/slice/iter/macros.rs
162 9
fi=/rustc/7cf61ebde7b22796c69757901dd346d0fe70bd97/library/core/src/ptr/non_null.rs
623 72
fi=/rustc/7cf61ebde7b22796c69757901dd346d0fe70bd97/library/core/src/iter/traits/iterator.rs
2462 144 72
fi=/rustc/7cf61ebde7b22796c69757901dd346d0fe70bd97/library/core/src/ptr/non_null.rs
1796 72
fi=/rustc/7cf61ebde7b22796c69757901dd346d0fe70bd97/library/core/src/slice/iter/macros.rs
162 72
fi=/rustc/7cf61ebde7b22796c69757901dd346d0fe70bd97/library/core/src/ptr/non_null.rs
1796 324
fi=/rustc/7cf61ebde7b22796c69757901dd346d0fe70bd97/library/core/src/slice/iter/macros.rs
162 324
285 324
fi=/rustc/7cf61ebde7b22796c69757901dd346d0fe70bd97/library/core/src/num/nonzero.rs
1519 648 324
fi=/rustc/7cf61ebde7b22796c69757901dd346d0fe70bd97/library/core/src/slice/iter/macros.rs
285 324
162 162
fi=/rustc/7cf61ebde7b22796c69757901dd346d0fe70bd97/library/core/src/ptr/non_null.rs
1796 81
fi=/rustc/7cf61ebde7b22796c69757901dd346d0fe70bd97/library/core/src/slice/iter/macros.rs
162 81
fi=/rustc/7cf61ebde7b22796c69757901dd346d0fe70bd97/library/alloc/src/raw_vec.rs
530 9 9
256 18 0 0 1 0 0 1
fi=/rustc/7cf61ebde7b22796c69757901dd346d0fe70bd97/library/alloc/src/alloc.rs
117 18 0 9
cfi=???
cfn=__rust_dealloc
calls=9 0 
117 738 216 117
fi=/rustc/7cf61ebde7b22796c69757901dd346d0fe70bd97/library/core/src/iter/traits/collect.rs
279 27 0 27
fi=/rustc/7cf61ebde7b22796c69757901dd346d0fe70bd97/library/alloc/src/vec/mod.rs
2836 27 0 9
cfi=/rustc/7cf61ebde7b22796c69757901dd346d0fe70bd97/library/alloc/src/vec/spec_from_iter.rs
cfn=<alloc::vec::Vec<T> as alloc::vec::spec_from_iter::SpecFromIter<T,I>>::from_iter
calls=9 32 
2836 4419 747 585 7 0 0 7
fi=/rustc/7cf61ebde7b22796c69757901dd346d0fe70bd97/library/alloc/src/raw_vec.rs
239 9 9
fi=/rustc/7cf61ebde7b22796c69757901dd346d0fe70bd97/library/alloc/src/vec/mod.rs
2706 9 9
fi=/rustc/7cf61ebde7b22796c69757901dd346d0fe70bd97/library/core/src/ptr/non_null.rs
1796 9
fi=/rustc/7cf61ebde7b22796c69757901dd346d0fe70bd97/library/core/src/slice/iter/macros.rs
162 9
0 18
fi=/rustc/7cf61ebde7b22796c69757901dd346d0fe70bd97/library/core/src/ptr/non_null.rs
623 9 0 0 1 0 0 1
fi=/rustc/7cf61ebde7b22796c69757901dd346d0fe70bd97/library/core/src/iter/traits/iterator.rs
2462 27 9
fi=/rustc/7cf61ebde7b22796c69757901dd346d0fe70bd97/library/core/src/ptr/non_null.rs
1796 9
fi=/rustc/7cf61ebde7b22796c69757901dd346d0fe70bd97/library/core/src/slice/iter/macros.rs
162 9
fi=/rustc/7cf61ebde7b22796c69757901dd346d0fe70bd97/library/core/src/ptr/non_null.rs
623 72
fi=/rustc/7cf61ebde7b22796c69757901dd346d0fe70bd97/library/core/src/iter/traits/iterator.rs
2462 216 72
fi=/rustc/7cf61ebde7b22796c69757901dd346d0fe70bd97/library/core/src/ptr/non_null.rs
1796 72
fi=/rustc/7cf61ebde7b22796c69757901dd346d0fe70bd97/library/core/src/slice/iter/macros.rs
162 72
fi=/rustc/7cf61ebde7b22796c69757901dd346d0fe70bd97/library/core/src/ptr/non_null.rs
1796 324
fi=/rustc/7cf61ebde7b22796c69757901dd346d0fe70bd97/library/core/src/slice/iter/macros.rs
162 324
285 324
fi=/rustc/7cf61ebde7b22796c69757901dd346d0fe70bd97/library/core/src/num/nonzero.rs
1519 648 324
fi=/rustc/7cf61ebde7b22796c69757901dd346d0fe70bd97/library/core/src/slice/iter/macros.rs
285 324
162 162
fi=/rustc/7cf61ebde7b22796c69757901dd346d0fe70bd97/library/core/src/ptr/non_null.rs
1796 81
fi=/rustc/7cf61ebde7b22796c69757901dd346d0fe70bd97/library/core/src/slice/iter/macros.rs
162 81
fi=/rustc/7cf61ebde7b22796c69757901dd346d0fe70bd97/library/alloc/src/raw_vec.rs
530 9 9
256 18
fi=/rustc/7cf61ebde7b22796c69757901dd346d0fe70bd97/library/alloc/src/alloc.rs
117 18 0 9 1 0 0 1
cfi=???
cfn=__rust_dealloc
calls=9 0 
117 738 216 117
0 9
fi=/rustc/7cf61ebde7b22796c69757901dd346d0fe70bd97/library/core/src/cmp.rs
1509 9
fi=/rustc/7cf61ebde7b22796c69757901dd346d0fe70bd97/library/core/src/iter/range.rs
729 9
0 2
fi=/rustc/7cf61ebde7b22796c69757901dd346d0fe70bd97/library/core/src/cmp.rs
1509 2
fe=/tmp/benchuj3n5lo1/src/solver.rs
360 7 6

fn=<libsolver::solver::IterativeDFS as libsolver::solver::Solver>::try_solve::all_affecting
50 7037316 0 5473468 1 0 0 1
388 1563848
0 1563848
fi=/rustc/7cf61ebde7b22796c69757901dd346d0fe70bd97/library/core/src/option.rs
681 2345772 1563848 0 1 0 0 1
fi=/rustc/7cf61ebde7b22796c69757901dd346d0fe70bd97/library/std/src/sys/pal/common/thread_local/fast_local.rs
173 781924
0 1563846
175 5 1 1
cfn=std::sys::pal::common::thread_local::fast_local::Key<T>::try_initialize
calls=1 188 
175 67 19 13 9 1 1 9
fi=/rustc/7cf61ebde7b22796c69757901dd346d0fe70bd97/library/core/src/cell.rs
512 781924 781924
fi=/rustc/7cf61ebde7b22796c69757901dd346d0fe70bd97/library/core/src/ptr/mod.rs
1415 781924 0 781924
fi=/rustc/7cf61ebde7b22796c69757901dd346d0fe70bd97/library/std/src/collections/hash/set.rs
374 4691544 1563848 2345772 1 1 0 1
fe=/tmp/benchuj3n5lo1/src/solver.rs
426 781924
fi=/rustc/7cf61ebde7b22796c69757901dd346d0fe70bd97/library/core/src/iter/traits/iterator.rs
2640 781924 781924
fi=/rustc/7cf61ebde7b22796c69757901dd346d0fe70bd97/library/core/src/iter/adapters/filter_map.rs
38 1563848
fi=/rust/deps/hashbrown-0.14.3/src/map.rs
6512 100278 0 33426
cfn=hashbrown::map::HashMap<K,V,S,A>::insert
calls=33426 1751 
6512 9860670 1437318 1103058
fi=/rustc/7cf61ebde7b22796c69757901dd346d0fe70bd97/library/core/src/iter/traits/iterator.rs
2640 781924 781924
fi=/rustc/7cf61ebde7b22796c69757901dd346d0fe70bd97/library/core/src/iter/adapters/filter_map.rs
38 1563848
fi=/rust/deps/hashbrown-0.14.3/src/map.rs
6512 460428 0 153476
cfn=hashbrown::map::HashMap<K,V,S,A>::insert
calls=153476 1751 
6512 45275420 6599468 5064708
fi=/rustc/7cf61ebde7b22796c69757901dd346d0fe70bd97/library/core/src/iter/traits/iterator.rs
2640 781924 781924 0 1 0 0 1
fi=/rustc/7cf61ebde7b22796c69757901dd346d0fe70bd97/library/core/src/iter/adapters/filter_map.rs
38 1563848
fi=/rust/deps/hashbrown-0.14.3/src/map.rs
6512 2053545 0 684515
cfn=hashbrown::map::HashMap<K,V,S,A>::insert
calls=684515 1751 
6512 183541359 25822723 19766895
fi=/rustc/7cf61ebde7b22796c69757901dd346d0fe70bd97/library/core/src/iter/traits/iterator.rs
2640 781924 781924
fi=/rustc/7cf61ebde7b22796c69757901dd346d0fe70bd97/library/core/src/iter/adapters/filter_map.rs
38 1563848
fi=/rust/deps/hashbrown-0.14.3/src/map.rs
6512 1018107 0 339369
cfn=hashbrown::map::HashMap<K,V,S,A>::insert
calls=339369 1751 
6512 44953462 3766166 2729627 18 1 0 18
fi=/rustc/7cf61ebde7b22796c69757901dd346d0fe70bd97/library/core/src/iter/traits/iterator.rs
2640 781924 781924
fi=/rustc/7cf61ebde7b22796c69757901dd346d0fe70bd97/library/core/src/iter/adapters/filter_map.rs
38 1563848
fi=/rust/deps/hashbrown-0.14.3/src/map.rs
6512 1488084 0 496028
cfn=hashbrown::map::HashMap<K,V,S,A>::insert
calls=496028 1751 
6512 132072976 16260331 10521076
fi=/rustc/7cf61ebde7b22796c69757901dd346d0fe70bd97/library/core/src/iter/traits/iterator.rs
2640 781924 781924 0 1 0 0 1
fi=/rustc/7cf61ebde7b22796c69757901dd346d0fe70bd97/library/core/src/iter/adapters/filter_map.rs
38 1563848
fi=/rust/deps/hashbrown-0.14.3/src/map.rs
6512 1645815 0 548605
cfn=hashbrown::map::HashMap<K,V,S,A>::insert
calls=548605 1751 
6512 165167920 20897475 13211775
fi=/rustc/7cf61ebde7b22796c69757901dd346d0fe70bd97/library/core/src/iter/traits/iterator.rs
2640 781924 781924
fi=/rustc/7cf61ebde7b22796c69757901dd346d0fe70bd97/library/core/src/iter/adapters/filter_map.rs
38 1563848
fi=/rust/deps/hashbrown-0.14.3/src/map.rs
6512 2270007 0 756669
cfn=hashbrown::map::HashMap<K,V,S,A>::insert
calls=756669 1751 
6512 196887609 23879145 15270448
fi=/rustc/7cf61ebde7b22796c69757901dd346d0fe70bd97/library/core/src/iter/traits/iterator.rs
2640 781924 781924
fi=/rustc/7cf61ebde7b22796c69757901dd346d0fe70bd97/library/core/src/iter/adapters/filter_map.rs
38 1563848
fi=/rust/deps/hashbrown-0.14.3/src/map.rs
6512 1978260 0 659420
cfn=hashbrown::map::HashMap<K,V,S,A>::insert
calls=659420 1751 
6512 162914989 19452514 12464807
fi=/rustc/7cf61ebde7b22796c69757901dd346d0fe70bd97/library/core/src/iter/traits/iterator.rs
2640 781924 781924 0 1 0 0 1
fi=/rustc/7cf61ebde7b22796c69757901dd346d0fe70bd97/library/core/src/iter/adapters/filter_map.rs
38 1563848
fi=/rust/deps/hashbrown-0.14.3/src/map.rs
6512 2201412 0 733804
cfn=hashbrown::map::HashMap<K,V,S,A>::insert
calls=733804 1751 
6512 246438137 29234915 17320533
fi=/rustc/7cf61ebde7b22796c69757901dd346d0fe70bd97/library/std/src/collections/hash/set.rs
1027 4691544 2345772 2345772
fe=/tmp/benchuj3n5lo1/src/solver.rs
397 1563848
fi=/rustc/7cf61ebde7b22796c69757901dd346d0fe70bd97/library/core/src/option.rs
681 2345772 1563848 0 1 0 0 1
fi=/rustc/7cf61ebde7b22796c69757901dd346d0fe70bd97/library/std/src/sys/pal/common/thread_local/fast_local.rs
173 781924
0 1563848
fi=/rustc/7cf61ebde7b22796c69757901dd346d0fe70bd97/library/core/src/cell.rs
512 781924 781924
fi=/rustc/7cf61ebde7b22796c69757901dd346d0fe70bd97/library/core/src/ptr/mod.rs
1415 781924 0 781924
fi=/rustc/7cf61ebde7b22796c69757901dd346d0fe70bd97/library/std/src/collections/hash/set.rs
374 4691544 1563848 2345772 1 0 0 1
fi=/rustc/7cf61ebde7b22796c69757901dd346d0fe70bd97/library/core/src/iter/traits/iterator.rs
2640 781924 781924
fi=/rustc/7cf61ebde7b22796c69757901dd346d0fe70bd97/library/core/src/iter/adapters/filter_map.rs
38 1563848
fi=/rust/deps/hashbrown-0.14.3/src/map.rs
6512 223155 0 74385
cfn=hashbrown::map::HashMap<K,V,S,A>::insert
calls=74385 1751 
6512 21943575 3198555 2454705
fi=/rustc/7cf61ebde7b22796c69757901dd346d0fe70bd97/library/core/src/iter/traits/iterator.rs
2640 781924 781924
fi=/rustc/7cf61ebde7b22796c69757901dd346d0fe70bd97/library/core/src/iter/adapters/filter_map.rs
38 1563848
fi=/rust/deps/hashbrown-0.14.3/src/map.rs
6512 334782 0 111594
cfn=hashbrown::map::HashMap<K,V,S,A>::insert
calls=111594 1751 
6512 32920230 4798542 3682602
fi=/rustc/7cf61ebde7b22796c69757901dd346d0fe70bd97/library/core/src/iter/traits/iterator.rs
2640 781924 781924 0 1 0 0 1
fi=/rustc/7cf61ebde7b22796c69757901dd346d0fe70bd97/library/core/src/iter/adapters/filter_map.rs
38 1563848
fi=/rust/deps/hashbrown-0.14.3/src/map.rs
6512 462378 0 154126
cfn=hashbrown::map::HashMap<K,V,S,A>::insert
calls=154126 1751 
6512 45460813 6626170 5085183
fi=/rustc/7cf61ebde7b22796c69757901dd346d0fe70bd97/library/core/src/iter/traits/iterator.rs
2640 781924 781924
fi=/rustc/7cf61ebde7b22796c69757901dd346d0fe70bd97/library/core/src/iter/adapters/filter_map.rs
38 1563848
fi=/rust/deps/hashbrown-0.14.3/src/map.rs
6512 526791 0 175597
cfn=hashbrown::map::HashMap<K,V,S,A>::insert
calls=175597 1751 
6512 51729411 7536599 5783701
fi=/rustc/7cf61ebde7b22796c69757901dd346d0fe70bd97/library/core/src/iter/traits/iterator.rs
2640 781924 781924
fi=/rustc/7cf61ebde7b22796c69757901dd346d0fe70bd97/library/core/src/iter/adapters/filter_map.rs
38 1563848
fi=/rust/deps/hashbrown-0.14.3/src/map.rs
6512 154200 0 51400
cfn=hashbrown::map::HashMap<K,V,S,A>::insert
calls=51400 1751 
6512 9801046 1156459 872067
fi=/rustc/7cf61ebde7b22796c69757901dd346d0fe70bd97/library/core/src/iter/traits/iterator.rs
2640 781924 781924 0 1 0 0 1
fi=/rustc/7cf61ebde7b22796c69757901dd346d0fe70bd97/library/core/src/iter/adapters/filter_map.rs
38 1563848
fi=/rust/deps/hashbrown-0.14.3/src/map.rs
6512 1558596 0 519532
cfn=hashbrown::map::HashMap<K,V,S,A>::insert
calls=519532 1751 
6512 94869948 10866135 8170434
fi=/rustc/7cf61ebde7b22796c69757901dd346d0fe70bd97/library/core/src/iter/traits/iterator.rs
2640 781924 781924
fi=/rustc/7cf61ebde7b22796c69757901dd346d0fe70bd97/library/core/src/iter/adapters/filter_map.rs
38 1563848
fi=/rust/deps/hashbrown-0.14.3/src/map.rs
6512 2132676 0 710892
cfn=hashbrown::map::HashMap<K,V,S,A>::insert
calls=710892 1751 
6512 115937913 11785932 8441318
fi=/rustc/7cf61ebde7b22796c69757901dd346d0fe70bd97/library/core/src/iter/traits/iterator.rs
2640 781924 781924
fi=/rustc/7cf61ebde7b22796c69757901dd346d0fe70bd97/library/core/src/iter/adapters/filter_map.rs
38 1563848
fi=/rust/deps/hashbrown-0.14.3/src/map.rs
6512 2191428 0 730476
cfn=hashbrown::map::HashMap<K,V,S,A>::insert
calls=730476 1751 
6512 273512021 36457234 22789138
fi=/rustc/7cf61ebde7b22796c69757901dd346d0fe70bd97/library/core/src/iter/traits/iterator.rs
2640 781924 781924 0 1 0 0 1
fi=/rustc/7cf61ebde7b22796c69757901dd346d0fe70bd97/library/core/src/iter/adapters/filter_map.rs
38 1563848
fi=/rust/deps/hashbrown-0.14.3/src/map.rs
6512 2341707 0 780569
cfn=hashbrown::map::HashMap<K,V,S,A>::insert
calls=780569 1751 
6512 274720641 36148964 22666097
fi=/rustc/7cf61ebde7b22796c69757901dd346d0fe70bd97/library/std/src/collections/hash/set.rs
1027 5473468 2345772 2345772 1 0 0 1
fe=/tmp/benchuj3n5lo1/src/solver.rs
417 7819240
379 1563848
fi=/rustc/7cf61ebde7b22796c69757901dd346d0fe70bd97/library/core/src/option.rs
681 2345772 1563848
fi=/rustc/7cf61ebde7b22796c69757901dd346d0fe70bd97/library/std/src/sys/pal/common/thread_local/fast_local.rs
173 781924
0 1563848 0 0 1 0 0 1
fi=/rustc/7cf61ebde7b22796c69757901dd346d0fe70bd97/library/core/src/cell.rs
512 781924 781924
fi=/rustc/7cf61ebde7b22796c69757901dd346d0fe70bd97/library/core/src/ptr/mod.rs
1415 781924 0 781924
fi=/rustc/7cf61ebde7b22796c69757901dd346d0fe70bd97/library/std/src/collections/hash/set.rs
374 7037316 1563848 2345772 1 0 0 1
fi=/rustc/7cf61ebde7b22796c69757901dd346d0fe70bd97/library/core/src/mem/manually_drop.rs
71 781924
fe=/tmp/benchuj3n5lo1/src/solver.rs
426 1563848
0 2345772
fi=/rustc/7cf61ebde7b22796c69757901dd346d0fe70bd97/library/core/src/convert/num.rs
53 1563848
fe=/tmp/benchuj3n5lo1/src/solver.rs
426 1563848
fi=/rustc/7cf61ebde7b22796c69757901dd346d0fe70bd97/library/core/src/iter/traits/iterator.rs
2640 781924 781924
fi=/rustc/7cf61ebde7b22796c69757901dd346d0fe70bd97/library/core/src/iter/adapters/filter_map.rs
38 1563848
fi=/rust/deps/hashbrown-0.14.3/src/map.rs
6512 599463 0 199821 1 0 0 1
cfn=hashbrown::map::HashMap<K,V,S,A>::insert
calls=199821 1751 
6512 58947345 8592327 6594103
fi=/rustc/7cf61ebde7b22796c69757901dd346d0fe70bd97/library/core/src/iter/traits/iterator.rs
2640 781924 781924
fi=/rustc/7cf61ebde7b22796c69757901dd346d0fe70bd97/library/core/src/iter/adapters/filter_map.rs
38 1563848
fi=/rust/deps/hashbrown-0.14.3/src/map.rs
6512 981681 0 327227
cfn=hashbrown::map::HashMap<K,V,S,A>::insert
calls=327227 1751 
6512 96531965 14070761 10798491
fi=/rustc/7cf61ebde7b22796c69757901dd346d0fe70bd97/library/core/src/iter/traits/iterator.rs
2640 781924 781924
fi=/rustc/7cf61ebde7b22796c69757901dd346d0fe70bd97/library/core/src/iter/adapters/filter_map.rs
38 1563848
fi=/rust/deps/hashbrown-0.14.3/src/map.rs
6512 396153 0 132051
cfn=hashbrown::map::HashMap<K,V,S,A>::insert
calls=132051 1751 
6512 17442948 1453809 1056608
fe=/tmp/benchuj3n5lo1/src/solver.rs
315 781924
fi=/rustc/7cf61ebde7b22796c69757901dd346d0fe70bd97/library/core/src/mem/manually_drop.rs
71 781924
fe=/tmp/benchuj3n5lo1/src/solver.rs
426 3127696 0 0 1 0 0 1
fi=/rustc/7cf61ebde7b22796c69757901dd346d0fe70bd97/library/core/src/iter/traits/iterator.rs
2640 781924 781924
fi=/rustc/7cf61ebde7b22796c69757901dd346d0fe70bd97/library/core/src/iter/adapters/filter_map.rs
38 1563848
fi=/rust/deps/hashbrown-0.14.3/src/map.rs
6512 523575 0 174525
cfn=hashbrown::map::HashMap<K,V,S,A>::insert
calls=174525 1751 
6512 23115150 1939629 1400400
0 781924
fi=/rustc/7cf61ebde7b22796c69757901dd346d0fe70bd97/library/core/src/iter/traits/iterator.rs
2640 781924 781924
fi=/rustc/7cf61ebde7b22796c69757901dd346d0fe70bd97/library/core/src/iter/adapters/filter_map.rs
38 1563848
fi=/rust/deps/hashbrown-0.14.3/src/map.rs
6512 712668 0 237556
cfn=hashbrown::map::HashMap<K,V,S,A>::insert
calls=237556 1751 
6512 59318045 7380253 5028329
0 781924
fi=/rustc/7cf61ebde7b22796c69757901dd346d0fe70bd97/library/core/src/iter/traits/iterator.rs
2640 781924 781924 0 1 0 0 1
fi=/rustc/7cf61ebde7b22796c69757901dd346d0fe70bd97/library/core/src/iter/adapters/filter_map.rs
38 1563848
fi=/rust/deps/hashbrown-0.14.3/src/map.rs
6512 1732689 0 577563
cfn=hashbrown::map::HashMap<K,V,S,A>::insert
calls=577563 1751 
6512 143336293 18314753 12948863
0 781924
fe=/tmp/benchuj3n5lo1/src/solver.rs
315 781924
fi=/rustc/7cf61ebde7b22796c69757901dd346d0fe70bd97/library/core/src/mem/manually_drop.rs
71 781924
fe=/tmp/benchuj3n5lo1/src/solver.rs
426 3127696
fi=/rustc/7cf61ebde7b22796c69757901dd346d0fe70bd97/library/core/src/iter/traits/iterator.rs
2640 781924 781924
fi=/rustc/7cf61ebde7b22796c69757901dd346d0fe70bd97/library/core/src/iter/adapters/filter_map.rs
38 1563848
fi=/rust/deps/hashbrown-0.14.3/src/map.rs
6512 1706541 0 568847
cfn=hashbrown::map::HashMap<K,V,S,A>::insert
calls=568847 1751 
6512 169647598 21410222 13546298
fi=/rustc/7cf61ebde7b22796c69757901dd346d0fe70bd97/library/core/src/iter/traits/iterator.rs
2640 781924 781924 0 1 0 0 1
fi=/rustc/7cf61ebde7b22796c69757901dd346d0fe70bd97/library/core/src/iter/adapters/filter_map.rs
38 1563848
fi=/rust/deps/hashbrown-0.14.3/src/map.rs
6512 2104395 0 701465
cfn=hashbrown::map::HashMap<K,V,S,A>::insert
calls=701465 1751 
6512 190440934 23408675 14910248
fi=/rustc/7cf61ebde7b22796c69757901dd346d0fe70bd97/library/core/src/iter/traits/iterator.rs
2640 781924 781924
fi=/rustc/7cf61ebde7b22796c69757901dd346d0fe70bd97/library/core/src/iter/adapters/filter_map.rs
38 1563848
fi=/rust/deps/hashbrown-0.14.3/src/map.rs
6512 2271270 0 757090
cfn=hashbrown::map::HashMap<K,V,S,A>::insert
calls=757090 1751 
6512 213548899 25657488 15972724
fi=/rustc/7cf61ebde7b22796c69757901dd346d0fe70bd97/library/std/src/collections/hash/set.rs
1027 4691544 2345772 2345772 1 0 0 1
fi=/rust/deps/hashbrown-0.14.3/src/map.rs
4718 5473468 1563848 2345772
cfi=/rust/deps/hashbrown-0.14.3/src/raw/mod.rs
cfn=<hashbrown::raw::RawTable<T,A> as core::iter::traits::collect::IntoIterator>::into_iter
calls=781924 3706 
4718 28149264 3909620 6255392 3 0 0 3
0 1563848 0 0 1 0 0 1
fi=/rust/deps/hashbrown-0.14.3/src/set.rs
1355 1563848 0 781924
cfi=/rust/deps/hashbrown-0.14.3/src/map.rs
cfn=<hashbrown::map::HashMap<K,V,S,A> as core::iter::traits::collect::Extend<(K,V)>>::extend
calls=781924 6499 
1355 1040790068 148681435 80004597 3 0 2 3 0 2
fi=/rust/deps/hashbrown-0.14.3/src/map.rs
4718 5473468 1563848 2345772
cfi=/rust/deps/hashbrown-0.14.3/src/raw/mod.rs
cfn=<hashbrown::raw::RawTable<T,A> as core::iter::traits::collect::IntoIterator>::into_iter
calls=781924 3706 
4718 28148760 3909620 6255392
0 1563848 0 0 1 0 0 1
fi=/rust/deps/hashbrown-0.14.3/src/set.rs
1355 781924 0 781924
cfi=/rust/deps/hashbrown-0.14.3/src/map.rs
cfn=<hashbrown::map::HashMap<K,V,S,A> as core::iter::traits::collect::Extend<(K,V)>>::extend
calls=781924 6499 
1355 763736332 109758869 54865313 12 0 2 12 0 2
fe=/tmp/benchuj3n5lo1/src/solver.rs
65 5473468 3127696 2345772
66 6255392 5473468

fn=<libsolver::solver::IterativeDFS as libsolver::solver::Solver>::try_solve
41 9 0 7 1 0 0 1
fi=/rustc/7cf61ebde7b22796c69757901dd346d0fe70bd97/library/core/src/ptr/const_ptr.rs
944 1
fi=/rustc/7cf61ebde7b22796c69757901dd346d0fe70bd97/library/core/src/iter/adapters/filter_map.rs
23 7 0 5 1 0 0 1
fi=/rustc/7cf61ebde7b22796c69757901dd346d0fe70bd97/library/alloc/src/vec/mod.rs
2836 1 0 1
cfi=/rustc/7cf61ebde7b22796c69757901dd346d0fe70bd97/library/alloc/src/vec/spec_from_iter.rs
cfn=<alloc::vec::Vec<T> as alloc::vec::spec_from_iter::SpecFromIter<T,I>>::from_iter
calls=1 32 
2836 4927 881 734 26 1 23 26 0 18
2145 1 1
fi=/rustc/7cf61ebde7b22796c69757901dd346d0fe70bd97/library/alloc/src/raw_vec.rs
185 2
0 1
fi=/rustc/7cf61ebde7b22796c69757901dd346d0fe70bd97/library/core/src/alloc/layout.rs
449 1 0 0 1 0 0 1
fi=/rustc/7cf61ebde7b22796c69757901dd346d0fe70bd97/library/alloc/src/raw_vec.rs
190 1
0 2
fi=/rustc/7cf61ebde7b22796c69757901dd346d0fe70bd97/library/core/src/ptr/mod.rs
1583 2 1
fi=/rustc/7cf61ebde7b22796c69757901dd346d0fe70bd97/library/alloc/src/alloc.rs
98 3 1 1
cfi=???
cfn=__rust_alloc
calls=1 0 
98 181 33 16 0 0 1 0 0 1
fi=/rustc/7cf61ebde7b22796c69757901dd346d0fe70bd97/library/alloc/src/raw_vec.rs
202 2
fi=/rustc/7cf61ebde7b22796c69757901dd346d0fe70bd97/library/alloc/src/vec/mod.rs
672 8 0 4 1 0 0 1
1994 1172982 390994
1998 781988 0 390994 1 0 0 1
fi=/rustc/7cf61ebde7b22796c69757901dd346d0fe70bd97/library/alloc/src/raw_vec.rs
239 390994 390994
fi=/rustc/7cf61ebde7b22796c69757901dd346d0fe70bd97/library/core/src/ptr/const_ptr.rs
944 390994
fi=/rustc/7cf61ebde7b22796c69757901dd346d0fe70bd97/library/core/src/ptr/mod.rs
1215 1172982 781988 390994
fe=/tmp/benchuj3n5lo1/src/solver.rs
79 2736958 0 390994
cfn=<libsolver::solver::IterativeDFS as libsolver::solver::Solver>::try_solve::all_affecting
calls=390994 50 
79 2658276382 361971984 229997679 66 3 5 66 0 4
0 390994 0 390994 1 0 0 1
fi=/rust/deps/hashbrown-0.14.3/src/set.rs
865 1172982 0 390994
cfi=/rust/deps/hashbrown-0.14.3/src/map.rs
cfn=hashbrown::map::HashMap<K,V,S,A>::contains_key
calls=390994 1355 
865 40464970 3483565 0 7 0 0 7
fi=/rustc/7cf61ebde7b22796c69757901dd346d0fe70bd97/library/core/src/iter/traits/iterator.rs
2462 781988
0 352837 0 352837
fi=/rust/deps/hashbrown-0.14.3/src/set.rs
865 1058511 0 352837
cfi=/rust/deps/hashbrown-0.14.3/src/map.rs
cfn=hashbrown::map::HashMap<K,V,S,A>::contains_key
calls=352837 1355 
865 36466799 3134664
fi=/rustc/7cf61ebde7b22796c69757901dd346d0fe70bd97/library/core/src/iter/traits/iterator.rs
2462 705674
0 308575 0 308575
fi=/rust/deps/hashbrown-0.14.3/src/set.rs
865 925725 0 308575
cfi=/rust/deps/hashbrown-0.14.3/src/map.rs
cfn=hashbrown::map::HashMap<K,V,S,A>::contains_key
calls=308575 1355 
865 31949124 2751509
fi=/rustc/7cf61ebde7b22796c69757901dd346d0fe70bd97/library/core/src/iter/traits/iterator.rs
2462 617150 0 0 1 0 0 1
0 280645 0 280645
fi=/rust/deps/hashbrown-0.14.3/src/set.rs
865 841935 0 280645
cfi=/rust/deps/hashbrown-0.14.3/src/map.rs
cfn=hashbrown::map::HashMap<K,V,S,A>::contains_key
calls=280645 1355 
865 29034217 2498002
fi=/rustc/7cf61ebde7b22796c69757901dd346d0fe70bd97/library/core/src/iter/traits/iterator.rs
2462 561290
0 250051 0 250051
fi=/rust/deps/hashbrown-0.14.3/src/set.rs
865 750153 0 250051
cfi=/rust/deps/hashbrown-0.14.3/src/map.rs
cfn=hashbrown::map::HashMap<K,V,S,A>::contains_key
calls=250051 1355 
865 25881580 2227895
fi=/rustc/7cf61ebde7b22796c69757901dd346d0fe70bd97/library/core/src/iter/traits/iterator.rs
2462 500102
0 225155 0 225155
fi=/rust/deps/hashbrown-0.14.3/src/set.rs
865 675465 0 225155 1 0 0 1
cfi=/rust/deps/hashbrown-0.14.3/src/map.rs
cfn=hashbrown::map::HashMap<K,V,S,A>::contains_key
calls=225155 1355 
865 23158708 1980588
fi=/rustc/7cf61ebde7b22796c69757901dd346d0fe70bd97/library/core/src/iter/traits/iterator.rs
2462 450310
0 175862 0 175862
fi=/rust/deps/hashbrown-0.14.3/src/set.rs
865 527586 0 175862
cfi=/rust/deps/hashbrown-0.14.3/src/map.rs
cfn=hashbrown::map::HashMap<K,V,S,A>::contains_key
calls=175862 1355 
865 18090255 1547225
fi=/rustc/7cf61ebde7b22796c69757901dd346d0fe70bd97/library/core/src/iter/traits/iterator.rs
2462 351724
0 137568 0 137568
fi=/rust/deps/hashbrown-0.14.3/src/set.rs
865 412704 0 137568
cfi=/rust/deps/hashbrown-0.14.3/src/map.rs
cfn=hashbrown::map::HashMap<K,V,S,A>::contains_key
calls=137568 1355 
865 14292374 1235214
fi=/rustc/7cf61ebde7b22796c69757901dd346d0fe70bd97/library/core/src/iter/traits/iterator.rs
2462 275136
0 134132 0 134132
fi=/rust/deps/hashbrown-0.14.3/src/set.rs
865 402396 0 134132 1 0 0 1
cfi=/rust/deps/hashbrown-0.14.3/src/map.rs
cfn=hashbrown::map::HashMap<K,V,S,A>::contains_key
calls=134132 1355 
865 13898116 1197756
fi=/rustc/7cf61ebde7b22796c69757901dd346d0fe70bd97/library/core/src/iter/traits/iterator.rs
2462 268264
fe=/tmp/benchuj3n5lo1/src/solver.rs
433 865928
90 123704 0 123704
fi=/rustc/7cf61ebde7b22796c69757901dd346d0fe70bd97/library/alloc/src/vec/mod.rs
1921 371112 247408
0 267290 267290 0 1 0 0 1
1921 801870 534580
fi=/rustc/7cf61ebde7b22796c69757901dd346d0fe70bd97/library/alloc/src/raw_vec.rs
239 267290 267290
fi=/rustc/7cf61ebde7b22796c69757901dd346d0fe70bd97/library/core/src/ptr/mut_ptr.rs
1045 534580 267290
fi=/rustc/7cf61ebde7b22796c69757901dd346d0fe70bd97/library/core/src/ptr/mod.rs
1415 534580 0 534580 1 0 24 1 0 24
fi=/rustc/7cf61ebde7b22796c69757901dd346d0fe70bd97/library/alloc/src/vec/mod.rs
1927 267290 0 267290
fe=/tmp/benchuj3n5lo1/src/solver.rs
433 1871030
84 267290 0 267290
fi=/rust/deps/hashbrown-0.14.3/src/raw/mod.rs
3678 267290 267290
2431 534580 0 0 1 0 0 1
fi=/rustc/7cf61ebde7b22796c69757901dd346d0fe70bd97/library/core/src/num/mod.rs
1281 390994
fi=/rust/deps/hashbrown-0.14.3/src/raw/mod.rs
262 390994
263 390994
fi=/rustc/7cf61ebde7b22796c69757901dd346d0fe70bd97/library/alloc/src/alloc.rs
251 781988
fi=/rust/deps/hashbrown-0.14.3/src/raw/mod.rs
3678 390994 390994
fi=/rustc/7cf61ebde7b22796c69757901dd346d0fe70bd97/library/core/src/ptr/mut_ptr.rs
484 390994
fi=/rustc/7cf61ebde7b22796c69757901dd346d0fe70bd97/library/alloc/src/alloc.rs
117 781988 390994 390994
cfi=???
cfn=__rust_dealloc
calls=390994 0 
117 32061508 9383856 5082922
117 390994
fi=/rustc/7cf61ebde7b22796c69757901dd346d0fe70bd97/library/alloc/src/raw_vec.rs
239 390930 390930
fi=/rustc/7cf61ebde7b22796c69757901dd346d0fe70bd97/library/core/src/ptr/mut_ptr.rs
1045 781860 390930 0 1 0 0 1
fi=/rustc/7cf61ebde7b22796c69757901dd346d0fe70bd97/library/core/src/ptr/mod.rs
1415 390930 0 390930
fi=/rustc/7cf61ebde7b22796c69757901dd346d0fe70bd97/library/alloc/src/vec/mod.rs
1927 390930 0 390930
fi=/rust/deps/hashbrown-0.14.3/src/raw/mod.rs
3678 390930 390930
2431 781860
fi=/rustc/7cf61ebde7b22796c69757901dd346d0fe70bd97/library/core/src/num/mod.rs
1281 390930
fi=/rust/deps/hashbrown-0.14.3/src/raw/mod.rs
262 390930
263 390930
fi=/rustc/7cf61ebde7b22796c69757901dd346d0fe70bd97/library/alloc/src/alloc.rs
251 781860
fi=/rust/deps/hashbrown-0.14.3/src/raw/mod.rs
3678 390930 390930
fi=/rustc/7cf61ebde7b22796c69757901dd346d0fe70bd97/library/core/src/ptr/mut_ptr.rs
484 390930
fi=/rustc/7cf61ebde7b22796c69757901dd346d0fe70bd97/library/alloc/src/alloc.rs
117 781860 390930 390930 1 0 0 1
cfi=???
cfn=__rust_dealloc
calls=390930 0 
117 32056260 9382320 5082090
fi=/rustc/7cf61ebde7b22796c69757901dd346d0fe70bd97/library/alloc/src/vec/mod.rs
1994 1172790 390930
1998 781860 0 390930
fi=/rustc/7cf61ebde7b22796c69757901dd346d0fe70bd97/library/alloc/src/raw_vec.rs
239 390930 390930
fi=/rustc/7cf61ebde7b22796c69757901dd346d0fe70bd97/library/core/src/ptr/const_ptr.rs
944 390930
fi=/rustc/7cf61ebde7b22796c69757901dd346d0fe70bd97/library/core/src/ptr/mod.rs
1215 781860 390930 390930
fe=/tmp/benchuj3n5lo1/src/solver.rs
432 781860
433 781860 0 0 1 0 0 1
0 390930 390930
433 781860
0 390930 390930
433 781860
101 390930 0 390930
103 1563720 0 390930
cfn=<libsolver::solver::IterativeDFS as libsolver::solver::Solver>::try_solve::all_affecting
calls=390930 50 
103 2500025729 344047126 218922329
0 781860
129 3060218 0 0 1 0 0 1
0 2525766 0 1262883
fi=/rust/deps/hashbrown-0.14.3/src/set.rs
865 3788649 0 1262883
cfi=/rust/deps/hashbrown-0.14.3/src/map.rs
cfn=hashbrown::map::HashMap<K,V,S,A>::contains_key
calls=1262883 1355 
865 130698203 11251388
fi=/rustc/7cf61ebde7b22796c69757901dd346d0fe70bd97/library/core/src/iter/traits/iterator.rs
2462 2649470
fe=/tmp/benchuj3n5lo1/src/solver.rs
112 267226 0 267226
fi=/rustc/7cf61ebde7b22796c69757901dd346d0fe70bd97/library/alloc/src/vec/mod.rs
1921 801678 534452
fe=/tmp/benchuj3n5lo1/src/solver.rs
0 123704 123704 0 1 0 0 1
fi=/rustc/7cf61ebde7b22796c69757901dd346d0fe70bd97/library/alloc/src/vec/mod.rs
1921 371112 247408
fi=/rustc/7cf61ebde7b22796c69757901dd346d0fe70bd97/library/alloc/src/raw_vec.rs
239 123704 123704
fi=/rustc/7cf61ebde7b22796c69757901dd346d0fe70bd97/library/core/src/ptr/mut_ptr.rs
1045 247408 123704
fi=/rustc/7cf61ebde7b22796c69757901dd346d0fe70bd97/library/core/src/ptr/mod.rs
1415 247408 0 247408
fi=/rustc/7cf61ebde7b22796c69757901dd346d0fe70bd97/library/alloc/src/vec/mod.rs
1927 123704 0 123704
fe=/tmp/benchuj3n5lo1/src/solver.rs
108 123704 0 123704
fi=/rust/deps/hashbrown-0.14.3/src/raw/mod.rs
3678 123704 123704 0 1 0 0 1
2431 247408
fe=/tmp/benchuj3n5lo1/src/solver.rs
95 13 6 6 2 0 0 2
363 1 1 1
cfi=/rustc/7cf61ebde7b22796c69757901dd346d0fe70bd97/library/core/src/ops/function.rs
cfn=libsolver::solver::Sudoku::filled
calls=1 294 
363 22 7 0 2 0 0 2
363 4
0 1
363 1 1 1
cfn=libsolver::solver::Sudoku::valid
calls=1 358 
363 21478 4029 2210 28 0 0 28
fi=/rustc/7cf61ebde7b22796c69757901dd346d0fe70bd97/library/core/src/bool.rs
34 1
fe=/tmp/benchuj3n5lo1/src/solver.rs
234 18 6 6 2 0 1 2
fi=/rustc/7cf61ebde7b22796c69757901dd346d0fe70bd97/library/core/src/ptr/mod.rs
1215 1 1
fi=/rustc/7cf61ebde7b22796c69757901dd346d0fe70bd97/library/core/src/option.rs
1201 1
fi=/rustc/7cf61ebde7b22796c69757901dd346d0fe70bd97/library/core/src/result.rs
1028 1
fi=/rustc/7cf61ebde7b22796c69757901dd346d0fe70bd97/library/core/src/ptr/mod.rs
1215 8 8
fi=/rustc/7cf61ebde7b22796c69757901dd346d0fe70bd97/library/core/src/option.rs
1201 8
fi=/rustc/7cf61ebde7b22796c69757901dd346d0fe70bd97/library/core/src/result.rs
1028 8
fi=/rustc/7cf61ebde7b22796c69757901dd346d0fe70bd97/library/core/src/iter/adapters/map.rs
0 9 9
fi=/rustc/7cf61ebde7b22796c69757901dd346d0fe70bd97/library/core/src/option.rs
1201 9
fi=/rustc/7cf61ebde7b22796c69757901dd346d0fe70bd97/library/core/src/result.rs
1028 9
fi=/rustc/7cf61ebde7b22796c69757901dd346d0fe70bd97/library/core/src/iter/adapters/map.rs
0 9 9 0 1 0 0 1
fi=/rustc/7cf61ebde7b22796c69757901dd346d0fe70bd97/library/core/src/option.rs
1201 9
fi=/rustc/7cf61ebde7b22796c69757901dd346d0fe70bd97/library/core/src/result.rs
1028 9
fi=/rustc/7cf61ebde7b22796c69757901dd346d0fe70bd97/library/core/src/iter/adapters/map.rs
0 9 9
fi=/rustc/7cf61ebde7b22796c69757901dd346d0fe70bd97/library/core/src/option.rs
1201 9
fi=/rustc/7cf61ebde7b22796c69757901dd346d0fe70bd97/library/core/src/result.rs
1028 9
fi=/rustc/7cf61ebde7b22796c69757901dd346d0fe70bd97/library/core/src/iter/adapters/map.rs
0 9 9
fi=/rustc/7cf61ebde7b22796c69757901dd346d0fe70bd97/library/core/src/option.rs
1201 9
fi=/rustc/7cf61ebde7b22796c69757901dd346d0fe70bd97/library/core/src/result.rs
1028 9
fi=/rustc/7cf61ebde7b22796c69757901dd346d0fe70bd97/library/core/src/iter/adapters/map.rs
0 9 9
fi=/rustc/7cf61ebde7b22796c69757901dd346d0fe70bd97/library/core/src/option.rs
1201 9
fi=/rustc/7cf61ebde7b22796c69757901dd346d0fe70bd97/library/core/src/result.rs
1028 9
fi=/rustc/7cf61ebde7b22796c69757901dd346d0fe70bd97/library/core/src/iter/adapters/map.rs
0 9 9
fi=/rustc/7cf61ebde7b22796c69757901dd346d0fe70bd97/library/core/src/option.rs
1201 9
fi=/rustc/7cf61ebde7b22796c69757901dd346d0fe70bd97/library/core/src/result.rs
1028 9 0 0 1 0 0 1
fi=/rustc/7cf61ebde7b22796c69757901dd346d0fe70bd97/library/core/src/iter/adapters/map.rs
0 9 9
fi=/rustc/7cf61ebde7b22796c69757901dd346d0fe70bd97/library/core/src/option.rs
1201 9
fi=/rustc/7cf61ebde7b22796c69757901dd346d0fe70bd97/library/core/src/result.rs
1028 9
fi=/rustc/7cf61ebde7b22796c69757901dd346d0fe70bd97/library/core/src/iter/adapters/map.rs
0 9 9
fi=/rustc/7cf61ebde7b22796c69757901dd346d0fe70bd97/library/core/src/option.rs
1201 9
fi=/rustc/7cf61ebde7b22796c69757901dd346d0fe70bd97/library/core/src/result.rs
1028 9
fi=/rustc/7cf61ebde7b22796c69757901dd346d0fe70bd97/library/core/src/mem/maybe_uninit.rs
494 81 0 81 1 0 0 1
fi=/rustc/7cf61ebde7b22796c69757901dd346d0fe70bd97/library/core/src/array/mod.rs
816 36 9 0 1 0 0 1
108 13 6 5 1 0 0 1
fi=/rustc/7cf61ebde7b22796c69757901dd346d0fe70bd97/library/core/src/bool.rs
34 2
fi=/rustc/7cf61ebde7b22796c69757901dd346d0fe70bd97/library/core/src/option.rs
1202 10 5 5 1 0 0 1
fe=/tmp/benchuj3n5lo1/src/solver.rs
94 2 0 1
0 1 0 1
fi=/rustc/7cf61ebde7b22796c69757901dd346d0fe70bd97/library/alloc/src/raw_vec.rs
530 1 1
256 2
530 1 1
fi=/rustc/7cf61ebde7b22796c69757901dd346d0fe70bd97/library/core/src/num/mod.rs
1281 2 0 0 1 0 0 1
fi=/rustc/7cf61ebde7b22796c69757901dd346d0fe70bd97/library/alloc/src/alloc.rs
117 2 1 1
cfi=???
cfn=__rust_dealloc
calls=1 0 
117 155 41 25 8 0 0 8
fi=/rustc/7cf61ebde7b22796c69757901dd346d0fe70bd97/library/alloc/src/raw_vec.rs
530 1 1
256 2
530 1 1
fi=/rustc/7cf61ebde7b22796c69757901dd346d0fe70bd97/library/core/src/num/mod.rs
1281 1
fi=/rustc/7cf61ebde7b22796c69757901dd346d0fe70bd97/library/alloc/src/alloc.rs
117 2 1 1
cfi=???
cfn=__rust_dealloc
calls=1 0 
117 82 24 13
fe=/tmp/benchuj3n5lo1/src/solver.rs
119 9 7

fl=/rustc/7cf61ebde7b22796c69757901dd346d0fe70bd97/library/std/src/rt.rs
fn=std::rt::lang_start_internal
fi=/rustc/7cf61ebde7b22796c69757901dd346d0fe70bd97/library/core/src/ops/function.rs
cfn=std::rt::lang_start::{{closure}}
calls=1 166 
284 5649082023 765481335 472380948 169 4 54 169 0 47
fe=/rustc/7cf61ebde7b22796c69757901dd346d0fe70bd97/library/std/src/rt.rs

fn=std::rt::lang_start::{{closure}}
cfi=/rustc/7cf61ebde7b22796c69757901dd346d0fe70bd97/library/std/src/sys_common/backtrace.rs
cfn=std::sys_common::backtrace::__rust_begin_short_backtrace
calls=1 151 
166 5649082023 765481335 472380948 169 4 54 169 0 47

fl=/rustc/7cf61ebde7b22796c69757901dd346d0fe70bd97/library/core/src/iter/adapters/flatten.rs
fn=<core::iter::adapters::map::Map<I,F> as core::iter::traits::iterator::Iterator>::try_fold
510 195 65 0 1 0 0 1
0 64 64
fi=/rustc/7cf61ebde7b22796c69757901dd346d0fe70bd97/library/core/src/ptr/non_null.rs
1796 64
fi=/rustc/7cf61ebde7b22796c69757901dd346d0fe70bd97/library/core/src/slice/iter/macros.rs
162 64
0 56 56
fi=/rustc/7cf61ebde7b22796c69757901dd346d0fe70bd97/library/core/src/ops/control_flow.rs
111 280
fi=/rustc/7cf61ebde7b22796c69757901dd346d0fe70bd97/library/core/src/option.rs
606 56 56
fi=/rustc/7cf61ebde7b22796c69757901dd346d0fe70bd97/library/core/src/ops/control_flow.rs
111 56
fi=/rustc/7cf61ebde7b22796c69757901dd346d0fe70bd97/library/core/src/option.rs
606 14 14
fi=/rustc/7cf61ebde7b22796c69757901dd346d0fe70bd97/library/core/src/ops/control_flow.rs
111 14
fi=/rustc/7cf61ebde7b22796c69757901dd346d0fe70bd97/library/core/src/slice/iter/macros.rs
0 15
fi=/rustc/7cf61ebde7b22796c69757901dd346d0fe70bd97/library/core/src/ptr/non_null.rs
1796 15
fi=/rustc/7cf61ebde7b22796c69757901dd346d0fe70bd97/library/core/src/iter/adapters/enumerate.rs
87 15
fi=/rustc/7cf61ebde7b22796c69757901dd346d0fe70bd97/library/core/src/ptr/non_null.rs
1796 15
fi=/rustc/7cf61ebde7b22796c69757901dd346d0fe70bd97/library/core/src/slice/iter/macros.rs
162 15
fi=/rustc/7cf61ebde7b22796c69757901dd346d0fe70bd97/library/core/src/iter/adapters/enumerate.rs
0 1 0 1
fi=/rustc/7cf61ebde7b22796c69757901dd346d0fe70bd97/library/core/src/iter/adapters/fuse.rs
374 30 10 0 2 0 0 2
0 10 10
fi=/rustc/7cf61ebde7b22796c69757901dd346d0fe70bd97/library/core/src/ptr/non_null.rs
1796 10
fi=/rustc/7cf61ebde7b22796c69757901dd346d0fe70bd97/library/core/src/slice/iter/macros.rs
162 10
0 9 9
162 27
fi=/rustc/7cf61ebde7b22796c69757901dd346d0fe70bd97/library/core/src/option.rs
606 9 9
fi=/rustc/7cf61ebde7b22796c69757901dd346d0fe70bd97/library/core/src/ops/control_flow.rs
111 9
fi=/rustc/7cf61ebde7b22796c69757901dd346d0fe70bd97/library/core/src/option.rs
606 2 2
fi=/rustc/7cf61ebde7b22796c69757901dd346d0fe70bd97/library/core/src/ops/control_flow.rs
111 2
fe=/rustc/7cf61ebde7b22796c69757901dd346d0fe70bd97/library/core/src/iter/adapters/flatten.rs
516 1 0 1 1 0 0 1
518 3 1
521 2 0 1
0 1 0 1
fi=/rustc/7cf61ebde7b22796c69757901dd346d0fe70bd97/library/core/src/iter/adapters/map.rs
123 2 1
fi=/rustc/7cf61ebde7b22796c69757901dd346d0fe70bd97/library/core/src/slice/iter/macros.rs
109 165 0 55 2 0 0 2
fi=/rustc/7cf61ebde7b22796c69757901dd346d0fe70bd97/library/core/src/iter/adapters/enumerate.rs
0 385 0 55
fi=/tmp/benchuj3n5lo1/src/solver.rs
375 605
fi=/rustc/7cf61ebde7b22796c69757901dd346d0fe70bd97/library/core/src/ops/control_flow.rs
123 55 0 55
fe=/rustc/7cf61ebde7b22796c69757901dd346d0fe70bd97/library/core/src/iter/adapters/flatten.rs
0 55 0 55
fi=/rustc/7cf61ebde7b22796c69757901dd346d0fe70bd97/library/core/src/iter/adapters/map.rs
123 159 55 0 1 0 0 1
fi=/rustc/7cf61ebde7b22796c69757901dd346d0fe70bd97/library/core/src/ops/control_flow.rs
0 4
123 10 0 0 1 0 0 1
fi=/rustc/7cf61ebde7b22796c69757901dd346d0fe70bd97/library/core/src/slice/iter/macros.rs
109 27 0 9 1 0 0 1
fi=/rustc/7cf61ebde7b22796c69757901dd346d0fe70bd97/library/core/src/option.rs
1568 9 0 9
fi=/rustc/7cf61ebde7b22796c69757901dd346d0fe70bd97/library/core/src/slice/iter/macros.rs
109 9 0 9
fi=/rustc/7cf61ebde7b22796c69757901dd346d0fe70bd97/library/core/src/iter/adapters/enumerate.rs
0 90 0 9 1 0 0 1
fi=/rustc/7cf61ebde7b22796c69757901dd346d0fe70bd97/library/core/src/ops/control_flow.rs
123 18 0 9
fe=/rustc/7cf61ebde7b22796c69757901dd346d0fe70bd97/library/core/src/iter/adapters/flatten.rs
0 9 0 9
fi=/rustc/7cf61ebde7b22796c69757901dd346d0fe70bd97/library/core/src/iter/adapters/map.rs
123 18 9
fe=/rustc/7cf61ebde7b22796c69757901dd346d0fe70bd97/library/core/src/iter/adapters/flatten.rs

fl=/rustc/7cf61ebde7b22796c69757901dd346d0fe70bd97/library/std/src/sys/pal/common/thread_local/fast_local.rs
fn=std::sys::pal::common::thread_local::fast_local::Key<T>::try_initialize
188 2 0 1 1 0 0 1
94 2
fi=/rustc/7cf61ebde7b22796c69757901dd346d0fe70bd97/library/std/src/hash/random.rs
68 1 1 1
cfi=/rustc/7cf61ebde7b22796c69757901dd346d0fe70bd97/library/std/src/sys/pal/unix/rand.rs
cfn=std::sys::pal::unix::rand::hashmap_random_keys
calls=1 1 
68 55 16 8 7 1 1 7
fi=/rustc/7cf61ebde7b22796c69757901dd346d0fe70bd97/library/core/src/ptr/mod.rs
1415 4 0 3 1 0 0 1
fe=/rustc/7cf61ebde7b22796c69757901dd346d0fe70bd97/library/std/src/sys/pal/common/thread_local/fast_local.rs
196 3 2

fl=/rustc/7cf61ebde7b22796c69757901dd346d0fe70bd97/library/std/src/sys_common/backtrace.rs
fn=std::sys_common::backtrace::__rust_begin_short_backtrace
fi=/rustc/7cf61ebde7b22796c69757901dd346d0fe70bd97/library/core/src/ops/function.rs
cfi=/home/jalil/.local/share/cargo/registry/src/index.crates.io-6f17d22bba15001f/iai-callgrind-0.10.2/src/macros.rs
cfn=dfs_iai::main
calls=1 346 
250 5649082023 765481335 472380948 169 4 54 169 0 47
fe=/rustc/7cf61ebde7b22796c69757901dd346d0fe70bd97/library/std/src/sys_common/backtrace.rs

fl=/rust/deps/hashbrown-0.14.3/src/raw/mod.rs
fn=<hashbrown::raw::RawTable<T,A> as core::iter::traits::collect::IntoIterator>::into_iter
3706 1563848 0 0 1 0 0 1
2600 1563848 1563848
2807 1563848 1563848
fi=/rustc/7cf61ebde7b22796c69757901dd346d0fe70bd97/library/core/src/../../stdarch/crates/core_arch/src/x86/sse2.rs
1227 1563848 1563848
fe=/rust/deps/hashbrown-0.14.3/src/raw/mod.rs
2329 1563848 1563848
1668 3127696
2807 1563812
fi=/rustc/7cf61ebde7b22796c69757901dd346d0fe70bd97/library/core/src/num/mod.rs
1281 3127624
fe=/rust/deps/hashbrown-0.14.3/src/raw/mod.rs
262 3127624
263 1563812
fi=/rustc/7cf61ebde7b22796c69757901dd346d0fe70bd97/library/core/src/num/mod.rs
1281 1563812
fe=/rust/deps/hashbrown-0.14.3/src/raw/mod.rs
263 1563812 0 0 1 0 0 1
0 1563812
267 3127624
fi=/rustc/7cf61ebde7b22796c69757901dd346d0fe70bd97/library/core/src/ptr/mut_ptr.rs
484 4691436
0 72
fi=/rustc/7cf61ebde7b22796c69757901dd346d0fe70bd97/library/core/src/ptr/const_ptr.rs
944 36
fi=/rustc/7cf61ebde7b22796c69757901dd346d0fe70bd97/library/core/src/../../stdarch/crates/core_arch/src/x86/sse2.rs
1428 36
fi=/rust/deps/hashbrown-0.14.3/src/raw/bitmask.rs
31 36
fi=/rustc/7cf61ebde7b22796c69757901dd346d0fe70bd97/library/core/src/ptr/const_ptr.rs
944 36
fe=/rust/deps/hashbrown-0.14.3/src/raw/mod.rs
1657 288 0 288
3711 36 36
fi=/rustc/7cf61ebde7b22796c69757901dd346d0fe70bd97/library/core/src/ptr/const_ptr.rs
944 1563812
fi=/rustc/7cf61ebde7b22796c69757901dd346d0fe70bd97/library/core/src/../../stdarch/crates/core_arch/src/x86/sse2.rs
1428 1563812
fi=/rust/deps/hashbrown-0.14.3/src/raw/bitmask.rs
31 1563812
fi=/rustc/7cf61ebde7b22796c69757901dd346d0fe70bd97/library/core/src/ptr/const_ptr.rs
944 1563812
fe=/rust/deps/hashbrown-0.14.3/src/raw/mod.rs
1657 12510496 0 12510496
3711 1563812 1563812
0 3127624 0 0 1 0 0 1

fn=hashbrown::raw::RawTable<T,A>::reserve_rehash
1219 35922054 0 30790332 1 0 0 1
2925 5131722 5131722
fi=/rustc/7cf61ebde7b22796c69757901dd346d0fe70bd97/library/core/src/num/mod.rs
1281 5131722
fe=/rust/deps/hashbrown-0.14.3/src/raw/mod.rs
2925 5131722
0 5131722
2929 5131722 5131722
223 41053776 0 0 1 0 0 1
2930 20526888
2957 5131722
fi=/rustc/7cf61ebde7b22796c69757901dd346d0fe70bd97/library/core/src/cmp.rs
0 10263444
fe=/rust/deps/hashbrown-0.14.3/src/raw/mod.rs
200 10263444
204 21760810
0 779560 0 0 1 0 0 1
fi=/rustc/7cf61ebde7b22796c69757901dd346d0fe70bd97/library/core/src/num/mod.rs
1281 1559120
fe=/rust/deps/hashbrown-0.14.3/src/raw/mod.rs
211 779560
0 1559120 0 0 1 0 0 1
fi=/rustc/7cf61ebde7b22796c69757901dd346d0fe70bd97/library/core/src/num/mod.rs
1281 1559120
0 779560
fe=/rust/deps/hashbrown-0.14.3/src/raw/mod.rs
211 4677360
fi=/rustc/7cf61ebde7b22796c69757901dd346d0fe70bd97/library/core/src/num/mod.rs
1281 5456920 0 0 1 0 0 1
fe=/rust/deps/hashbrown-0.14.3/src/raw/mod.rs
1246 46185498 35922054 0 1 0 0 1
fi=/rustc/7cf61ebde7b22796c69757901dd346d0fe70bd97/library/core/src/num/mod.rs
1281 10263444 0 0 2 0 0 2
fe=/rust/deps/hashbrown-0.14.3/src/raw/mod.rs
262 10263444
263 5131722
fi=/rustc/7cf61ebde7b22796c69757901dd346d0fe70bd97/library/core/src/num/mod.rs
1281 10263444
fe=/rust/deps/hashbrown-0.14.3/src/raw/mod.rs
263 5131722
0 10263444
263 10263444
fi=/rustc/7cf61ebde7b22796c69757901dd346d0fe70bd97/library/alloc/src/alloc.rs
177 25658610 0 15395166 1 0 0 1
fi=/rustc/7cf61ebde7b22796c69757901dd346d0fe70bd97/library/core/src/ptr/mod.rs
1583 10263444 5131722
fi=/rustc/7cf61ebde7b22796c69757901dd346d0fe70bd97/library/alloc/src/alloc.rs
98 25658610 5131722 10263444
cfi=???
cfn=__rust_alloc
calls=5131722 0 
98 256586850 61580784 30790382 0 0 4 0 0 4
98 15395166 5131722
fe=/rust/deps/hashbrown-0.14.3/src/raw/mod.rs
1752 10263444
1761 5131722 0 0 1 0 0 1
223 35922054 0 5131722
fi=/rustc/7cf61ebde7b22796c69757901dd346d0fe70bd97/library/core/src/ptr/mut_ptr.rs
1045 5131722
fi=/rustc/7cf61ebde7b22796c69757901dd346d0fe70bd97/library/core/src/intrinsics.rs
2939 20526888 5131722 5131722 1 1 0 1
cob=/nix/store/ddwyrxif62r8n6xclvskjyy6szdhvj60-glibc-2.39-5/lib/libc.so.6
cfi=???
cfn=__memset_avx2_unaligned_erms
calls=5131722 0 
2939 57228502 5131722 10263444
2939 5131722 5131722
fe=/rust/deps/hashbrown-0.14.3/src/raw/mod.rs
3070 5131722 5131722
4256 10263444 5131722
0 2785986
fi=/rustc/7cf61ebde7b22796c69757901dd346d0fe70bd97/library/core/src/../../stdarch/crates/core_arch/src/x86/sse2.rs
1227 2785986 2785986
1428 2785986
fi=/rust/deps/hashbrown-0.14.3/src/raw/bitmask.rs
31 66863664 8357958 13929930 2 0 0 2
fe=/rust/deps/hashbrown-0.14.3/src/raw/mod.rs
0 32709582
155 10903194
fi=/rustc/7cf61ebde7b22796c69757901dd346d0fe70bd97/library/core/src/num/mod.rs
1281 10903194
fe=/rust/deps/hashbrown-0.14.3/src/raw/mod.rs
2768 10903194
2771 10903194 0 10903194
2772 10903194 0 10903194
fi=/rustc/7cf61ebde7b22796c69757901dd346d0fe70bd97/library/core/src/ptr/mut_ptr.rs
1137 10903194
fi=/rustc/7cf61ebde7b22796c69757901dd346d0fe70bd97/library/core/src/intrinsics.rs
2774 32709582 10903194 10903194
fe=/rust/deps/hashbrown-0.14.3/src/raw/mod.rs
4256 21806388
fi=/rustc/7cf61ebde7b22796c69757901dd346d0fe70bd97/library/core/src/num/nonzero.rs
1524 10903194 0 0 1 0 0 1
fi=/rust/deps/hashbrown-0.14.3/src/raw/bitmask.rs
129 10903194
50 10903194 0 0 1 0 0 1
fe=/rust/deps/hashbrown-0.14.3/src/raw/mod.rs
4212 10903194
fi=/rustc/7cf61ebde7b22796c69757901dd346d0fe70bd97/library/core/src/hash/mod.rs
941 21806388 10903194
fi=/rustc/7cf61ebde7b22796c69757901dd346d0fe70bd97/library/core/src/hash/sip.rs
318 32709582 10903194
320 21806388 10903194
fi=/rustc/7cf61ebde7b22796c69757901dd346d0fe70bd97/library/core/src/num/mod.rs
1181 21806388
fi=/rustc/7cf61ebde7b22796c69757901dd346d0fe70bd97/library/core/src/hash/sip.rs
366 21806388 10903194
fi=/rustc/7cf61ebde7b22796c69757901dd346d0fe70bd97/library/core/src/num/mod.rs
1181 32709582 10903194 0 1 0 0 1
fi=/rustc/7cf61ebde7b22796c69757901dd346d0fe70bd97/library/core/src/hash/sip.rs
366 21806388 10903194
fi=/rustc/7cf61ebde7b22796c69757901dd346d0fe70bd97/library/core/src/num/mod.rs
1181 10903194
fi=/rustc/7cf61ebde7b22796c69757901dd346d0fe70bd97/library/core/src/hash/sip.rs
322 10903194
fi=/rustc/7cf61ebde7b22796c69757901dd346d0fe70bd97/library/core/src/num/mod.rs
1181 21806388
fi=/rustc/7cf61ebde7b22796c69757901dd346d0fe70bd97/library/core/src/hash/sip.rs
366 10903194
371 10903194
fi=/rustc/7cf61ebde7b22796c69757901dd346d0fe70bd97/library/core/src/num/mod.rs
1181 10903194
fi=/rustc/7cf61ebde7b22796c69757901dd346d0fe70bd97/library/core/src/hash/sip.rs
324 10903194
fi=/rustc/7cf61ebde7b22796c69757901dd346d0fe70bd97/library/core/src/num/mod.rs
1181 21806388
fi=/rustc/7cf61ebde7b22796c69757901dd346d0fe70bd97/library/core/src/hash/sip.rs
371 10903194
fi=/rustc/7cf61ebde7b22796c69757901dd346d0fe70bd97/library/core/src/num/mod.rs
1181 43612776 0 0 1 0 0 1
fi=/rustc/7cf61ebde7b22796c69757901dd346d0fe70bd97/library/core/src/hash/sip.rs
371 10903194
fi=/rustc/7cf61ebde7b22796c69757901dd346d0fe70bd97/library/core/src/num/mod.rs
1181 10903194
fi=/rustc/7cf61ebde7b22796c69757901dd346d0fe70bd97/library/core/src/hash/sip.rs
371 10903194
fi=/rustc/7cf61ebde7b22796c69757901dd346d0fe70bd97/library/core/src/num/mod.rs
1181 21806388
fi=/rustc/7cf61ebde7b22796c69757901dd346d0fe70bd97/library/core/src/hash/sip.rs
372 10903194
fi=/rustc/7cf61ebde7b22796c69757901dd346d0fe70bd97/library/core/src/num/mod.rs
1181 32709582
fi=/rustc/7cf61ebde7b22796c69757901dd346d0fe70bd97/library/core/src/hash/sip.rs
372 10903194
fi=/rustc/7cf61ebde7b22796c69757901dd346d0fe70bd97/library/core/src/num/mod.rs
1181 43612776
fi=/rustc/7cf61ebde7b22796c69757901dd346d0fe70bd97/library/core/src/hash/sip.rs
372 10903194
fi=/rustc/7cf61ebde7b22796c69757901dd346d0fe70bd97/library/core/src/num/mod.rs
1181 10903194
fi=/rustc/7cf61ebde7b22796c69757901dd346d0fe70bd97/library/core/src/hash/sip.rs
372 10903194
fi=/rustc/7cf61ebde7b22796c69757901dd346d0fe70bd97/library/core/src/num/mod.rs
1181 43612776 0 0 1 0 0 1
fi=/rustc/7cf61ebde7b22796c69757901dd346d0fe70bd97/library/core/src/hash/sip.rs
373 10903194
fi=/rustc/7cf61ebde7b22796c69757901dd346d0fe70bd97/library/core/src/num/mod.rs
1181 10903194
fi=/rustc/7cf61ebde7b22796c69757901dd346d0fe70bd97/library/core/src/hash/sip.rs
373 10903194
fi=/rustc/7cf61ebde7b22796c69757901dd346d0fe70bd97/library/core/src/num/mod.rs
1181 43612776
fi=/rustc/7cf61ebde7b22796c69757901dd346d0fe70bd97/library/core/src/hash/sip.rs
327 32709582
fe=/rust/deps/hashbrown-0.14.3/src/raw/mod.rs
2614 21806388
fi=/rustc/7cf61ebde7b22796c69757901dd346d0fe70bd97/library/core/src/intrinsics.rs
2774 10903194 10903194
fi=/rustc/7cf61ebde7b22796c69757901dd346d0fe70bd97/library/core/src/../../stdarch/crates/core_arch/src/x86/sse2.rs
1428 10903194
fi=/rustc/7cf61ebde7b22796c69757901dd346d0fe70bd97/library/core/src/num/nonzero.rs
1524 10903194
fe=/rust/deps/hashbrown-0.14.3/src/raw/mod.rs
2132 10903194 0 0 1 0 0 1
fi=/rust/deps/hashbrown-0.14.3/src/raw/bitmask.rs
50 10903194
fe=/rust/deps/hashbrown-0.14.3/src/raw/mod.rs
1909 21806388
116 10903194 10903194
1871 10903194
fi=/rustc/7cf61ebde7b22796c69757901dd346d0fe70bd97/library/core/src/../../stdarch/crates/core_arch/src/x86/sse2.rs
1227 15493 15493
1428 15493
fi=/rust/deps/hashbrown-0.14.3/src/raw/bitmask.rs
50 30986
0 5131722 5131722 0 1 0 0 1
fe=/rust/deps/hashbrown-0.14.3/src/raw/mod.rs
3110 10263444 10263444
fi=/rustc/7cf61ebde7b22796c69757901dd346d0fe70bd97/library/core/src/ptr/mod.rs
1415 15395166 0 15395166
fe=/rust/deps/hashbrown-0.14.3/src/raw/mod.rs
2878 10263444
0 2785986 2785986
fi=/rustc/7cf61ebde7b22796c69757901dd346d0fe70bd97/library/core/src/num/mod.rs
1281 2785986
fe=/rust/deps/hashbrown-0.14.3/src/raw/mod.rs
262 2785986 0 0 1 0 0 1
263 2785986
fi=/rustc/7cf61ebde7b22796c69757901dd346d0fe70bd97/library/alloc/src/alloc.rs
251 5571972
fi=/rustc/7cf61ebde7b22796c69757901dd346d0fe70bd97/library/core/src/ptr/mut_ptr.rs
484 2785986
fi=/rustc/7cf61ebde7b22796c69757901dd346d0fe70bd97/library/alloc/src/alloc.rs
117 8357958 2785986 2785986
cfi=???
cfn=__rust_dealloc
calls=2785986 0 
117 228450852 66863664 36217818
117 2785986
fe=/rust/deps/hashbrown-0.14.3/src/raw/mod.rs

fn=<hashbrown::raw::RawIntoIter<T,A> as core::iter::traits::iterator::Iterator>::next
4130 25645692 8548564 0 1 0 0 1
0 6984716 6984716
3830 6984716 6984716
fi=/rustc/7cf61ebde7b22796c69757901dd346d0fe70bd97/library/core/src/num/nonzero.rs
1524 6984716
fi=/rust/deps/hashbrown-0.14.3/src/raw/bitmask.rs
129 6984716
38 13969432
130 6984716 0 6984716
fe=/rust/deps/hashbrown-0.14.3/src/raw/mod.rs
4140 13969432 0 6984716
fi=/rustc/7cf61ebde7b22796c69757901dd346d0fe70bd97/library/core/src/option.rs
2480 6984716
fe=/rust/deps/hashbrown-0.14.3/src/raw/mod.rs
4345 6984716
fi=/rust/deps/hashbrown-0.14.3/src/raw/bitmask.rs
50 6984716
fi=/rustc/7cf61ebde7b22796c69757901dd346d0fe70bd97/library/core/src/ptr/mut_ptr.rs
484 6984716
fi=/rustc/7cf61ebde7b22796c69757901dd346d0fe70bd97/library/core/src/ptr/mod.rs
1215 6984716 6984716
fe=/rust/deps/hashbrown-0.14.3/src/raw/mod.rs
4346 6984716 6984716
0 1563848
4346 1563848 1563848

fl=/home/jalil/.local/share/cargo/registry/src/index.crates.io-6f17d22bba15001f/iai-callgrind-0.10.2/src/macros.rs
fn=dfs_iai::solve_sudoku_group::run
cfi=/tmp/benchuj3n5lo1/benches/dfs-iai.rs
cfn=dfs_iai::solve_sudoku::first
calls=1 7 
795 5649082023 765481335 472380948 169 4 54 169 0 47

fn=dfs_iai::main
cfn=dfs_iai::solve_sudoku_group::run
calls=1 794 
370 5649082023 765481335 472380948 169 4 54 169 0 47

fl=/rustc/7cf61ebde7b22796c69757901dd346d0fe70bd97/library/std/src/alloc.rs
fn=__rdl_alloc
389 5131751
fi=/rustc/7cf61ebde7b22796c69757901dd346d0fe70bd97/library/std/src/sys/pal/unix/alloc.rs
13 20527004
14 10263502 5131751
cob=/nix/store/ddwyrxif62r8n6xclvskjyy6szdhvj60-glibc-2.39-5/lib/libc.so.6
cfi=???
cfn=malloc
calls=5131760 0 
14 215534342 56449402 30790566 0 0 5 0 0 5
fe=/rustc/7cf61ebde7b22796c69757901dd346d0fe70bd97/library/std/src/alloc.rs

fn=__rdl_realloc
406 248 0 155 1 0 0 1
fi=/rustc/7cf61ebde7b22796c69757901dd346d0fe70bd97/library/std/src/sys/pal/unix/alloc.rs
47 124
48 248 155 0 0 1
cob=/nix/store/ddwyrxif62r8n6xclvskjyy6szdhvj60-glibc-2.39-5/lib/libc.so.6
cfi=???
cfn=realloc
calls=31 0 
48 1910 422 255 2 0 9 2 0 5
fe=/rustc/7cf61ebde7b22796c69757901dd346d0fe70bd97/library/std/src/alloc.rs

ob=/nix/store/ddwyrxif62r8n6xclvskjyy6szdhvj60-glibc-2.39-5/lib/ld-linux-x86-64.so.2
fl=???
fn=0x000000000001b7d0
cob=/tmp/benchuj3n5lo1/target/release/deps/dfs_iai-6ca19a207c52434a
cfi=???
cfn=(below main)
calls=1 0 
0 5649082023 765481335 472380948 169 4 54 169 0 47

ob=???
fl=???
fn=0x000000000488a6f0
0 2 1
cob=/nix/store/ddwyrxif62r8n6xclvskjyy6szdhvj60-glibc-2.39-5/lib/libc.so.6
cfi=???
cfn=__memcpy_avx_unaligned_erms
calls=50 0 
0 22 6 4 0 0 1 0 0 1

totals: 5649082023 765481335 472380948 169 4 54 169 0 47
